CRITICAL - 2025-08-29 02:40:47 --> Call to undefined function logged_in()
in APPPATH/Views/invoice/index.php on line 49.
 1 SYSTEMPATH/View/View.php(228): include()
 2 SYSTEMPATH/View/View.php(231): CodeIgniter\View\View->CodeIgniter\View\{closure}()
 3 SYSTEMPATH/Common.php(1190): CodeIgniter\View\View->render()
 4 APPPATH/Controllers/InvoiceController.php(32): view()
 5 SYSTEMPATH/CodeIgniter.php(942): App\Controllers\InvoiceController->index()
 6 SYSTEMPATH/CodeIgniter.php(502): CodeIgniter\CodeIgniter->runController()
 7 SYSTEMPATH/CodeIgniter.php(361): CodeIgniter\CodeIgniter->handleRequest()
 8 FCPATH/index.php(79): CodeIgniter\CodeIgniter->run()
CRITICAL - 2025-08-29 02:41:45 --> Call to undefined function logged_in()
in APPPATH/Views/invoice/index.php on line 49.
 1 SYSTEMPATH/View/View.php(228): include()
 2 SYSTEMPATH/View/View.php(231): CodeIgniter\View\View->CodeIgniter\View\{closure}()
 3 SYSTEMPATH/Common.php(1190): CodeIgniter\View\View->render()
 4 APPPATH/Controllers/InvoiceController.php(32): view()
 5 SYSTEMPATH/CodeIgniter.php(942): App\Controllers\InvoiceController->index()
 6 SYSTEMPATH/CodeIgniter.php(502): CodeIgniter\CodeIgniter->runController()
 7 SYSTEMPATH/CodeIgniter.php(361): CodeIgniter\CodeIgniter->handleRequest()
 8 FCPATH/index.php(79): CodeIgniter\CodeIgniter->run()
CRITICAL - 2025-08-29 02:41:54 --> Call to undefined function logged_in()
in APPPATH/Views/invoice/index.php on line 49.
 1 SYSTEMPATH/View/View.php(228): include()
 2 SYSTEMPATH/View/View.php(231): CodeIgniter\View\View->CodeIgniter\View\{closure}()
 3 SYSTEMPATH/Common.php(1190): CodeIgniter\View\View->render()
 4 APPPATH/Controllers/InvoiceController.php(32): view()
 5 SYSTEMPATH/CodeIgniter.php(942): App\Controllers\InvoiceController->index()
 6 SYSTEMPATH/CodeIgniter.php(502): CodeIgniter\CodeIgniter->runController()
 7 SYSTEMPATH/CodeIgniter.php(361): CodeIgniter\CodeIgniter->handleRequest()
 8 FCPATH/index.php(79): CodeIgniter\CodeIgniter->run()
CRITICAL - 2025-08-29 02:42:03 --> Call to undefined function logged_in()
in APPPATH/Views/invoice/index.php on line 49.
 1 SYSTEMPATH/View/View.php(228): include()
 2 SYSTEMPATH/View/View.php(231): CodeIgniter\View\View->CodeIgniter\View\{closure}()
 3 SYSTEMPATH/Common.php(1190): CodeIgniter\View\View->render()
 4 APPPATH/Controllers/InvoiceController.php(32): view()
 5 SYSTEMPATH/CodeIgniter.php(942): App\Controllers\InvoiceController->index()
 6 SYSTEMPATH/CodeIgniter.php(502): CodeIgniter\CodeIgniter->runController()
 7 SYSTEMPATH/CodeIgniter.php(361): CodeIgniter\CodeIgniter->handleRequest()
 8 FCPATH/index.php(79): CodeIgniter\CodeIgniter->run()
CRITICAL - 2025-08-29 02:42:13 --> Call to undefined function logged_in()
in APPPATH/Views/invoice/index.php on line 49.
 1 SYSTEMPATH/View/View.php(228): include()
 2 SYSTEMPATH/View/View.php(231): CodeIgniter\View\View->CodeIgniter\View\{closure}()
 3 SYSTEMPATH/Common.php(1190): CodeIgniter\View\View->render()
 4 APPPATH/Controllers/InvoiceController.php(32): view()
 5 SYSTEMPATH/CodeIgniter.php(942): App\Controllers\InvoiceController->index()
 6 SYSTEMPATH/CodeIgniter.php(502): CodeIgniter\CodeIgniter->runController()
 7 SYSTEMPATH/CodeIgniter.php(361): CodeIgniter\CodeIgniter->handleRequest()
 8 FCPATH/index.php(79): CodeIgniter\CodeIgniter->run()
CRITICAL - 2025-08-29 02:42:17 --> Call to undefined function logged_in()
in APPPATH/Views/invoice/index.php on line 49.
 1 SYSTEMPATH/View/View.php(228): include()
 2 SYSTEMPATH/View/View.php(231): CodeIgniter\View\View->CodeIgniter\View\{closure}()
 3 SYSTEMPATH/Common.php(1190): CodeIgniter\View\View->render()
 4 APPPATH/Controllers/InvoiceController.php(32): view()
 5 SYSTEMPATH/CodeIgniter.php(942): App\Controllers\InvoiceController->index()
 6 SYSTEMPATH/CodeIgniter.php(502): CodeIgniter\CodeIgniter->runController()
 7 SYSTEMPATH/CodeIgniter.php(361): CodeIgniter\CodeIgniter->handleRequest()
 8 FCPATH/index.php(79): CodeIgniter\CodeIgniter->run()
CRITICAL - 2025-08-29 02:43:00 --> Call to undefined function logged_in()
in APPPATH/Views/invoice/view.php on line 24.
 1 SYSTEMPATH/View/View.php(228): include()
 2 SYSTEMPATH/View/View.php(231): CodeIgniter\View\View->CodeIgniter\View\{closure}()
 3 SYSTEMPATH/Common.php(1190): CodeIgniter\View\View->render()
 4 APPPATH/Controllers/InvoiceController.php(183): view()
 5 SYSTEMPATH/CodeIgniter.php(942): App\Controllers\InvoiceController->view()
 6 SYSTEMPATH/CodeIgniter.php(502): CodeIgniter\CodeIgniter->runController()
 7 SYSTEMPATH/CodeIgniter.php(361): CodeIgniter\CodeIgniter->handleRequest()
 8 FCPATH/index.php(79): CodeIgniter\CodeIgniter->run()
CRITICAL - 2025-08-29 02:44:43 --> Call to undefined function logged_in()
in APPPATH/Views/invoice/view.php on line 24.
 1 SYSTEMPATH/View/View.php(228): include()
 2 SYSTEMPATH/View/View.php(231): CodeIgniter\View\View->CodeIgniter\View\{closure}()
 3 SYSTEMPATH/Common.php(1190): CodeIgniter\View\View->render()
 4 APPPATH/Controllers/InvoiceController.php(183): view()
 5 SYSTEMPATH/CodeIgniter.php(942): App\Controllers\InvoiceController->view()
 6 SYSTEMPATH/CodeIgniter.php(502): CodeIgniter\CodeIgniter->runController()
 7 SYSTEMPATH/CodeIgniter.php(361): CodeIgniter\CodeIgniter->handleRequest()
 8 FCPATH/index.php(79): CodeIgniter\CodeIgniter->run()
CRITICAL - 2025-08-29 02:46:29 --> Call to undefined function logged_in()
in APPPATH/Views/invoice/view.php on line 24.
 1 SYSTEMPATH/View/View.php(228): include()
 2 SYSTEMPATH/View/View.php(231): CodeIgniter\View\View->CodeIgniter\View\{closure}()
 3 SYSTEMPATH/Common.php(1190): CodeIgniter\View\View->render()
 4 APPPATH/Controllers/InvoiceController.php(183): view()
 5 SYSTEMPATH/CodeIgniter.php(942): App\Controllers\InvoiceController->view()
 6 SYSTEMPATH/CodeIgniter.php(502): CodeIgniter\CodeIgniter->runController()
 7 SYSTEMPATH/CodeIgniter.php(361): CodeIgniter\CodeIgniter->handleRequest()
 8 FCPATH/index.php(79): CodeIgniter\CodeIgniter->run()
CRITICAL - 2025-08-29 02:46:32 --> Call to undefined function logged_in()
in APPPATH/Views/invoice/view.php on line 24.
 1 SYSTEMPATH/View/View.php(228): include()
 2 SYSTEMPATH/View/View.php(231): CodeIgniter\View\View->CodeIgniter\View\{closure}()
 3 SYSTEMPATH/Common.php(1190): CodeIgniter\View\View->render()
 4 APPPATH/Controllers/InvoiceController.php(183): view()
 5 SYSTEMPATH/CodeIgniter.php(942): App\Controllers\InvoiceController->view()
 6 SYSTEMPATH/CodeIgniter.php(502): CodeIgniter\CodeIgniter->runController()
 7 SYSTEMPATH/CodeIgniter.php(361): CodeIgniter\CodeIgniter->handleRequest()
 8 FCPATH/index.php(79): CodeIgniter\CodeIgniter->run()
CRITICAL - 2025-08-29 02:46:39 --> Call to undefined function logged_in()
in APPPATH/Views/invoice/view.php on line 24.
 1 SYSTEMPATH/View/View.php(228): include()
 2 SYSTEMPATH/View/View.php(231): CodeIgniter\View\View->CodeIgniter\View\{closure}()
 3 SYSTEMPATH/Common.php(1190): CodeIgniter\View\View->render()
 4 APPPATH/Controllers/InvoiceController.php(183): view()
 5 SYSTEMPATH/CodeIgniter.php(942): App\Controllers\InvoiceController->view()
 6 SYSTEMPATH/CodeIgniter.php(502): CodeIgniter\CodeIgniter->runController()
 7 SYSTEMPATH/CodeIgniter.php(361): CodeIgniter\CodeIgniter->handleRequest()
 8 FCPATH/index.php(79): CodeIgniter\CodeIgniter->run()
CRITICAL - 2025-08-29 02:47:27 --> Call to undefined function user()
in APPPATH/Views/invoice/view.php on line 24.
 1 SYSTEMPATH/View/View.php(228): include()
 2 SYSTEMPATH/View/View.php(231): CodeIgniter\View\View->CodeIgniter\View\{closure}()
 3 SYSTEMPATH/Common.php(1190): CodeIgniter\View\View->render()
 4 APPPATH/Controllers/InvoiceController.php(183): view()
 5 SYSTEMPATH/CodeIgniter.php(942): App\Controllers\InvoiceController->view()
 6 SYSTEMPATH/CodeIgniter.php(502): CodeIgniter\CodeIgniter->runController()
 7 SYSTEMPATH/CodeIgniter.php(361): CodeIgniter\CodeIgniter->handleRequest()
 8 FCPATH/index.php(79): CodeIgniter\CodeIgniter->run()
CRITICAL - 2025-08-29 02:48:03 --> Call to undefined function user()
in APPPATH/Views/invoice/view.php on line 24.
 1 SYSTEMPATH/View/View.php(228): include()
 2 SYSTEMPATH/View/View.php(231): CodeIgniter\View\View->CodeIgniter\View\{closure}()
 3 SYSTEMPATH/Common.php(1190): CodeIgniter\View\View->render()
 4 APPPATH/Controllers/InvoiceController.php(183): view()
 5 SYSTEMPATH/CodeIgniter.php(942): App\Controllers\InvoiceController->view()
 6 SYSTEMPATH/CodeIgniter.php(502): CodeIgniter\CodeIgniter->runController()
 7 SYSTEMPATH/CodeIgniter.php(361): CodeIgniter\CodeIgniter->handleRequest()
 8 FCPATH/index.php(79): CodeIgniter\CodeIgniter->run()
CRITICAL - 2025-08-29 02:48:07 --> Call to undefined function user()
in APPPATH/Views/invoice/view.php on line 24.
 1 SYSTEMPATH/View/View.php(228): include()
 2 SYSTEMPATH/View/View.php(231): CodeIgniter\View\View->CodeIgniter\View\{closure}()
 3 SYSTEMPATH/Common.php(1190): CodeIgniter\View\View->render()
 4 APPPATH/Controllers/InvoiceController.php(183): view()
 5 SYSTEMPATH/CodeIgniter.php(942): App\Controllers\InvoiceController->view()
 6 SYSTEMPATH/CodeIgniter.php(502): CodeIgniter\CodeIgniter->runController()
 7 SYSTEMPATH/CodeIgniter.php(361): CodeIgniter\CodeIgniter->handleRequest()
 8 FCPATH/index.php(79): CodeIgniter\CodeIgniter->run()
CRITICAL - 2025-08-29 02:49:35 --> Call to undefined function user()
in APPPATH/Views/invoice/view.php on line 24.
 1 SYSTEMPATH/View/View.php(228): include()
 2 SYSTEMPATH/View/View.php(231): CodeIgniter\View\View->CodeIgniter\View\{closure}()
 3 SYSTEMPATH/Common.php(1190): CodeIgniter\View\View->render()
 4 APPPATH/Controllers/InvoiceController.php(183): view()
 5 SYSTEMPATH/CodeIgniter.php(942): App\Controllers\InvoiceController->view()
 6 SYSTEMPATH/CodeIgniter.php(502): CodeIgniter\CodeIgniter->runController()
 7 SYSTEMPATH/CodeIgniter.php(361): CodeIgniter\CodeIgniter->handleRequest()
 8 FCPATH/index.php(79): CodeIgniter\CodeIgniter->run()
CRITICAL - 2025-08-29 02:49:38 --> Call to undefined function user()
in APPPATH/Views/invoice/view.php on line 24.
 1 SYSTEMPATH/View/View.php(228): include()
 2 SYSTEMPATH/View/View.php(231): CodeIgniter\View\View->CodeIgniter\View\{closure}()
 3 SYSTEMPATH/Common.php(1190): CodeIgniter\View\View->render()
 4 APPPATH/Controllers/InvoiceController.php(183): view()
 5 SYSTEMPATH/CodeIgniter.php(942): App\Controllers\InvoiceController->view()
 6 SYSTEMPATH/CodeIgniter.php(502): CodeIgniter\CodeIgniter->runController()
 7 SYSTEMPATH/CodeIgniter.php(361): CodeIgniter\CodeIgniter->handleRequest()
 8 FCPATH/index.php(79): CodeIgniter\CodeIgniter->run()
CRITICAL - 2025-08-29 02:50:46 --> Call to undefined function user()
in APPPATH/Views/invoice/view.php on line 24.
 1 SYSTEMPATH/View/View.php(228): include()
 2 SYSTEMPATH/View/View.php(231): CodeIgniter\View\View->CodeIgniter\View\{closure}()
 3 SYSTEMPATH/Common.php(1190): CodeIgniter\View\View->render()
 4 APPPATH/Controllers/InvoiceController.php(183): view()
 5 SYSTEMPATH/CodeIgniter.php(942): App\Controllers\InvoiceController->view()
 6 SYSTEMPATH/CodeIgniter.php(502): CodeIgniter\CodeIgniter->runController()
 7 SYSTEMPATH/CodeIgniter.php(361): CodeIgniter\CodeIgniter->handleRequest()
 8 FCPATH/index.php(79): CodeIgniter\CodeIgniter->run()
CRITICAL - 2025-08-29 02:50:48 --> Call to undefined function user()
in APPPATH/Views/invoice/view.php on line 24.
 1 SYSTEMPATH/View/View.php(228): include()
 2 SYSTEMPATH/View/View.php(231): CodeIgniter\View\View->CodeIgniter\View\{closure}()
 3 SYSTEMPATH/Common.php(1190): CodeIgniter\View\View->render()
 4 APPPATH/Controllers/InvoiceController.php(183): view()
 5 SYSTEMPATH/CodeIgniter.php(942): App\Controllers\InvoiceController->view()
 6 SYSTEMPATH/CodeIgniter.php(502): CodeIgniter\CodeIgniter->runController()
 7 SYSTEMPATH/CodeIgniter.php(361): CodeIgniter\CodeIgniter->handleRequest()
 8 FCPATH/index.php(79): CodeIgniter\CodeIgniter->run()
CRITICAL - 2025-08-29 02:50:49 --> Call to undefined function user()
in APPPATH/Views/invoice/view.php on line 24.
 1 SYSTEMPATH/View/View.php(228): include()
 2 SYSTEMPATH/View/View.php(231): CodeIgniter\View\View->CodeIgniter\View\{closure}()
 3 SYSTEMPATH/Common.php(1190): CodeIgniter\View\View->render()
 4 APPPATH/Controllers/InvoiceController.php(183): view()
 5 SYSTEMPATH/CodeIgniter.php(942): App\Controllers\InvoiceController->view()
 6 SYSTEMPATH/CodeIgniter.php(502): CodeIgniter\CodeIgniter->runController()
 7 SYSTEMPATH/CodeIgniter.php(361): CodeIgniter\CodeIgniter->handleRequest()
 8 FCPATH/index.php(79): CodeIgniter\CodeIgniter->run()
CRITICAL - 2025-08-29 02:50:50 --> Call to undefined function user()
in APPPATH/Views/invoice/view.php on line 24.
 1 SYSTEMPATH/View/View.php(228): include()
 2 SYSTEMPATH/View/View.php(231): CodeIgniter\View\View->CodeIgniter\View\{closure}()
 3 SYSTEMPATH/Common.php(1190): CodeIgniter\View\View->render()
 4 APPPATH/Controllers/InvoiceController.php(183): view()
 5 SYSTEMPATH/CodeIgniter.php(942): App\Controllers\InvoiceController->view()
 6 SYSTEMPATH/CodeIgniter.php(502): CodeIgniter\CodeIgniter->runController()
 7 SYSTEMPATH/CodeIgniter.php(361): CodeIgniter\CodeIgniter->handleRequest()
 8 FCPATH/index.php(79): CodeIgniter\CodeIgniter->run()
CRITICAL - 2025-08-29 02:50:51 --> Call to undefined function user()
in APPPATH/Views/invoice/view.php on line 24.
 1 SYSTEMPATH/View/View.php(228): include()
 2 SYSTEMPATH/View/View.php(231): CodeIgniter\View\View->CodeIgniter\View\{closure}()
 3 SYSTEMPATH/Common.php(1190): CodeIgniter\View\View->render()
 4 APPPATH/Controllers/InvoiceController.php(183): view()
 5 SYSTEMPATH/CodeIgniter.php(942): App\Controllers\InvoiceController->view()
 6 SYSTEMPATH/CodeIgniter.php(502): CodeIgniter\CodeIgniter->runController()
 7 SYSTEMPATH/CodeIgniter.php(361): CodeIgniter\CodeIgniter->handleRequest()
 8 FCPATH/index.php(79): CodeIgniter\CodeIgniter->run()
CRITICAL - 2025-08-29 02:50:58 --> Call to undefined function user()
in APPPATH/Views/invoice/view.php on line 24.
 1 SYSTEMPATH/View/View.php(228): include()
 2 SYSTEMPATH/View/View.php(231): CodeIgniter\View\View->CodeIgniter\View\{closure}()
 3 SYSTEMPATH/Common.php(1190): CodeIgniter\View\View->render()
 4 APPPATH/Controllers/InvoiceController.php(183): view()
 5 SYSTEMPATH/CodeIgniter.php(942): App\Controllers\InvoiceController->view()
 6 SYSTEMPATH/CodeIgniter.php(502): CodeIgniter\CodeIgniter->runController()
 7 SYSTEMPATH/CodeIgniter.php(361): CodeIgniter\CodeIgniter->handleRequest()
 8 FCPATH/index.php(79): CodeIgniter\CodeIgniter->run()
CRITICAL - 2025-08-29 02:51:52 --> Call to undefined function logged_in()
in APPPATH/Views/invoice/view.php on line 24.
 1 SYSTEMPATH/View/View.php(228): include()
 2 SYSTEMPATH/View/View.php(231): CodeIgniter\View\View->CodeIgniter\View\{closure}()
 3 SYSTEMPATH/Common.php(1190): CodeIgniter\View\View->render()
 4 APPPATH/Controllers/InvoiceController.php(183): view()
 5 SYSTEMPATH/CodeIgniter.php(942): App\Controllers\InvoiceController->view()
 6 SYSTEMPATH/CodeIgniter.php(502): CodeIgniter\CodeIgniter->runController()
 7 SYSTEMPATH/CodeIgniter.php(361): CodeIgniter\CodeIgniter->handleRequest()
 8 FCPATH/index.php(79): CodeIgniter\CodeIgniter->run()
CRITICAL - 2025-08-29 02:51:54 --> Call to undefined function logged_in()
in APPPATH/Views/invoice/view.php on line 24.
 1 SYSTEMPATH/View/View.php(228): include()
 2 SYSTEMPATH/View/View.php(231): CodeIgniter\View\View->CodeIgniter\View\{closure}()
 3 SYSTEMPATH/Common.php(1190): CodeIgniter\View\View->render()
 4 APPPATH/Controllers/InvoiceController.php(183): view()
 5 SYSTEMPATH/CodeIgniter.php(942): App\Controllers\InvoiceController->view()
 6 SYSTEMPATH/CodeIgniter.php(502): CodeIgniter\CodeIgniter->runController()
 7 SYSTEMPATH/CodeIgniter.php(361): CodeIgniter\CodeIgniter->handleRequest()
 8 FCPATH/index.php(79): CodeIgniter\CodeIgniter->run()
INFO - 2025-08-29 02:52:36 --> Session: Class initialized using 'CodeIgniter\Session\Handlers\FileHandler' driver.
INFO - 2025-08-29 02:54:48 --> Session: Class initialized using 'CodeIgniter\Session\Handlers\FileHandler' driver.
CRITICAL - 2025-08-29 03:15:26 --> Cannot redeclare App\Controllers\BaseController::$helpers
in APPPATH/Controllers/BaseController.php on line 39.
 1 [internal function]: CodeIgniter\Debug\Exceptions->shutdownHandler()
CRITICAL - 2025-08-29 03:15:33 --> Cannot redeclare App\Controllers\BaseController::$helpers
in APPPATH/Controllers/BaseController.php on line 39.
 1 [internal function]: CodeIgniter\Debug\Exceptions->shutdownHandler()
CRITICAL - 2025-08-29 03:17:35 --> Cannot redeclare App\Controllers\BaseController::$helpers
in APPPATH/Controllers/BaseController.php on line 39.
 1 [internal function]: CodeIgniter\Debug\Exceptions->shutdownHandler()
INFO - 2025-08-29 03:17:49 --> Session: Class initialized using 'CodeIgniter\Session\Handlers\FileHandler' driver.
CRITICAL - 2025-08-29 03:17:49 --> Cannot redeclare App\Controllers\BaseController::$helpers
in APPPATH/Controllers/BaseController.php on line 39.
 1 [internal function]: CodeIgniter\Debug\Exceptions->shutdownHandler()
CRITICAL - 2025-08-29 05:48:17 --> Call to undefined function logged_in()
in APPPATH/Views/invoice/view.php on line 13.
 1 SYSTEMPATH/View/View.php(228): include()
 2 SYSTEMPATH/View/View.php(231): CodeIgniter\View\View->CodeIgniter\View\{closure}()
 3 SYSTEMPATH/Common.php(1190): CodeIgniter\View\View->render()
 4 APPPATH/Controllers/InvoiceController.php(183): view()
 5 SYSTEMPATH/CodeIgniter.php(942): App\Controllers\InvoiceController->view()
 6 SYSTEMPATH/CodeIgniter.php(502): CodeIgniter\CodeIgniter->runController()
 7 SYSTEMPATH/CodeIgniter.php(361): CodeIgniter\CodeIgniter->handleRequest()
 8 FCPATH/index.php(79): CodeIgniter\CodeIgniter->run()
CRITICAL - 2025-08-29 05:48:33 --> Call to undefined function logged_in()
in APPPATH/Views/invoice/view.php on line 13.
 1 SYSTEMPATH/View/View.php(228): include()
 2 SYSTEMPATH/View/View.php(231): CodeIgniter\View\View->CodeIgniter\View\{closure}()
 3 SYSTEMPATH/Common.php(1190): CodeIgniter\View\View->render()
 4 APPPATH/Controllers/InvoiceController.php(183): view()
 5 SYSTEMPATH/CodeIgniter.php(942): App\Controllers\InvoiceController->view()
 6 SYSTEMPATH/CodeIgniter.php(502): CodeIgniter\CodeIgniter->runController()
 7 SYSTEMPATH/CodeIgniter.php(361): CodeIgniter\CodeIgniter->handleRequest()
 8 FCPATH/index.php(79): CodeIgniter\CodeIgniter->run()
CRITICAL - 2025-08-29 05:49:15 --> Call to undefined function logged_in()
in APPPATH/Views/invoice/view.php on line 13.
 1 SYSTEMPATH/View/View.php(228): include()
 2 SYSTEMPATH/View/View.php(231): CodeIgniter\View\View->CodeIgniter\View\{closure}()
 3 SYSTEMPATH/Common.php(1190): CodeIgniter\View\View->render()
 4 APPPATH/Controllers/InvoiceController.php(183): view()
 5 SYSTEMPATH/CodeIgniter.php(942): App\Controllers\InvoiceController->view()
 6 SYSTEMPATH/CodeIgniter.php(502): CodeIgniter\CodeIgniter->runController()
 7 SYSTEMPATH/CodeIgniter.php(361): CodeIgniter\CodeIgniter->handleRequest()
 8 FCPATH/index.php(79): CodeIgniter\CodeIgniter->run()
INFO - 2025-08-29 05:54:36 --> Session: Class initialized using 'CodeIgniter\Session\Handlers\FileHandler' driver.
CRITICAL - 2025-08-29 05:54:36 --> Class "Mpdf\Mpdf" not found
in APPPATH/Controllers/Invoice.php on line 111.
 1 SYSTEMPATH/CodeIgniter.php(942): App\Controllers\Invoice->print()
 2 SYSTEMPATH/CodeIgniter.php(502): CodeIgniter\CodeIgniter->runController()
 3 SYSTEMPATH/CodeIgniter.php(361): CodeIgniter\CodeIgniter->handleRequest()
 4 FCPATH/index.php(79): CodeIgniter\CodeIgniter->run()
INFO - 2025-08-29 05:57:58 --> Session: Class initialized using 'CodeIgniter\Session\Handlers\FileHandler' driver.
CRITICAL - 2025-08-29 05:57:58 --> Class "Mpdf\Mpdf" not found
in APPPATH/Controllers/Invoice.php on line 111.
 1 SYSTEMPATH/CodeIgniter.php(942): App\Controllers\Invoice->print()
 2 SYSTEMPATH/CodeIgniter.php(502): CodeIgniter\CodeIgniter->runController()
 3 SYSTEMPATH/CodeIgniter.php(361): CodeIgniter\CodeIgniter->handleRequest()
 4 FCPATH/index.php(79): CodeIgniter\CodeIgniter->run()
INFO - 2025-08-29 05:58:00 --> Session: Class initialized using 'CodeIgniter\Session\Handlers\FileHandler' driver.
CRITICAL - 2025-08-29 05:58:00 --> Class "Mpdf\Mpdf" not found
in APPPATH/Controllers/Invoice.php on line 111.
 1 SYSTEMPATH/CodeIgniter.php(942): App\Controllers\Invoice->print()
 2 SYSTEMPATH/CodeIgniter.php(502): CodeIgniter\CodeIgniter->runController()
 3 SYSTEMPATH/CodeIgniter.php(361): CodeIgniter\CodeIgniter->handleRequest()
 4 FCPATH/index.php(79): CodeIgniter\CodeIgniter->run()
INFO - 2025-08-29 05:59:01 --> Session: Class initialized using 'CodeIgniter\Session\Handlers\FileHandler' driver.
INFO - 2025-08-29 05:59:03 --> Session: Class initialized using 'CodeIgniter\Session\Handlers\FileHandler' driver.
CRITICAL - 2025-08-29 05:59:03 --> Class "Mpdf\Mpdf" not found
in APPPATH/Controllers/Invoice.php on line 111.
 1 SYSTEMPATH/CodeIgniter.php(942): App\Controllers\Invoice->print()
 2 SYSTEMPATH/CodeIgniter.php(502): CodeIgniter\CodeIgniter->runController()
 3 SYSTEMPATH/CodeIgniter.php(361): CodeIgniter\CodeIgniter->handleRequest()
 4 FCPATH/index.php(79): CodeIgniter\CodeIgniter->run()
INFO - 2025-08-29 06:42:14 --> Session: Class initialized using 'CodeIgniter\Session\Handlers\FileHandler' driver.
INFO - 2025-08-29 06:42:14 --> Session: Class initialized using 'CodeIgniter\Session\Handlers\FileHandler' driver.
INFO - 2025-08-29 06:43:48 --> Session: Class initialized using 'CodeIgniter\Session\Handlers\FileHandler' driver.
INFO - 2025-08-29 06:43:48 --> Session: Class initialized using 'CodeIgniter\Session\Handlers\FileHandler' driver.
INFO - 2025-08-29 06:43:52 --> Session: Class initialized using 'CodeIgniter\Session\Handlers\FileHandler' driver.
INFO - 2025-08-29 06:43:53 --> Session: Class initialized using 'CodeIgniter\Session\Handlers\FileHandler' driver.
INFO - 2025-08-29 06:43:54 --> Session: Class initialized using 'CodeIgniter\Session\Handlers\FileHandler' driver.
INFO - 2025-08-29 06:43:57 --> Session: Class initialized using 'CodeIgniter\Session\Handlers\FileHandler' driver.
INFO - 2025-08-29 06:44:00 --> Session: Class initialized using 'CodeIgniter\Session\Handlers\FileHandler' driver.
INFO - 2025-08-29 06:44:02 --> Session: Class initialized using 'CodeIgniter\Session\Handlers\FileHandler' driver.
INFO - 2025-08-29 06:44:03 --> Session: Class initialized using 'CodeIgniter\Session\Handlers\FileHandler' driver.
INFO - 2025-08-29 06:44:03 --> Session: Class initialized using 'CodeIgniter\Session\Handlers\FileHandler' driver.
INFO - 2025-08-29 06:44:04 --> Session: Class initialized using 'CodeIgniter\Session\Handlers\FileHandler' driver.
INFO - 2025-08-29 06:44:10 --> Session: Class initialized using 'CodeIgniter\Session\Handlers\FileHandler' driver.
INFO - 2025-08-29 06:44:18 --> Session: Class initialized using 'CodeIgniter\Session\Handlers\FileHandler' driver.
INFO - 2025-08-29 06:44:18 --> Session: Class initialized using 'CodeIgniter\Session\Handlers\FileHandler' driver.
INFO - 2025-08-29 06:44:20 --> Session: Class initialized using 'CodeIgniter\Session\Handlers\FileHandler' driver.
INFO - 2025-08-29 06:45:12 --> Session: Class initialized using 'CodeIgniter\Session\Handlers\FileHandler' driver.
INFO - 2025-08-29 06:45:13 --> Session: Class initialized using 'CodeIgniter\Session\Handlers\FileHandler' driver.
INFO - 2025-08-29 06:45:13 --> Session: Class initialized using 'CodeIgniter\Session\Handlers\FileHandler' driver.
INFO - 2025-08-29 06:45:14 --> Session: Class initialized using 'CodeIgniter\Session\Handlers\FileHandler' driver.
INFO - 2025-08-29 06:45:14 --> Session: Class initialized using 'CodeIgniter\Session\Handlers\FileHandler' driver.
INFO - 2025-08-29 07:25:50 --> Session: Class initialized using 'CodeIgniter\Session\Handlers\FileHandler' driver.
INFO - 2025-08-29 09:11:36 --> Session: Class initialized using 'CodeIgniter\Session\Handlers\FileHandler' driver.
INFO - 2025-08-29 09:11:36 --> Session: Class initialized using 'CodeIgniter\Session\Handlers\FileHandler' driver.
INFO - 2025-08-29 09:13:27 --> Session: Class initialized using 'CodeIgniter\Session\Handlers\FileHandler' driver.
INFO - 2025-08-29 09:13:27 --> Session: Class initialized using 'CodeIgniter\Session\Handlers\FileHandler' driver.
INFO - 2025-08-29 09:13:32 --> Session: Class initialized using 'CodeIgniter\Session\Handlers\FileHandler' driver.
INFO - 2025-08-29 09:13:32 --> Session: Class initialized using 'CodeIgniter\Session\Handlers\FileHandler' driver.
INFO - 2025-08-29 09:13:46 --> Session: Class initialized using 'CodeIgniter\Session\Handlers\FileHandler' driver.
INFO - 2025-08-29 09:13:56 --> Session: Class initialized using 'CodeIgniter\Session\Handlers\FileHandler' driver.
INFO - 2025-08-29 09:14:03 --> Session: Class initialized using 'CodeIgniter\Session\Handlers\FileHandler' driver.
INFO - 2025-08-29 09:14:34 --> Session: Class initialized using 'CodeIgniter\Session\Handlers\FileHandler' driver.
INFO - 2025-08-29 09:14:36 --> Session: Class initialized using 'CodeIgniter\Session\Handlers\FileHandler' driver.
INFO - 2025-08-29 09:15:39 --> Session: Class initialized using 'CodeIgniter\Session\Handlers\FileHandler' driver.
INFO - 2025-08-29 09:15:59 --> Session: Class initialized using 'CodeIgniter\Session\Handlers\FileHandler' driver.
INFO - 2025-08-29 09:16:23 --> Session: Class initialized using 'CodeIgniter\Session\Handlers\FileHandler' driver.
INFO - 2025-08-29 09:16:35 --> Session: Class initialized using 'CodeIgniter\Session\Handlers\FileHandler' driver.
INFO - 2025-08-29 09:17:03 --> Session: Class initialized using 'CodeIgniter\Session\Handlers\FileHandler' driver.
INFO - 2025-08-29 09:17:50 --> Session: Class initialized using 'CodeIgniter\Session\Handlers\FileHandler' driver.
INFO - 2025-08-29 09:18:17 --> Session: Class initialized using 'CodeIgniter\Session\Handlers\FileHandler' driver.
INFO - 2025-08-29 09:18:26 --> Session: Class initialized using 'CodeIgniter\Session\Handlers\FileHandler' driver.
INFO - 2025-08-29 09:18:55 --> Session: Class initialized using 'CodeIgniter\Session\Handlers\FileHandler' driver.
INFO - 2025-08-29 09:21:27 --> Session: Class initialized using 'CodeIgniter\Session\Handlers\FileHandler' driver.
INFO - 2025-08-29 09:21:39 --> Session: Class initialized using 'CodeIgniter\Session\Handlers\FileHandler' driver.
INFO - 2025-08-29 09:22:24 --> Session: Class initialized using 'CodeIgniter\Session\Handlers\FileHandler' driver.
INFO - 2025-08-29 09:22:52 --> Session: Class initialized using 'CodeIgniter\Session\Handlers\FileHandler' driver.
INFO - 2025-08-29 09:23:38 --> Session: Class initialized using 'CodeIgniter\Session\Handlers\FileHandler' driver.
INFO - 2025-08-29 09:23:53 --> Session: Class initialized using 'CodeIgniter\Session\Handlers\FileHandler' driver.
INFO - 2025-08-29 09:24:44 --> Session: Class initialized using 'CodeIgniter\Session\Handlers\FileHandler' driver.
INFO - 2025-08-29 09:25:13 --> Session: Class initialized using 'CodeIgniter\Session\Handlers\FileHandler' driver.
INFO - 2025-08-29 09:25:40 --> Session: Class initialized using 'CodeIgniter\Session\Handlers\FileHandler' driver.
INFO - 2025-08-29 09:27:02 --> Session: Class initialized using 'CodeIgniter\Session\Handlers\FileHandler' driver.
INFO - 2025-08-29 09:27:21 --> Session: Class initialized using 'CodeIgniter\Session\Handlers\FileHandler' driver.
INFO - 2025-08-29 09:27:29 --> Session: Class initialized using 'CodeIgniter\Session\Handlers\FileHandler' driver.
INFO - 2025-08-29 09:28:24 --> Session: Class initialized using 'CodeIgniter\Session\Handlers\FileHandler' driver.
INFO - 2025-08-29 09:44:44 --> Session: Class initialized using 'CodeIgniter\Session\Handlers\FileHandler' driver.
INFO - 2025-08-29 10:12:42 --> Session: Class initialized using 'CodeIgniter\Session\Handlers\FileHandler' driver.
INFO - 2025-08-29 10:12:49 --> Session: Class initialized using 'CodeIgniter\Session\Handlers\FileHandler' driver.
INFO - 2025-08-29 10:12:52 --> Session: Class initialized using 'CodeIgniter\Session\Handlers\FileHandler' driver.
INFO - 2025-08-29 10:12:52 --> Session: Class initialized using 'CodeIgniter\Session\Handlers\FileHandler' driver.
INFO - 2025-08-29 10:12:55 --> Session: Class initialized using 'CodeIgniter\Session\Handlers\FileHandler' driver.
INFO - 2025-08-29 10:13:54 --> Session: Class initialized using 'CodeIgniter\Session\Handlers\FileHandler' driver.
INFO - 2025-08-29 10:13:54 --> Session: Class initialized using 'CodeIgniter\Session\Handlers\FileHandler' driver.
INFO - 2025-08-29 10:14:27 --> Session: Class initialized using 'CodeIgniter\Session\Handlers\FileHandler' driver.
INFO - 2025-08-29 10:14:28 --> Session: Class initialized using 'CodeIgniter\Session\Handlers\FileHandler' driver.
CRITICAL - 2025-08-29 10:48:15 --> Call to a member function check() on null
in APPPATH/Views/invoice/view.php on line 9.
 1 SYSTEMPATH/View/View.php(228): include()
 2 SYSTEMPATH/View/View.php(231): CodeIgniter\View\View->CodeIgniter\View\{closure}()
 3 SYSTEMPATH/Common.php(1190): CodeIgniter\View\View->render()
 4 APPPATH/Controllers/InvoiceController.php(183): view()
 5 SYSTEMPATH/CodeIgniter.php(942): App\Controllers\InvoiceController->view()
 6 SYSTEMPATH/CodeIgniter.php(502): CodeIgniter\CodeIgniter->runController()
 7 SYSTEMPATH/CodeIgniter.php(361): CodeIgniter\CodeIgniter->handleRequest()
 8 FCPATH/index.php(79): CodeIgniter\CodeIgniter->run()
ERROR - 2025-08-29 14:21:40 --> mysqli_sql_exception: Cannot add or update a child row: a foreign key constraint fails (`u927597906_koperasi`.`payments`, CONSTRAINT `fk_payments_invoice` FOREIGN KEY (`id_invoice`) REFERENCES `invoices` (`id_invoice`) ON DELETE CASCADE) in /home/u927597906/domains/kantin.darulhijrah.in/system/Database/MySQLi/Connection.php:306
Stack trace:
#0 /home/u927597906/domains/kantin.darulhijrah.in/system/Database/MySQLi/Connection.php(306): mysqli->query()
#1 /home/u927597906/domains/kantin.darulhijrah.in/system/Database/BaseConnection.php(693): CodeIgniter\Database\MySQLi\Connection->execute()
#2 /home/u927597906/domains/kantin.darulhijrah.in/system/Database/BaseConnection.php(607): CodeIgniter\Database\BaseConnection->simpleQuery()
#3 /home/u927597906/domains/kantin.darulhijrah.in/system/Database/BaseBuilder.php(2308): CodeIgniter\Database\BaseConnection->query()
#4 /home/u927597906/domains/kantin.darulhijrah.in/system/Model.php(319): CodeIgniter\Database\BaseBuilder->insert()
#5 /home/u927597906/domains/kantin.darulhijrah.in/system/BaseModel.php(788): CodeIgniter\Model->doInsert()
#6 /home/u927597906/domains/kantin.darulhijrah.in/system/Model.php(715): CodeIgniter\BaseModel->insert()
#7 /home/u927597906/domains/kantin.darulhijrah.in/app/Controllers/Invoice.php(115): CodeIgniter\Model->insert()
#8 /home/u927597906/domains/kantin.darulhijrah.in/system/CodeIgniter.php(942): App\Controllers\Invoice->savePayment()
#9 /home/u927597906/domains/kantin.darulhijrah.in/system/CodeIgniter.php(502): CodeIgniter\CodeIgniter->runController()
#10 /home/u927597906/domains/kantin.darulhijrah.in/system/CodeIgniter.php(361): CodeIgniter\CodeIgniter->handleRequest()
#11 /home/u927597906/domains/kantin.darulhijrah.in/public_html/index.php(79): CodeIgniter\CodeIgniter->run()
#12 {main}
CRITICAL - 2025-08-29 14:21:40 --> Cannot add or update a child row: a foreign key constraint fails (`u927597906_koperasi`.`payments`, CONSTRAINT `fk_payments_invoice` FOREIGN KEY (`id_invoice`) REFERENCES `invoices` (`id_invoice`) ON DELETE CASCADE)
in SYSTEMPATH/Database/BaseConnection.php on line 647.
 1 SYSTEMPATH/Database/BaseBuilder.php(2308): CodeIgniter\Database\BaseConnection->query()
 2 SYSTEMPATH/Model.php(319): CodeIgniter\Database\BaseBuilder->insert()
 3 SYSTEMPATH/BaseModel.php(788): CodeIgniter\Model->doInsert()
 4 SYSTEMPATH/Model.php(715): CodeIgniter\BaseModel->insert()
 5 APPPATH/Controllers/Invoice.php(115): CodeIgniter\Model->insert()
 6 SYSTEMPATH/CodeIgniter.php(942): App\Controllers\Invoice->savePayment()
 7 SYSTEMPATH/CodeIgniter.php(502): CodeIgniter\CodeIgniter->runController()
 8 SYSTEMPATH/CodeIgniter.php(361): CodeIgniter\CodeIgniter->handleRequest()
 9 FCPATH/index.php(79): CodeIgniter\CodeIgniter->run()
INFO - 2025-08-29 14:24:07 --> Session: Class initialized using 'CodeIgniter\Session\Handlers\FileHandler' driver.
INFO - 2025-08-29 14:24:21 --> Session: Class initialized using 'CodeIgniter\Session\Handlers\FileHandler' driver.
INFO - 2025-08-29 14:24:52 --> Session: Class initialized using 'CodeIgniter\Session\Handlers\FileHandler' driver.
ERROR - 2025-08-29 14:24:52 --> mysqli_sql_exception: Cannot add or update a child row: a foreign key constraint fails (`u927597906_koperasi`.`payments`, CONSTRAINT `fk_payments_invoice` FOREIGN KEY (`id_invoice`) REFERENCES `invoices` (`id_invoice`) ON DELETE CASCADE) in /home/u927597906/domains/kantin.darulhijrah.in/system/Database/MySQLi/Connection.php:306
Stack trace:
#0 /home/u927597906/domains/kantin.darulhijrah.in/system/Database/MySQLi/Connection.php(306): mysqli->query()
#1 /home/u927597906/domains/kantin.darulhijrah.in/system/Database/BaseConnection.php(693): CodeIgniter\Database\MySQLi\Connection->execute()
#2 /home/u927597906/domains/kantin.darulhijrah.in/system/Database/BaseConnection.php(607): CodeIgniter\Database\BaseConnection->simpleQuery()
#3 /home/u927597906/domains/kantin.darulhijrah.in/system/Database/BaseBuilder.php(2308): CodeIgniter\Database\BaseConnection->query()
#4 /home/u927597906/domains/kantin.darulhijrah.in/system/Model.php(319): CodeIgniter\Database\BaseBuilder->insert()
#5 /home/u927597906/domains/kantin.darulhijrah.in/system/BaseModel.php(788): CodeIgniter\Model->doInsert()
#6 /home/u927597906/domains/kantin.darulhijrah.in/system/Model.php(715): CodeIgniter\BaseModel->insert()
#7 /home/u927597906/domains/kantin.darulhijrah.in/app/Controllers/Invoice.php(115): CodeIgniter\Model->insert()
#8 /home/u927597906/domains/kantin.darulhijrah.in/system/CodeIgniter.php(942): App\Controllers\Invoice->savePayment()
#9 /home/u927597906/domains/kantin.darulhijrah.in/system/CodeIgniter.php(502): CodeIgniter\CodeIgniter->runController()
#10 /home/u927597906/domains/kantin.darulhijrah.in/system/CodeIgniter.php(361): CodeIgniter\CodeIgniter->handleRequest()
#11 /home/u927597906/domains/kantin.darulhijrah.in/public_html/index.php(79): CodeIgniter\CodeIgniter->run()
#12 {main}
CRITICAL - 2025-08-29 14:24:52 --> Cannot add or update a child row: a foreign key constraint fails (`u927597906_koperasi`.`payments`, CONSTRAINT `fk_payments_invoice` FOREIGN KEY (`id_invoice`) REFERENCES `invoices` (`id_invoice`) ON DELETE CASCADE)
in SYSTEMPATH/Database/BaseConnection.php on line 647.
 1 SYSTEMPATH/Database/BaseBuilder.php(2308): CodeIgniter\Database\BaseConnection->query()
 2 SYSTEMPATH/Model.php(319): CodeIgniter\Database\BaseBuilder->insert()
 3 SYSTEMPATH/BaseModel.php(788): CodeIgniter\Model->doInsert()
 4 SYSTEMPATH/Model.php(715): CodeIgniter\BaseModel->insert()
 5 APPPATH/Controllers/Invoice.php(115): CodeIgniter\Model->insert()
 6 SYSTEMPATH/CodeIgniter.php(942): App\Controllers\Invoice->savePayment()
 7 SYSTEMPATH/CodeIgniter.php(502): CodeIgniter\CodeIgniter->runController()
 8 SYSTEMPATH/CodeIgniter.php(361): CodeIgniter\CodeIgniter->handleRequest()
 9 FCPATH/index.php(79): CodeIgniter\CodeIgniter->run()
INFO - 2025-08-29 14:27:13 --> Session: Class initialized using 'CodeIgniter\Session\Handlers\FileHandler' driver.
INFO - 2025-08-29 14:27:20 --> Session: Class initialized using 'CodeIgniter\Session\Handlers\FileHandler' driver.
INFO - 2025-08-29 14:27:34 --> Session: Class initialized using 'CodeIgniter\Session\Handlers\FileHandler' driver.
ERROR - 2025-08-29 14:27:34 --> mysqli_sql_exception: Cannot add or update a child row: a foreign key constraint fails (`u927597906_koperasi`.`payments`, CONSTRAINT `fk_payments_invoice` FOREIGN KEY (`id_invoice`) REFERENCES `invoices` (`id_invoice`) ON DELETE CASCADE) in /home/u927597906/domains/kantin.darulhijrah.in/system/Database/MySQLi/Connection.php:306
Stack trace:
#0 /home/u927597906/domains/kantin.darulhijrah.in/system/Database/MySQLi/Connection.php(306): mysqli->query()
#1 /home/u927597906/domains/kantin.darulhijrah.in/system/Database/BaseConnection.php(693): CodeIgniter\Database\MySQLi\Connection->execute()
#2 /home/u927597906/domains/kantin.darulhijrah.in/system/Database/BaseConnection.php(607): CodeIgniter\Database\BaseConnection->simpleQuery()
#3 /home/u927597906/domains/kantin.darulhijrah.in/system/Database/BaseBuilder.php(2308): CodeIgniter\Database\BaseConnection->query()
#4 /home/u927597906/domains/kantin.darulhijrah.in/system/Model.php(319): CodeIgniter\Database\BaseBuilder->insert()
#5 /home/u927597906/domains/kantin.darulhijrah.in/system/BaseModel.php(788): CodeIgniter\Model->doInsert()
#6 /home/u927597906/domains/kantin.darulhijrah.in/system/Model.php(715): CodeIgniter\BaseModel->insert()
#7 /home/u927597906/domains/kantin.darulhijrah.in/app/Controllers/Invoice.php(115): CodeIgniter\Model->insert()
#8 /home/u927597906/domains/kantin.darulhijrah.in/system/CodeIgniter.php(942): App\Controllers\Invoice->savePayment()
#9 /home/u927597906/domains/kantin.darulhijrah.in/system/CodeIgniter.php(502): CodeIgniter\CodeIgniter->runController()
#10 /home/u927597906/domains/kantin.darulhijrah.in/system/CodeIgniter.php(361): CodeIgniter\CodeIgniter->handleRequest()
#11 /home/u927597906/domains/kantin.darulhijrah.in/public_html/index.php(79): CodeIgniter\CodeIgniter->run()
#12 {main}
CRITICAL - 2025-08-29 14:27:34 --> Cannot add or update a child row: a foreign key constraint fails (`u927597906_koperasi`.`payments`, CONSTRAINT `fk_payments_invoice` FOREIGN KEY (`id_invoice`) REFERENCES `invoices` (`id_invoice`) ON DELETE CASCADE)
in SYSTEMPATH/Database/BaseConnection.php on line 647.
 1 SYSTEMPATH/Database/BaseBuilder.php(2308): CodeIgniter\Database\BaseConnection->query()
 2 SYSTEMPATH/Model.php(319): CodeIgniter\Database\BaseBuilder->insert()
 3 SYSTEMPATH/BaseModel.php(788): CodeIgniter\Model->doInsert()
 4 SYSTEMPATH/Model.php(715): CodeIgniter\BaseModel->insert()
 5 APPPATH/Controllers/Invoice.php(115): CodeIgniter\Model->insert()
 6 SYSTEMPATH/CodeIgniter.php(942): App\Controllers\Invoice->savePayment()
 7 SYSTEMPATH/CodeIgniter.php(502): CodeIgniter\CodeIgniter->runController()
 8 SYSTEMPATH/CodeIgniter.php(361): CodeIgniter\CodeIgniter->handleRequest()
 9 FCPATH/index.php(79): CodeIgniter\CodeIgniter->run()
INFO - 2025-08-29 14:38:18 --> Session: Class initialized using 'CodeIgniter\Session\Handlers\FileHandler' driver.
INFO - 2025-08-29 14:38:34 --> Session: Class initialized using 'CodeIgniter\Session\Handlers\FileHandler' driver.
INFO - 2025-08-29 14:39:50 --> Session: Class initialized using 'CodeIgniter\Session\Handlers\FileHandler' driver.
ERROR - 2025-08-29 14:39:50 --> mysqli_sql_exception: Cannot add or update a child row: a foreign key constraint fails (`u927597906_koperasi`.`payments`, CONSTRAINT `fk_payments_invoice` FOREIGN KEY (`id_invoice`) REFERENCES `invoices` (`id_invoice`) ON DELETE CASCADE) in /home/u927597906/domains/kantin.darulhijrah.in/system/Database/MySQLi/Connection.php:306
Stack trace:
#0 /home/u927597906/domains/kantin.darulhijrah.in/system/Database/MySQLi/Connection.php(306): mysqli->query()
#1 /home/u927597906/domains/kantin.darulhijrah.in/system/Database/BaseConnection.php(693): CodeIgniter\Database\MySQLi\Connection->execute()
#2 /home/u927597906/domains/kantin.darulhijrah.in/system/Database/BaseConnection.php(607): CodeIgniter\Database\BaseConnection->simpleQuery()
#3 /home/u927597906/domains/kantin.darulhijrah.in/system/Database/BaseBuilder.php(2308): CodeIgniter\Database\BaseConnection->query()
#4 /home/u927597906/domains/kantin.darulhijrah.in/system/Model.php(319): CodeIgniter\Database\BaseBuilder->insert()
#5 /home/u927597906/domains/kantin.darulhijrah.in/system/BaseModel.php(788): CodeIgniter\Model->doInsert()
#6 /home/u927597906/domains/kantin.darulhijrah.in/system/Model.php(715): CodeIgniter\BaseModel->insert()
#7 /home/u927597906/domains/kantin.darulhijrah.in/app/Controllers/Invoice.php(117): CodeIgniter\Model->insert()
#8 /home/u927597906/domains/kantin.darulhijrah.in/system/CodeIgniter.php(942): App\Controllers\Invoice->savePayment()
#9 /home/u927597906/domains/kantin.darulhijrah.in/system/CodeIgniter.php(502): CodeIgniter\CodeIgniter->runController()
#10 /home/u927597906/domains/kantin.darulhijrah.in/system/CodeIgniter.php(361): CodeIgniter\CodeIgniter->handleRequest()
#11 /home/u927597906/domains/kantin.darulhijrah.in/public_html/index.php(79): CodeIgniter\CodeIgniter->run()
#12 {main}
CRITICAL - 2025-08-29 14:39:50 --> Cannot add or update a child row: a foreign key constraint fails (`u927597906_koperasi`.`payments`, CONSTRAINT `fk_payments_invoice` FOREIGN KEY (`id_invoice`) REFERENCES `invoices` (`id_invoice`) ON DELETE CASCADE)
in SYSTEMPATH/Database/BaseConnection.php on line 647.
 1 SYSTEMPATH/Database/BaseBuilder.php(2308): CodeIgniter\Database\BaseConnection->query()
 2 SYSTEMPATH/Model.php(319): CodeIgniter\Database\BaseBuilder->insert()
 3 SYSTEMPATH/BaseModel.php(788): CodeIgniter\Model->doInsert()
 4 SYSTEMPATH/Model.php(715): CodeIgniter\BaseModel->insert()
 5 APPPATH/Controllers/Invoice.php(117): CodeIgniter\Model->insert()
 6 SYSTEMPATH/CodeIgniter.php(942): App\Controllers\Invoice->savePayment()
 7 SYSTEMPATH/CodeIgniter.php(502): CodeIgniter\CodeIgniter->runController()
 8 SYSTEMPATH/CodeIgniter.php(361): CodeIgniter\CodeIgniter->handleRequest()
 9 FCPATH/index.php(79): CodeIgniter\CodeIgniter->run()
INFO - 2025-08-29 14:45:56 --> Session: Class initialized using 'CodeIgniter\Session\Handlers\FileHandler' driver.
INFO - 2025-08-29 14:46:13 --> Session: Class initialized using 'CodeIgniter\Session\Handlers\FileHandler' driver.
INFO - 2025-08-29 14:46:27 --> Session: Class initialized using 'CodeIgniter\Session\Handlers\FileHandler' driver.
ERROR - 2025-08-29 14:46:27 --> mysqli_sql_exception: Cannot add or update a child row: a foreign key constraint fails (`u927597906_koperasi`.`payments`, CONSTRAINT `fk_payments_invoice` FOREIGN KEY (`id_invoice`) REFERENCES `invoices` (`id_invoice`) ON DELETE CASCADE ON UPDATE CASCADE) in /home/u927597906/domains/kantin.darulhijrah.in/system/Database/MySQLi/Connection.php:306
Stack trace:
#0 /home/u927597906/domains/kantin.darulhijrah.in/system/Database/MySQLi/Connection.php(306): mysqli->query()
#1 /home/u927597906/domains/kantin.darulhijrah.in/system/Database/BaseConnection.php(693): CodeIgniter\Database\MySQLi\Connection->execute()
#2 /home/u927597906/domains/kantin.darulhijrah.in/system/Database/BaseConnection.php(607): CodeIgniter\Database\BaseConnection->simpleQuery()
#3 /home/u927597906/domains/kantin.darulhijrah.in/system/Database/BaseBuilder.php(2308): CodeIgniter\Database\BaseConnection->query()
#4 /home/u927597906/domains/kantin.darulhijrah.in/system/Model.php(319): CodeIgniter\Database\BaseBuilder->insert()
#5 /home/u927597906/domains/kantin.darulhijrah.in/system/BaseModel.php(788): CodeIgniter\Model->doInsert()
#6 /home/u927597906/domains/kantin.darulhijrah.in/system/Model.php(715): CodeIgniter\BaseModel->insert()
#7 /home/u927597906/domains/kantin.darulhijrah.in/app/Controllers/Invoice.php(115): CodeIgniter\Model->insert()
#8 /home/u927597906/domains/kantin.darulhijrah.in/system/CodeIgniter.php(942): App\Controllers\Invoice->savePayment()
#9 /home/u927597906/domains/kantin.darulhijrah.in/system/CodeIgniter.php(502): CodeIgniter\CodeIgniter->runController()
#10 /home/u927597906/domains/kantin.darulhijrah.in/system/CodeIgniter.php(361): CodeIgniter\CodeIgniter->handleRequest()
#11 /home/u927597906/domains/kantin.darulhijrah.in/public_html/index.php(79): CodeIgniter\CodeIgniter->run()
#12 {main}
CRITICAL - 2025-08-29 14:46:27 --> Cannot add or update a child row: a foreign key constraint fails (`u927597906_koperasi`.`payments`, CONSTRAINT `fk_payments_invoice` FOREIGN KEY (`id_invoice`) REFERENCES `invoices` (`id_invoice`) ON DELETE CASCADE ON UPDATE CASCADE)
in SYSTEMPATH/Database/BaseConnection.php on line 647.
 1 SYSTEMPATH/Database/BaseBuilder.php(2308): CodeIgniter\Database\BaseConnection->query()
 2 SYSTEMPATH/Model.php(319): CodeIgniter\Database\BaseBuilder->insert()
 3 SYSTEMPATH/BaseModel.php(788): CodeIgniter\Model->doInsert()
 4 SYSTEMPATH/Model.php(715): CodeIgniter\BaseModel->insert()
 5 APPPATH/Controllers/Invoice.php(115): CodeIgniter\Model->insert()
 6 SYSTEMPATH/CodeIgniter.php(942): App\Controllers\Invoice->savePayment()
 7 SYSTEMPATH/CodeIgniter.php(502): CodeIgniter\CodeIgniter->runController()
 8 SYSTEMPATH/CodeIgniter.php(361): CodeIgniter\CodeIgniter->handleRequest()
 9 FCPATH/index.php(79): CodeIgniter\CodeIgniter->run()
INFO - 2025-08-29 14:48:20 --> Session: Class initialized using 'CodeIgniter\Session\Handlers\FileHandler' driver.
ERROR - 2025-08-29 14:48:20 --> mysqli_sql_exception: Cannot add or update a child row: a foreign key constraint fails (`u927597906_koperasi`.`payments`, CONSTRAINT `fk_payments_invoice` FOREIGN KEY (`id_invoice`) REFERENCES `invoices` (`id_invoice`) ON DELETE CASCADE) in /home/u927597906/domains/kantin.darulhijrah.in/system/Database/MySQLi/Connection.php:306
Stack trace:
#0 /home/u927597906/domains/kantin.darulhijrah.in/system/Database/MySQLi/Connection.php(306): mysqli->query()
#1 /home/u927597906/domains/kantin.darulhijrah.in/system/Database/BaseConnection.php(693): CodeIgniter\Database\MySQLi\Connection->execute()
#2 /home/u927597906/domains/kantin.darulhijrah.in/system/Database/BaseConnection.php(607): CodeIgniter\Database\BaseConnection->simpleQuery()
#3 /home/u927597906/domains/kantin.darulhijrah.in/system/Database/BaseBuilder.php(2308): CodeIgniter\Database\BaseConnection->query()
#4 /home/u927597906/domains/kantin.darulhijrah.in/system/Model.php(319): CodeIgniter\Database\BaseBuilder->insert()
#5 /home/u927597906/domains/kantin.darulhijrah.in/system/BaseModel.php(788): CodeIgniter\Model->doInsert()
#6 /home/u927597906/domains/kantin.darulhijrah.in/system/Model.php(715): CodeIgniter\BaseModel->insert()
#7 /home/u927597906/domains/kantin.darulhijrah.in/app/Controllers/Invoice.php(115): CodeIgniter\Model->insert()
#8 /home/u927597906/domains/kantin.darulhijrah.in/system/CodeIgniter.php(942): App\Controllers\Invoice->savePayment()
#9 /home/u927597906/domains/kantin.darulhijrah.in/system/CodeIgniter.php(502): CodeIgniter\CodeIgniter->runController()
#10 /home/u927597906/domains/kantin.darulhijrah.in/system/CodeIgniter.php(361): CodeIgniter\CodeIgniter->handleRequest()
#11 /home/u927597906/domains/kantin.darulhijrah.in/public_html/index.php(79): CodeIgniter\CodeIgniter->run()
#12 {main}
CRITICAL - 2025-08-29 14:48:20 --> Cannot add or update a child row: a foreign key constraint fails (`u927597906_koperasi`.`payments`, CONSTRAINT `fk_payments_invoice` FOREIGN KEY (`id_invoice`) REFERENCES `invoices` (`id_invoice`) ON DELETE CASCADE)
in SYSTEMPATH/Database/BaseConnection.php on line 647.
 1 SYSTEMPATH/Database/BaseBuilder.php(2308): CodeIgniter\Database\BaseConnection->query()
 2 SYSTEMPATH/Model.php(319): CodeIgniter\Database\BaseBuilder->insert()
 3 SYSTEMPATH/BaseModel.php(788): CodeIgniter\Model->doInsert()
 4 SYSTEMPATH/Model.php(715): CodeIgniter\BaseModel->insert()
 5 APPPATH/Controllers/Invoice.php(115): CodeIgniter\Model->insert()
 6 SYSTEMPATH/CodeIgniter.php(942): App\Controllers\Invoice->savePayment()
 7 SYSTEMPATH/CodeIgniter.php(502): CodeIgniter\CodeIgniter->runController()
 8 SYSTEMPATH/CodeIgniter.php(361): CodeIgniter\CodeIgniter->handleRequest()
 9 FCPATH/index.php(79): CodeIgniter\CodeIgniter->run()
INFO - 2025-08-29 14:48:32 --> Session: Class initialized using 'CodeIgniter\Session\Handlers\FileHandler' driver.
ERROR - 2025-08-29 14:48:32 --> mysqli_sql_exception: Cannot add or update a child row: a foreign key constraint fails (`u927597906_koperasi`.`payments`, CONSTRAINT `fk_payments_invoice` FOREIGN KEY (`id_invoice`) REFERENCES `invoices` (`id_invoice`) ON DELETE CASCADE) in /home/u927597906/domains/kantin.darulhijrah.in/system/Database/MySQLi/Connection.php:306
Stack trace:
#0 /home/u927597906/domains/kantin.darulhijrah.in/system/Database/MySQLi/Connection.php(306): mysqli->query()
#1 /home/u927597906/domains/kantin.darulhijrah.in/system/Database/BaseConnection.php(693): CodeIgniter\Database\MySQLi\Connection->execute()
#2 /home/u927597906/domains/kantin.darulhijrah.in/system/Database/BaseConnection.php(607): CodeIgniter\Database\BaseConnection->simpleQuery()
#3 /home/u927597906/domains/kantin.darulhijrah.in/system/Database/BaseBuilder.php(2308): CodeIgniter\Database\BaseConnection->query()
#4 /home/u927597906/domains/kantin.darulhijrah.in/system/Model.php(319): CodeIgniter\Database\BaseBuilder->insert()
#5 /home/u927597906/domains/kantin.darulhijrah.in/system/BaseModel.php(788): CodeIgniter\Model->doInsert()
#6 /home/u927597906/domains/kantin.darulhijrah.in/system/Model.php(715): CodeIgniter\BaseModel->insert()
#7 /home/u927597906/domains/kantin.darulhijrah.in/app/Controllers/Invoice.php(115): CodeIgniter\Model->insert()
#8 /home/u927597906/domains/kantin.darulhijrah.in/system/CodeIgniter.php(942): App\Controllers\Invoice->savePayment()
#9 /home/u927597906/domains/kantin.darulhijrah.in/system/CodeIgniter.php(502): CodeIgniter\CodeIgniter->runController()
#10 /home/u927597906/domains/kantin.darulhijrah.in/system/CodeIgniter.php(361): CodeIgniter\CodeIgniter->handleRequest()
#11 /home/u927597906/domains/kantin.darulhijrah.in/public_html/index.php(79): CodeIgniter\CodeIgniter->run()
#12 {main}
CRITICAL - 2025-08-29 14:48:32 --> Cannot add or update a child row: a foreign key constraint fails (`u927597906_koperasi`.`payments`, CONSTRAINT `fk_payments_invoice` FOREIGN KEY (`id_invoice`) REFERENCES `invoices` (`id_invoice`) ON DELETE CASCADE)
in SYSTEMPATH/Database/BaseConnection.php on line 647.
 1 SYSTEMPATH/Database/BaseBuilder.php(2308): CodeIgniter\Database\BaseConnection->query()
 2 SYSTEMPATH/Model.php(319): CodeIgniter\Database\BaseBuilder->insert()
 3 SYSTEMPATH/BaseModel.php(788): CodeIgniter\Model->doInsert()
 4 SYSTEMPATH/Model.php(715): CodeIgniter\BaseModel->insert()
 5 APPPATH/Controllers/Invoice.php(115): CodeIgniter\Model->insert()
 6 SYSTEMPATH/CodeIgniter.php(942): App\Controllers\Invoice->savePayment()
 7 SYSTEMPATH/CodeIgniter.php(502): CodeIgniter\CodeIgniter->runController()
 8 SYSTEMPATH/CodeIgniter.php(361): CodeIgniter\CodeIgniter->handleRequest()
 9 FCPATH/index.php(79): CodeIgniter\CodeIgniter->run()
INFO - 2025-08-29 14:48:37 --> Session: Class initialized using 'CodeIgniter\Session\Handlers\FileHandler' driver.
INFO - 2025-08-29 14:48:44 --> Session: Class initialized using 'CodeIgniter\Session\Handlers\FileHandler' driver.
INFO - 2025-08-29 14:48:55 --> Session: Class initialized using 'CodeIgniter\Session\Handlers\FileHandler' driver.
ERROR - 2025-08-29 14:48:55 --> mysqli_sql_exception: Cannot add or update a child row: a foreign key constraint fails (`u927597906_koperasi`.`payments`, CONSTRAINT `fk_payments_invoice` FOREIGN KEY (`id_invoice`) REFERENCES `invoices` (`id_invoice`) ON DELETE CASCADE) in /home/u927597906/domains/kantin.darulhijrah.in/system/Database/MySQLi/Connection.php:306
Stack trace:
#0 /home/u927597906/domains/kantin.darulhijrah.in/system/Database/MySQLi/Connection.php(306): mysqli->query()
#1 /home/u927597906/domains/kantin.darulhijrah.in/system/Database/BaseConnection.php(693): CodeIgniter\Database\MySQLi\Connection->execute()
#2 /home/u927597906/domains/kantin.darulhijrah.in/system/Database/BaseConnection.php(607): CodeIgniter\Database\BaseConnection->simpleQuery()
#3 /home/u927597906/domains/kantin.darulhijrah.in/system/Database/BaseBuilder.php(2308): CodeIgniter\Database\BaseConnection->query()
#4 /home/u927597906/domains/kantin.darulhijrah.in/system/Model.php(319): CodeIgniter\Database\BaseBuilder->insert()
#5 /home/u927597906/domains/kantin.darulhijrah.in/system/BaseModel.php(788): CodeIgniter\Model->doInsert()
#6 /home/u927597906/domains/kantin.darulhijrah.in/system/Model.php(715): CodeIgniter\BaseModel->insert()
#7 /home/u927597906/domains/kantin.darulhijrah.in/app/Controllers/Invoice.php(115): CodeIgniter\Model->insert()
#8 /home/u927597906/domains/kantin.darulhijrah.in/system/CodeIgniter.php(942): App\Controllers\Invoice->savePayment()
#9 /home/u927597906/domains/kantin.darulhijrah.in/system/CodeIgniter.php(502): CodeIgniter\CodeIgniter->runController()
#10 /home/u927597906/domains/kantin.darulhijrah.in/system/CodeIgniter.php(361): CodeIgniter\CodeIgniter->handleRequest()
#11 /home/u927597906/domains/kantin.darulhijrah.in/public_html/index.php(79): CodeIgniter\CodeIgniter->run()
#12 {main}
CRITICAL - 2025-08-29 14:48:55 --> Cannot add or update a child row: a foreign key constraint fails (`u927597906_koperasi`.`payments`, CONSTRAINT `fk_payments_invoice` FOREIGN KEY (`id_invoice`) REFERENCES `invoices` (`id_invoice`) ON DELETE CASCADE)
in SYSTEMPATH/Database/BaseConnection.php on line 647.
 1 SYSTEMPATH/Database/BaseBuilder.php(2308): CodeIgniter\Database\BaseConnection->query()
 2 SYSTEMPATH/Model.php(319): CodeIgniter\Database\BaseBuilder->insert()
 3 SYSTEMPATH/BaseModel.php(788): CodeIgniter\Model->doInsert()
 4 SYSTEMPATH/Model.php(715): CodeIgniter\BaseModel->insert()
 5 APPPATH/Controllers/Invoice.php(115): CodeIgniter\Model->insert()
 6 SYSTEMPATH/CodeIgniter.php(942): App\Controllers\Invoice->savePayment()
 7 SYSTEMPATH/CodeIgniter.php(502): CodeIgniter\CodeIgniter->runController()
 8 SYSTEMPATH/CodeIgniter.php(361): CodeIgniter\CodeIgniter->handleRequest()
 9 FCPATH/index.php(79): CodeIgniter\CodeIgniter->run()
INFO - 2025-08-29 14:55:30 --> Session: Class initialized using 'CodeIgniter\Session\Handlers\FileHandler' driver.
INFO - 2025-08-29 14:55:36 --> Session: Class initialized using 'CodeIgniter\Session\Handlers\FileHandler' driver.
INFO - 2025-08-29 14:55:48 --> Session: Class initialized using 'CodeIgniter\Session\Handlers\FileHandler' driver.
INFO - 2025-08-29 15:05:41 --> Session: Class initialized using 'CodeIgniter\Session\Handlers\FileHandler' driver.
INFO - 2025-08-29 15:05:52 --> Session: Class initialized using 'CodeIgniter\Session\Handlers\FileHandler' driver.
ERROR - 2025-08-29 15:05:52 --> mysqli_sql_exception: Cannot add or update a child row: a foreign key constraint fails (`u927597906_koperasi`.`payments`, CONSTRAINT `payments_ibfk_1` FOREIGN KEY (`id_invoice`) REFERENCES `invoices` (`id_invoice`) ON DELETE CASCADE) in /home/u927597906/domains/kantin.darulhijrah.in/system/Database/MySQLi/Connection.php:306
Stack trace:
#0 /home/u927597906/domains/kantin.darulhijrah.in/system/Database/MySQLi/Connection.php(306): mysqli->query()
#1 /home/u927597906/domains/kantin.darulhijrah.in/system/Database/BaseConnection.php(693): CodeIgniter\Database\MySQLi\Connection->execute()
#2 /home/u927597906/domains/kantin.darulhijrah.in/system/Database/BaseConnection.php(607): CodeIgniter\Database\BaseConnection->simpleQuery()
#3 /home/u927597906/domains/kantin.darulhijrah.in/system/Database/BaseBuilder.php(2308): CodeIgniter\Database\BaseConnection->query()
#4 /home/u927597906/domains/kantin.darulhijrah.in/system/Model.php(319): CodeIgniter\Database\BaseBuilder->insert()
#5 /home/u927597906/domains/kantin.darulhijrah.in/system/BaseModel.php(788): CodeIgniter\Model->doInsert()
#6 /home/u927597906/domains/kantin.darulhijrah.in/system/Model.php(715): CodeIgniter\BaseModel->insert()
#7 /home/u927597906/domains/kantin.darulhijrah.in/app/Controllers/Invoice.php(115): CodeIgniter\Model->insert()
#8 /home/u927597906/domains/kantin.darulhijrah.in/system/CodeIgniter.php(942): App\Controllers\Invoice->savePayment()
#9 /home/u927597906/domains/kantin.darulhijrah.in/system/CodeIgniter.php(502): CodeIgniter\CodeIgniter->runController()
#10 /home/u927597906/domains/kantin.darulhijrah.in/system/CodeIgniter.php(361): CodeIgniter\CodeIgniter->handleRequest()
#11 /home/u927597906/domains/kantin.darulhijrah.in/public_html/index.php(79): CodeIgniter\CodeIgniter->run()
#12 {main}
CRITICAL - 2025-08-29 15:05:52 --> Cannot add or update a child row: a foreign key constraint fails (`u927597906_koperasi`.`payments`, CONSTRAINT `payments_ibfk_1` FOREIGN KEY (`id_invoice`) REFERENCES `invoices` (`id_invoice`) ON DELETE CASCADE)
in SYSTEMPATH/Database/BaseConnection.php on line 647.
 1 SYSTEMPATH/Database/BaseBuilder.php(2308): CodeIgniter\Database\BaseConnection->query()
 2 SYSTEMPATH/Model.php(319): CodeIgniter\Database\BaseBuilder->insert()
 3 SYSTEMPATH/BaseModel.php(788): CodeIgniter\Model->doInsert()
 4 SYSTEMPATH/Model.php(715): CodeIgniter\BaseModel->insert()
 5 APPPATH/Controllers/Invoice.php(115): CodeIgniter\Model->insert()
 6 SYSTEMPATH/CodeIgniter.php(942): App\Controllers\Invoice->savePayment()
 7 SYSTEMPATH/CodeIgniter.php(502): CodeIgniter\CodeIgniter->runController()
 8 SYSTEMPATH/CodeIgniter.php(361): CodeIgniter\CodeIgniter->handleRequest()
 9 FCPATH/index.php(79): CodeIgniter\CodeIgniter->run()
INFO - 2025-08-29 15:11:01 --> Session: Class initialized using 'CodeIgniter\Session\Handlers\FileHandler' driver.
CRITICAL - 2025-08-29 15:11:04 --> Call to undefined method App\Models\PaymentModel::getPaymentsByInvoice
in SYSTEMPATH/Model.php on line 873.
 1 APPPATH/Controllers/InvoiceController.php(145): CodeIgniter\Model->__call()
 2 SYSTEMPATH/CodeIgniter.php(942): App\Controllers\InvoiceController->view()
 3 SYSTEMPATH/CodeIgniter.php(502): CodeIgniter\CodeIgniter->runController()
 4 SYSTEMPATH/CodeIgniter.php(361): CodeIgniter\CodeIgniter->handleRequest()
 5 FCPATH/index.php(79): CodeIgniter\CodeIgniter->run()
CRITICAL - 2025-08-29 15:11:08 --> Call to undefined method App\Models\PaymentModel::getPaymentsByInvoice
in SYSTEMPATH/Model.php on line 873.
 1 APPPATH/Controllers/InvoiceController.php(145): CodeIgniter\Model->__call()
 2 SYSTEMPATH/CodeIgniter.php(942): App\Controllers\InvoiceController->view()
 3 SYSTEMPATH/CodeIgniter.php(502): CodeIgniter\CodeIgniter->runController()
 4 SYSTEMPATH/CodeIgniter.php(361): CodeIgniter\CodeIgniter->handleRequest()
 5 FCPATH/index.php(79): CodeIgniter\CodeIgniter->run()
INFO - 2025-08-29 15:30:25 --> Session: Class initialized using 'CodeIgniter\Session\Handlers\FileHandler' driver.
INFO - 2025-08-29 15:30:50 --> Session: Class initialized using 'CodeIgniter\Session\Handlers\FileHandler' driver.
INFO - 2025-08-29 15:31:05 --> Session: Class initialized using 'CodeIgniter\Session\Handlers\FileHandler' driver.
INFO - 2025-08-29 15:31:26 --> Session: Class initialized using 'CodeIgniter\Session\Handlers\FileHandler' driver.
INFO - 2025-08-29 15:31:41 --> Session: Class initialized using 'CodeIgniter\Session\Handlers\FileHandler' driver.
CRITICAL - 2025-08-29 15:31:41 --> Undefined property: App\Controllers\Invoice::$paymentModel
in APPPATH/Controllers/Invoice.php on line 112.
 1 APPPATH/Controllers/Invoice.php(112): CodeIgniter\Debug\Exceptions->errorHandler()
 2 SYSTEMPATH/CodeIgniter.php(942): App\Controllers\Invoice->savePayment()
 3 SYSTEMPATH/CodeIgniter.php(502): CodeIgniter\CodeIgniter->runController()
 4 SYSTEMPATH/CodeIgniter.php(361): CodeIgniter\CodeIgniter->handleRequest()
 5 FCPATH/index.php(79): CodeIgniter\CodeIgniter->run()
INFO - 2025-08-29 15:37:46 --> Session: Class initialized using 'CodeIgniter\Session\Handlers\FileHandler' driver.
CRITICAL - 2025-08-29 15:37:46 --> Class "App\Models\paymentModel" not found
in APPPATH/Controllers/Invoice.php on line 19.
 1 SYSTEMPATH/CodeIgniter.php(914): App\Controllers\Invoice->__construct()
 2 SYSTEMPATH/CodeIgniter.php(493): CodeIgniter\CodeIgniter->createController()
 3 SYSTEMPATH/CodeIgniter.php(361): CodeIgniter\CodeIgniter->handleRequest()
 4 FCPATH/index.php(79): CodeIgniter\CodeIgniter->run()
INFO - 2025-08-29 15:39:49 --> Session: Class initialized using 'CodeIgniter\Session\Handlers\FileHandler' driver.
CRITICAL - 2025-08-29 15:39:49 --> Class "App\Models\paymentModel" not found
in APPPATH/Controllers/Invoice.php on line 20.
 1 SYSTEMPATH/CodeIgniter.php(914): App\Controllers\Invoice->__construct()
 2 SYSTEMPATH/CodeIgniter.php(493): CodeIgniter\CodeIgniter->createController()
 3 SYSTEMPATH/CodeIgniter.php(361): CodeIgniter\CodeIgniter->handleRequest()
 4 FCPATH/index.php(79): CodeIgniter\CodeIgniter->run()
INFO - 2025-08-29 15:40:43 --> Session: Class initialized using 'CodeIgniter\Session\Handlers\FileHandler' driver.
CRITICAL - 2025-08-29 15:40:43 --> Class "App\Controllers\PaymentAllocationModel" not found
in APPPATH/Controllers/Invoice.php on line 21.
 1 SYSTEMPATH/CodeIgniter.php(914): App\Controllers\Invoice->__construct()
 2 SYSTEMPATH/CodeIgniter.php(493): CodeIgniter\CodeIgniter->createController()
 3 SYSTEMPATH/CodeIgniter.php(361): CodeIgniter\CodeIgniter->handleRequest()
 4 FCPATH/index.php(79): CodeIgniter\CodeIgniter->run()
INFO - 2025-08-29 15:40:46 --> Session: Class initialized using 'CodeIgniter\Session\Handlers\FileHandler' driver.
CRITICAL - 2025-08-29 15:40:46 --> Class "App\Controllers\PaymentAllocationModel" not found
in APPPATH/Controllers/Invoice.php on line 21.
 1 SYSTEMPATH/CodeIgniter.php(914): App\Controllers\Invoice->__construct()
 2 SYSTEMPATH/CodeIgniter.php(493): CodeIgniter\CodeIgniter->createController()
 3 SYSTEMPATH/CodeIgniter.php(361): CodeIgniter\CodeIgniter->handleRequest()
 4 FCPATH/index.php(79): CodeIgniter\CodeIgniter->run()
INFO - 2025-08-29 15:41:46 --> Session: Class initialized using 'CodeIgniter\Session\Handlers\FileHandler' driver.
INFO - 2025-08-29 15:41:59 --> Session: Class initialized using 'CodeIgniter\Session\Handlers\FileHandler' driver.
ERROR - 2025-08-29 15:41:59 --> mysqli_sql_exception: Cannot add or update a child row: a foreign key constraint fails (`u927597906_koperasi`.`payments`, CONSTRAINT `payments_ibfk_1` FOREIGN KEY (`id_invoice`) REFERENCES `invoices` (`id_invoice`) ON DELETE CASCADE) in /home/u927597906/domains/kantin.darulhijrah.in/system/Database/MySQLi/Connection.php:306
Stack trace:
#0 /home/u927597906/domains/kantin.darulhijrah.in/system/Database/MySQLi/Connection.php(306): mysqli->query()
#1 /home/u927597906/domains/kantin.darulhijrah.in/system/Database/BaseConnection.php(693): CodeIgniter\Database\MySQLi\Connection->execute()
#2 /home/u927597906/domains/kantin.darulhijrah.in/system/Database/BaseConnection.php(607): CodeIgniter\Database\BaseConnection->simpleQuery()
#3 /home/u927597906/domains/kantin.darulhijrah.in/system/Database/BaseBuilder.php(2308): CodeIgniter\Database\BaseConnection->query()
#4 /home/u927597906/domains/kantin.darulhijrah.in/system/Model.php(319): CodeIgniter\Database\BaseBuilder->insert()
#5 /home/u927597906/domains/kantin.darulhijrah.in/system/BaseModel.php(788): CodeIgniter\Model->doInsert()
#6 /home/u927597906/domains/kantin.darulhijrah.in/system/Model.php(715): CodeIgniter\BaseModel->insert()
#7 /home/u927597906/domains/kantin.darulhijrah.in/app/Controllers/Invoice.php(118): CodeIgniter\Model->insert()
#8 /home/u927597906/domains/kantin.darulhijrah.in/system/CodeIgniter.php(942): App\Controllers\Invoice->savePayment()
#9 /home/u927597906/domains/kantin.darulhijrah.in/system/CodeIgniter.php(502): CodeIgniter\CodeIgniter->runController()
#10 /home/u927597906/domains/kantin.darulhijrah.in/system/CodeIgniter.php(361): CodeIgniter\CodeIgniter->handleRequest()
#11 /home/u927597906/domains/kantin.darulhijrah.in/public_html/index.php(79): CodeIgniter\CodeIgniter->run()
#12 {main}
CRITICAL - 2025-08-29 15:41:59 --> Cannot add or update a child row: a foreign key constraint fails (`u927597906_koperasi`.`payments`, CONSTRAINT `payments_ibfk_1` FOREIGN KEY (`id_invoice`) REFERENCES `invoices` (`id_invoice`) ON DELETE CASCADE)
in SYSTEMPATH/Database/BaseConnection.php on line 647.
 1 SYSTEMPATH/Database/BaseBuilder.php(2308): CodeIgniter\Database\BaseConnection->query()
 2 SYSTEMPATH/Model.php(319): CodeIgniter\Database\BaseBuilder->insert()
 3 SYSTEMPATH/BaseModel.php(788): CodeIgniter\Model->doInsert()
 4 SYSTEMPATH/Model.php(715): CodeIgniter\BaseModel->insert()
 5 APPPATH/Controllers/Invoice.php(118): CodeIgniter\Model->insert()
 6 SYSTEMPATH/CodeIgniter.php(942): App\Controllers\Invoice->savePayment()
 7 SYSTEMPATH/CodeIgniter.php(502): CodeIgniter\CodeIgniter->runController()
 8 SYSTEMPATH/CodeIgniter.php(361): CodeIgniter\CodeIgniter->handleRequest()
 9 FCPATH/index.php(79): CodeIgniter\CodeIgniter->run()
INFO - 2025-08-29 15:45:26 --> Session: Class initialized using 'CodeIgniter\Session\Handlers\FileHandler' driver.
INFO - 2025-08-29 15:45:28 --> Session: Class initialized using 'CodeIgniter\Session\Handlers\FileHandler' driver.
CRITICAL - 2025-08-29 15:45:28 --> Undefined property: App\Controllers\Invoice::$allocModel
in APPPATH/Controllers/Invoice.php on line 126.
 1 APPPATH/Controllers/Invoice.php(126): CodeIgniter\Debug\Exceptions->errorHandler()
 2 SYSTEMPATH/CodeIgniter.php(942): App\Controllers\Invoice->savePayment()
 3 SYSTEMPATH/CodeIgniter.php(502): CodeIgniter\CodeIgniter->runController()
 4 SYSTEMPATH/CodeIgniter.php(361): CodeIgniter\CodeIgniter->handleRequest()
 5 FCPATH/index.php(79): CodeIgniter\CodeIgniter->run()
INFO - 2025-08-29 15:46:36 --> Session: Class initialized using 'CodeIgniter\Session\Handlers\FileHandler' driver.
WARNING - 2025-08-29 15:46:36 --> [DEPRECATED] Creation of dynamic property App\Controllers\Invoice::$allocModel is deprecated in APPPATH/Controllers/Invoice.php on line 22.
 1 SYSTEMPATH/CodeIgniter.php(914): App\Controllers\Invoice->__construct()
 2 SYSTEMPATH/CodeIgniter.php(493): CodeIgniter\CodeIgniter->createController()
 3 SYSTEMPATH/CodeIgniter.php(361): CodeIgniter\CodeIgniter->handleRequest(null, Object(Config\Cache), false)
 4 FCPATH/index.php(79): CodeIgniter\CodeIgniter->run()
INFO - 2025-08-29 15:46:57 --> Session: Class initialized using 'CodeIgniter\Session\Handlers\FileHandler' driver.
WARNING - 2025-08-29 15:46:57 --> [DEPRECATED] Creation of dynamic property App\Controllers\Invoice::$allocModel is deprecated in APPPATH/Controllers/Invoice.php on line 22.
 1 SYSTEMPATH/CodeIgniter.php(914): App\Controllers\Invoice->__construct()
 2 SYSTEMPATH/CodeIgniter.php(493): CodeIgniter\CodeIgniter->createController()
 3 SYSTEMPATH/CodeIgniter.php(361): CodeIgniter\CodeIgniter->handleRequest(null, Object(Config\Cache), false)
 4 FCPATH/index.php(79): CodeIgniter\CodeIgniter->run()
INFO - 2025-08-29 15:48:21 --> Session: Class initialized using 'CodeIgniter\Session\Handlers\FileHandler' driver.
WARNING - 2025-08-29 15:48:21 --> [DEPRECATED] Creation of dynamic property App\Controllers\Invoice::$allocModel is deprecated in APPPATH/Controllers/Invoice.php on line 22.
 1 SYSTEMPATH/CodeIgniter.php(914): App\Controllers\Invoice->__construct()
 2 SYSTEMPATH/CodeIgniter.php(493): CodeIgniter\CodeIgniter->createController()
 3 SYSTEMPATH/CodeIgniter.php(361): CodeIgniter\CodeIgniter->handleRequest(null, Object(Config\Cache), false)
 4 FCPATH/index.php(79): CodeIgniter\CodeIgniter->run()
INFO - 2025-08-29 15:48:46 --> Session: Class initialized using 'CodeIgniter\Session\Handlers\FileHandler' driver.
WARNING - 2025-08-29 15:48:46 --> [DEPRECATED] Creation of dynamic property App\Controllers\Invoice::$allocModel is deprecated in APPPATH/Controllers/Invoice.php on line 22.
 1 SYSTEMPATH/CodeIgniter.php(914): App\Controllers\Invoice->__construct()
 2 SYSTEMPATH/CodeIgniter.php(493): CodeIgniter\CodeIgniter->createController()
 3 SYSTEMPATH/CodeIgniter.php(361): CodeIgniter\CodeIgniter->handleRequest(null, Object(Config\Cache), false)
 4 FCPATH/index.php(79): CodeIgniter\CodeIgniter->run()
INFO - 2025-08-29 20:35:06 --> Session: Class initialized using 'CodeIgniter\Session\Handlers\FileHandler' driver.
INFO - 2025-08-29 20:35:06 --> Session: Class initialized using 'CodeIgniter\Session\Handlers\FileHandler' driver.
INFO - 2025-08-29 20:35:08 --> Session: Class initialized using 'CodeIgniter\Session\Handlers\FileHandler' driver.
INFO - 2025-08-29 20:35:09 --> Session: Class initialized using 'CodeIgniter\Session\Handlers\FileHandler' driver.
WARNING - 2025-08-29 20:35:09 --> [DEPRECATED] Creation of dynamic property App\Controllers\Invoice::$allocModel is deprecated in APPPATH/Controllers/Invoice.php on line 22.
 1 SYSTEMPATH/CodeIgniter.php(914): App\Controllers\Invoice->__construct()
 2 SYSTEMPATH/CodeIgniter.php(493): CodeIgniter\CodeIgniter->createController()
 3 SYSTEMPATH/CodeIgniter.php(361): CodeIgniter\CodeIgniter->handleRequest(null, Object(Config\Cache), false)
 4 FCPATH/index.php(79): CodeIgniter\CodeIgniter->run()
INFO - 2025-08-29 20:36:19 --> Session: Class initialized using 'CodeIgniter\Session\Handlers\FileHandler' driver.
WARNING - 2025-08-29 20:36:19 --> [DEPRECATED] Creation of dynamic property App\Controllers\Invoice::$allocModel is deprecated in APPPATH/Controllers/Invoice.php on line 22.
 1 SYSTEMPATH/CodeIgniter.php(914): App\Controllers\Invoice->__construct()
 2 SYSTEMPATH/CodeIgniter.php(493): CodeIgniter\CodeIgniter->createController()
 3 SYSTEMPATH/CodeIgniter.php(361): CodeIgniter\CodeIgniter->handleRequest(null, Object(Config\Cache), false)
 4 FCPATH/index.php(79): CodeIgniter\CodeIgniter->run()
INFO - 2025-08-29 20:39:58 --> Session: Class initialized using 'CodeIgniter\Session\Handlers\FileHandler' driver.
WARNING - 2025-08-29 20:39:58 --> [DEPRECATED] Creation of dynamic property App\Controllers\Invoice::$allocModel is deprecated in APPPATH/Controllers/Invoice.php on line 22.
 1 SYSTEMPATH/CodeIgniter.php(914): App\Controllers\Invoice->__construct()
 2 SYSTEMPATH/CodeIgniter.php(493): CodeIgniter\CodeIgniter->createController()
 3 SYSTEMPATH/CodeIgniter.php(361): CodeIgniter\CodeIgniter->handleRequest(null, Object(Config\Cache), false)
 4 FCPATH/index.php(79): CodeIgniter\CodeIgniter->run()
INFO - 2025-08-29 20:40:52 --> Session: Class initialized using 'CodeIgniter\Session\Handlers\FileHandler' driver.
WARNING - 2025-08-29 20:40:52 --> [DEPRECATED] Creation of dynamic property App\Controllers\Invoice::$allocModel is deprecated in APPPATH/Controllers/Invoice.php on line 22.
 1 SYSTEMPATH/CodeIgniter.php(914): App\Controllers\Invoice->__construct()
 2 SYSTEMPATH/CodeIgniter.php(493): CodeIgniter\CodeIgniter->createController()
 3 SYSTEMPATH/CodeIgniter.php(361): CodeIgniter\CodeIgniter->handleRequest(null, Object(Config\Cache), false)
 4 FCPATH/index.php(79): CodeIgniter\CodeIgniter->run()
