ERROR - 2025-05-27 07:30:42 --> Error connecting to the database: mysqli_sql_exception: Access denied for user 'root'@'localhost' (using password: NO) in /home/u927597906/domains/kantin.darulhijrah.in/public_html/koperasi/system/Database/MySQLi/Connection.php:184
Stack trace:
#0 /home/u927597906/domains/kantin.darulhijrah.in/public_html/koperasi/system/Database/MySQLi/Connection.php(184): mysqli->real_connect()
#1 /home/u927597906/domains/kantin.darulhijrah.in/public_html/koperasi/system/Database/BaseConnection.php(392): CodeIgniter\Database\MySQLi\Connection->connect()
#2 /home/u927597906/domains/kantin.darulhijrah.in/public_html/koperasi/system/Database/BaseConnection.php(575): CodeIgniter\Database\BaseConnection->initialize()
#3 /home/u927597906/domains/kantin.darulhijrah.in/public_html/koperasi/system/Database/BaseBuilder.php(1615): CodeIgniter\Database\BaseConnection->query()
#4 /home/u927597906/domains/kantin.darulhijrah.in/public_html/koperasi/system/Model.php(237): CodeIgniter\Database\BaseBuilder->get()
#5 /home/u927597906/domains/kantin.darulhijrah.in/public_html/koperasi/system/BaseModel.php(624): CodeIgniter\Model->doFindAll()
#6 /home/u927597906/domains/kantin.darulhijrah.in/public_html/koperasi/app/Controllers/Home.php(13): CodeIgniter\BaseModel->findAll()
#7 /home/u927597906/domains/kantin.darulhijrah.in/public_html/koperasi/system/CodeIgniter.php(942): App\Controllers\Home->index()
#8 /home/u927597906/domains/kantin.darulhijrah.in/public_html/koperasi/system/CodeIgniter.php(502): CodeIgniter\CodeIgniter->runController()
#9 /home/u927597906/domains/kantin.darulhijrah.in/public_html/koperasi/system/CodeIgniter.php(361): CodeIgniter\CodeIgniter->handleRequest()
#10 /home/u927597906/domains/kantin.darulhijrah.in/public_html/koperasi/public/index.php(79): CodeIgniter\CodeIgniter->run()
#11 {main}

Next CodeIgniter\Database\Exceptions\DatabaseException: Access denied for user '****'@'localhost' (using password: NO) in /home/u927597906/domains/kantin.darulhijrah.in/public_html/koperasi/system/Database/MySQLi/Connection.php:229
Stack trace:
#0 /home/u927597906/domains/kantin.darulhijrah.in/public_html/koperasi/system/Database/BaseConnection.php(392): CodeIgniter\Database\MySQLi\Connection->connect()
#1 /home/u927597906/domains/kantin.darulhijrah.in/public_html/koperasi/system/Database/BaseConnection.php(575): CodeIgniter\Database\BaseConnection->initialize()
#2 /home/u927597906/domains/kantin.darulhijrah.in/public_html/koperasi/system/Database/BaseBuilder.php(1615): CodeIgniter\Database\BaseConnection->query()
#3 /home/u927597906/domains/kantin.darulhijrah.in/public_html/koperasi/system/Model.php(237): CodeIgniter\Database\BaseBuilder->get()
#4 /home/u927597906/domains/kantin.darulhijrah.in/public_html/koperasi/system/BaseModel.php(624): CodeIgniter\Model->doFindAll()
#5 /home/u927597906/domains/kantin.darulhijrah.in/public_html/koperasi/app/Controllers/Home.php(13): CodeIgniter\BaseModel->findAll()
#6 /home/u927597906/domains/kantin.darulhijrah.in/public_html/koperasi/system/CodeIgniter.php(942): App\Controllers\Home->index()
#7 /home/u927597906/domains/kantin.darulhijrah.in/public_html/koperasi/system/CodeIgniter.php(502): CodeIgniter\CodeIgniter->runController()
#8 /home/u927597906/domains/kantin.darulhijrah.in/public_html/koperasi/system/CodeIgniter.php(361): CodeIgniter\CodeIgniter->handleRequest()
#9 /home/u927597906/domains/kantin.darulhijrah.in/public_html/koperasi/public/index.php(79): CodeIgniter\CodeIgniter->run()
#10 {main}
CRITICAL - 2025-05-27 07:30:42 --> Unable to connect to the database.
Main connection [MySQLi]: Access denied for user '****'@'localhost' (using password: NO)
in SYSTEMPATH/Database/BaseConnection.php on line 428.
 1 SYSTEMPATH/Database/BaseConnection.php(575): CodeIgniter\Database\BaseConnection->initialize()
 2 SYSTEMPATH/Database/BaseBuilder.php(1615): CodeIgniter\Database\BaseConnection->query()
 3 SYSTEMPATH/Model.php(237): CodeIgniter\Database\BaseBuilder->get()
 4 SYSTEMPATH/BaseModel.php(624): CodeIgniter\Model->doFindAll()
 5 APPPATH/Controllers/Home.php(13): CodeIgniter\BaseModel->findAll()
 6 SYSTEMPATH/CodeIgniter.php(942): App\Controllers\Home->index()
 7 SYSTEMPATH/CodeIgniter.php(502): CodeIgniter\CodeIgniter->runController()
 8 SYSTEMPATH/CodeIgniter.php(361): CodeIgniter\CodeIgniter->handleRequest()
 9 FCPATH/index.php(79): CodeIgniter\CodeIgniter->run()
ERROR - 2025-05-27 07:31:45 --> Error connecting to the database: mysqli_sql_exception: Access denied for user '927597906_sistaff'@'localhost' (using password: YES) in /home/u927597906/domains/kantin.darulhijrah.in/public_html/koperasi/system/Database/MySQLi/Connection.php:184
Stack trace:
#0 /home/u927597906/domains/kantin.darulhijrah.in/public_html/koperasi/system/Database/MySQLi/Connection.php(184): mysqli->real_connect()
#1 /home/u927597906/domains/kantin.darulhijrah.in/public_html/koperasi/system/Database/BaseConnection.php(392): CodeIgniter\Database\MySQLi\Connection->connect()
#2 /home/u927597906/domains/kantin.darulhijrah.in/public_html/koperasi/system/Database/BaseConnection.php(575): CodeIgniter\Database\BaseConnection->initialize()
#3 /home/u927597906/domains/kantin.darulhijrah.in/public_html/koperasi/system/Database/BaseBuilder.php(1615): CodeIgniter\Database\BaseConnection->query()
#4 /home/u927597906/domains/kantin.darulhijrah.in/public_html/koperasi/system/Model.php(237): CodeIgniter\Database\BaseBuilder->get()
#5 /home/u927597906/domains/kantin.darulhijrah.in/public_html/koperasi/system/BaseModel.php(624): CodeIgniter\Model->doFindAll()
#6 /home/u927597906/domains/kantin.darulhijrah.in/public_html/koperasi/app/Controllers/Home.php(13): CodeIgniter\BaseModel->findAll()
#7 /home/u927597906/domains/kantin.darulhijrah.in/public_html/koperasi/system/CodeIgniter.php(942): App\Controllers\Home->index()
#8 /home/u927597906/domains/kantin.darulhijrah.in/public_html/koperasi/system/CodeIgniter.php(502): CodeIgniter\CodeIgniter->runController()
#9 /home/u927597906/domains/kantin.darulhijrah.in/public_html/koperasi/system/CodeIgniter.php(361): CodeIgniter\CodeIgniter->handleRequest()
#10 /home/u927597906/domains/kantin.darulhijrah.in/public_html/koperasi/public/index.php(79): CodeIgniter\CodeIgniter->run()
#11 {main}

Next CodeIgniter\Database\Exceptions\DatabaseException: Access denied for user '****'@'localhost' (using password: YES) in /home/u927597906/domains/kantin.darulhijrah.in/public_html/koperasi/system/Database/MySQLi/Connection.php:229
Stack trace:
#0 /home/u927597906/domains/kantin.darulhijrah.in/public_html/koperasi/system/Database/BaseConnection.php(392): CodeIgniter\Database\MySQLi\Connection->connect()
#1 /home/u927597906/domains/kantin.darulhijrah.in/public_html/koperasi/system/Database/BaseConnection.php(575): CodeIgniter\Database\BaseConnection->initialize()
#2 /home/u927597906/domains/kantin.darulhijrah.in/public_html/koperasi/system/Database/BaseBuilder.php(1615): CodeIgniter\Database\BaseConnection->query()
#3 /home/u927597906/domains/kantin.darulhijrah.in/public_html/koperasi/system/Model.php(237): CodeIgniter\Database\BaseBuilder->get()
#4 /home/u927597906/domains/kantin.darulhijrah.in/public_html/koperasi/system/BaseModel.php(624): CodeIgniter\Model->doFindAll()
#5 /home/u927597906/domains/kantin.darulhijrah.in/public_html/koperasi/app/Controllers/Home.php(13): CodeIgniter\BaseModel->findAll()
#6 /home/u927597906/domains/kantin.darulhijrah.in/public_html/koperasi/system/CodeIgniter.php(942): App\Controllers\Home->index()
#7 /home/u927597906/domains/kantin.darulhijrah.in/public_html/koperasi/system/CodeIgniter.php(502): CodeIgniter\CodeIgniter->runController()
#8 /home/u927597906/domains/kantin.darulhijrah.in/public_html/koperasi/system/CodeIgniter.php(361): CodeIgniter\CodeIgniter->handleRequest()
#9 /home/u927597906/domains/kantin.darulhijrah.in/public_html/koperasi/public/index.php(79): CodeIgniter\CodeIgniter->run()
#10 {main}
CRITICAL - 2025-05-27 07:31:45 --> Unable to connect to the database.
Main connection [MySQLi]: Access denied for user '****'@'localhost' (using password: YES)
in SYSTEMPATH/Database/BaseConnection.php on line 428.
 1 SYSTEMPATH/Database/BaseConnection.php(575): CodeIgniter\Database\BaseConnection->initialize()
 2 SYSTEMPATH/Database/BaseBuilder.php(1615): CodeIgniter\Database\BaseConnection->query()
 3 SYSTEMPATH/Model.php(237): CodeIgniter\Database\BaseBuilder->get()
 4 SYSTEMPATH/BaseModel.php(624): CodeIgniter\Model->doFindAll()
 5 APPPATH/Controllers/Home.php(13): CodeIgniter\BaseModel->findAll()
 6 SYSTEMPATH/CodeIgniter.php(942): App\Controllers\Home->index()
 7 SYSTEMPATH/CodeIgniter.php(502): CodeIgniter\CodeIgniter->runController()
 8 SYSTEMPATH/CodeIgniter.php(361): CodeIgniter\CodeIgniter->handleRequest()
 9 FCPATH/index.php(79): CodeIgniter\CodeIgniter->run()
ERROR - 2025-05-27 07:32:45 --> Error connecting to the database: mysqli_sql_exception: Access denied for user '927597906_koperasi'@'localhost' (using password: YES) in /home/u927597906/domains/kantin.darulhijrah.in/public_html/koperasi/system/Database/MySQLi/Connection.php:184
Stack trace:
#0 /home/u927597906/domains/kantin.darulhijrah.in/public_html/koperasi/system/Database/MySQLi/Connection.php(184): mysqli->real_connect()
#1 /home/u927597906/domains/kantin.darulhijrah.in/public_html/koperasi/system/Database/BaseConnection.php(392): CodeIgniter\Database\MySQLi\Connection->connect()
#2 /home/u927597906/domains/kantin.darulhijrah.in/public_html/koperasi/system/Database/BaseConnection.php(575): CodeIgniter\Database\BaseConnection->initialize()
#3 /home/u927597906/domains/kantin.darulhijrah.in/public_html/koperasi/system/Database/BaseBuilder.php(1615): CodeIgniter\Database\BaseConnection->query()
#4 /home/u927597906/domains/kantin.darulhijrah.in/public_html/koperasi/system/Model.php(237): CodeIgniter\Database\BaseBuilder->get()
#5 /home/u927597906/domains/kantin.darulhijrah.in/public_html/koperasi/system/BaseModel.php(624): CodeIgniter\Model->doFindAll()
#6 /home/u927597906/domains/kantin.darulhijrah.in/public_html/koperasi/app/Controllers/Home.php(13): CodeIgniter\BaseModel->findAll()
#7 /home/u927597906/domains/kantin.darulhijrah.in/public_html/koperasi/system/CodeIgniter.php(942): App\Controllers\Home->index()
#8 /home/u927597906/domains/kantin.darulhijrah.in/public_html/koperasi/system/CodeIgniter.php(502): CodeIgniter\CodeIgniter->runController()
#9 /home/u927597906/domains/kantin.darulhijrah.in/public_html/koperasi/system/CodeIgniter.php(361): CodeIgniter\CodeIgniter->handleRequest()
#10 /home/u927597906/domains/kantin.darulhijrah.in/public_html/koperasi/public/index.php(79): CodeIgniter\CodeIgniter->run()
#11 {main}

Next CodeIgniter\Database\Exceptions\DatabaseException: Access denied for user '****'@'localhost' (using password: YES) in /home/u927597906/domains/kantin.darulhijrah.in/public_html/koperasi/system/Database/MySQLi/Connection.php:229
Stack trace:
#0 /home/u927597906/domains/kantin.darulhijrah.in/public_html/koperasi/system/Database/BaseConnection.php(392): CodeIgniter\Database\MySQLi\Connection->connect()
#1 /home/u927597906/domains/kantin.darulhijrah.in/public_html/koperasi/system/Database/BaseConnection.php(575): CodeIgniter\Database\BaseConnection->initialize()
#2 /home/u927597906/domains/kantin.darulhijrah.in/public_html/koperasi/system/Database/BaseBuilder.php(1615): CodeIgniter\Database\BaseConnection->query()
#3 /home/u927597906/domains/kantin.darulhijrah.in/public_html/koperasi/system/Model.php(237): CodeIgniter\Database\BaseBuilder->get()
#4 /home/u927597906/domains/kantin.darulhijrah.in/public_html/koperasi/system/BaseModel.php(624): CodeIgniter\Model->doFindAll()
#5 /home/u927597906/domains/kantin.darulhijrah.in/public_html/koperasi/app/Controllers/Home.php(13): CodeIgniter\BaseModel->findAll()
#6 /home/u927597906/domains/kantin.darulhijrah.in/public_html/koperasi/system/CodeIgniter.php(942): App\Controllers\Home->index()
#7 /home/u927597906/domains/kantin.darulhijrah.in/public_html/koperasi/system/CodeIgniter.php(502): CodeIgniter\CodeIgniter->runController()
#8 /home/u927597906/domains/kantin.darulhijrah.in/public_html/koperasi/system/CodeIgniter.php(361): CodeIgniter\CodeIgniter->handleRequest()
#9 /home/u927597906/domains/kantin.darulhijrah.in/public_html/koperasi/public/index.php(79): CodeIgniter\CodeIgniter->run()
#10 {main}
CRITICAL - 2025-05-27 07:32:45 --> Unable to connect to the database.
Main connection [MySQLi]: Access denied for user '****'@'localhost' (using password: YES)
in SYSTEMPATH/Database/BaseConnection.php on line 428.
 1 SYSTEMPATH/Database/BaseConnection.php(575): CodeIgniter\Database\BaseConnection->initialize()
 2 SYSTEMPATH/Database/BaseBuilder.php(1615): CodeIgniter\Database\BaseConnection->query()
 3 SYSTEMPATH/Model.php(237): CodeIgniter\Database\BaseBuilder->get()
 4 SYSTEMPATH/BaseModel.php(624): CodeIgniter\Model->doFindAll()
 5 APPPATH/Controllers/Home.php(13): CodeIgniter\BaseModel->findAll()
 6 SYSTEMPATH/CodeIgniter.php(942): App\Controllers\Home->index()
 7 SYSTEMPATH/CodeIgniter.php(502): CodeIgniter\CodeIgniter->runController()
 8 SYSTEMPATH/CodeIgniter.php(361): CodeIgniter\CodeIgniter->handleRequest()
 9 FCPATH/index.php(79): CodeIgniter\CodeIgniter->run()
ERROR - 2025-05-27 07:32:47 --> Error connecting to the database: mysqli_sql_exception: Access denied for user '927597906_koperasi'@'localhost' (using password: YES) in /home/u927597906/domains/kantin.darulhijrah.in/public_html/koperasi/system/Database/MySQLi/Connection.php:184
Stack trace:
#0 /home/u927597906/domains/kantin.darulhijrah.in/public_html/koperasi/system/Database/MySQLi/Connection.php(184): mysqli->real_connect()
#1 /home/u927597906/domains/kantin.darulhijrah.in/public_html/koperasi/system/Database/BaseConnection.php(392): CodeIgniter\Database\MySQLi\Connection->connect()
#2 /home/u927597906/domains/kantin.darulhijrah.in/public_html/koperasi/system/Database/BaseConnection.php(575): CodeIgniter\Database\BaseConnection->initialize()
#3 /home/u927597906/domains/kantin.darulhijrah.in/public_html/koperasi/system/Database/BaseBuilder.php(1615): CodeIgniter\Database\BaseConnection->query()
#4 /home/u927597906/domains/kantin.darulhijrah.in/public_html/koperasi/system/Model.php(237): CodeIgniter\Database\BaseBuilder->get()
#5 /home/u927597906/domains/kantin.darulhijrah.in/public_html/koperasi/system/BaseModel.php(624): CodeIgniter\Model->doFindAll()
#6 /home/u927597906/domains/kantin.darulhijrah.in/public_html/koperasi/app/Controllers/Home.php(13): CodeIgniter\BaseModel->findAll()
#7 /home/u927597906/domains/kantin.darulhijrah.in/public_html/koperasi/system/CodeIgniter.php(942): App\Controllers\Home->index()
#8 /home/u927597906/domains/kantin.darulhijrah.in/public_html/koperasi/system/CodeIgniter.php(502): CodeIgniter\CodeIgniter->runController()
#9 /home/u927597906/domains/kantin.darulhijrah.in/public_html/koperasi/system/CodeIgniter.php(361): CodeIgniter\CodeIgniter->handleRequest()
#10 /home/u927597906/domains/kantin.darulhijrah.in/public_html/koperasi/public/index.php(79): CodeIgniter\CodeIgniter->run()
#11 {main}

Next CodeIgniter\Database\Exceptions\DatabaseException: Access denied for user '****'@'localhost' (using password: YES) in /home/u927597906/domains/kantin.darulhijrah.in/public_html/koperasi/system/Database/MySQLi/Connection.php:229
Stack trace:
#0 /home/u927597906/domains/kantin.darulhijrah.in/public_html/koperasi/system/Database/BaseConnection.php(392): CodeIgniter\Database\MySQLi\Connection->connect()
#1 /home/u927597906/domains/kantin.darulhijrah.in/public_html/koperasi/system/Database/BaseConnection.php(575): CodeIgniter\Database\BaseConnection->initialize()
#2 /home/u927597906/domains/kantin.darulhijrah.in/public_html/koperasi/system/Database/BaseBuilder.php(1615): CodeIgniter\Database\BaseConnection->query()
#3 /home/u927597906/domains/kantin.darulhijrah.in/public_html/koperasi/system/Model.php(237): CodeIgniter\Database\BaseBuilder->get()
#4 /home/u927597906/domains/kantin.darulhijrah.in/public_html/koperasi/system/BaseModel.php(624): CodeIgniter\Model->doFindAll()
#5 /home/u927597906/domains/kantin.darulhijrah.in/public_html/koperasi/app/Controllers/Home.php(13): CodeIgniter\BaseModel->findAll()
#6 /home/u927597906/domains/kantin.darulhijrah.in/public_html/koperasi/system/CodeIgniter.php(942): App\Controllers\Home->index()
#7 /home/u927597906/domains/kantin.darulhijrah.in/public_html/koperasi/system/CodeIgniter.php(502): CodeIgniter\CodeIgniter->runController()
#8 /home/u927597906/domains/kantin.darulhijrah.in/public_html/koperasi/system/CodeIgniter.php(361): CodeIgniter\CodeIgniter->handleRequest()
#9 /home/u927597906/domains/kantin.darulhijrah.in/public_html/koperasi/public/index.php(79): CodeIgniter\CodeIgniter->run()
#10 {main}
CRITICAL - 2025-05-27 07:32:47 --> Unable to connect to the database.
Main connection [MySQLi]: Access denied for user '****'@'localhost' (using password: YES)
in SYSTEMPATH/Database/BaseConnection.php on line 428.
 1 SYSTEMPATH/Database/BaseConnection.php(575): CodeIgniter\Database\BaseConnection->initialize()
 2 SYSTEMPATH/Database/BaseBuilder.php(1615): CodeIgniter\Database\BaseConnection->query()
 3 SYSTEMPATH/Model.php(237): CodeIgniter\Database\BaseBuilder->get()
 4 SYSTEMPATH/BaseModel.php(624): CodeIgniter\Model->doFindAll()
 5 APPPATH/Controllers/Home.php(13): CodeIgniter\BaseModel->findAll()
 6 SYSTEMPATH/CodeIgniter.php(942): App\Controllers\Home->index()
 7 SYSTEMPATH/CodeIgniter.php(502): CodeIgniter\CodeIgniter->runController()
 8 SYSTEMPATH/CodeIgniter.php(361): CodeIgniter\CodeIgniter->handleRequest()
 9 FCPATH/index.php(79): CodeIgniter\CodeIgniter->run()
CRITICAL - 2025-05-27 07:33:42 --> Config\App::$baseURL is invalid.
in SYSTEMPATH/HTTP/SiteURI.php on line 199.
 1 SYSTEMPATH/HTTP/SiteURI.php(145): CodeIgniter\HTTP\SiteURI->normalizeBaseURL()
 2 SYSTEMPATH/HTTP/SiteURI.php(100): CodeIgniter\HTTP\SiteURI->determineBaseURL()
 3 SYSTEMPATH/HTTP/SiteURIFactory.php(224): CodeIgniter\HTTP\SiteURI->__construct()
 4 SYSTEMPATH/HTTP/SiteURIFactory.php(45): CodeIgniter\HTTP\SiteURIFactory->createURIFromRoutePath()
 5 SYSTEMPATH/Config/Services.php(799): CodeIgniter\HTTP\SiteURIFactory->createFromGlobals()
 6 SYSTEMPATH/Config/BaseService.php(258): CodeIgniter\Config\Services::uri()
 7 SYSTEMPATH/Config/BaseService.php(199): CodeIgniter\Config\BaseService::__callStatic()
 8 SYSTEMPATH/Config/Services.php(792): CodeIgniter\Config\BaseService::getSharedInstance()
 9 SYSTEMPATH/Config/BaseService.php(258): CodeIgniter\Config\Services::uri()
10 SYSTEMPATH/Config/Services.php(566): CodeIgniter\Config\BaseService::__callStatic()
11 SYSTEMPATH/Config/BaseService.php(258): CodeIgniter\Config\Services::incomingrequest()
12 SYSTEMPATH/Config/Services.php(524): CodeIgniter\Config\BaseService::__callStatic()
13 SYSTEMPATH/Config/BaseService.php(258): CodeIgniter\Config\Services::request()
14 SYSTEMPATH/Config/BaseService.php(199): CodeIgniter\Config\BaseService::__callStatic()
15 SYSTEMPATH/Config/Services.php(559): CodeIgniter\Config\BaseService::getSharedInstance()
16 SYSTEMPATH/Config/BaseService.php(258): CodeIgniter\Config\Services::incomingrequest()
17 SYSTEMPATH/Config/Services.php(539): CodeIgniter\Config\BaseService::__callStatic()
18 SYSTEMPATH/Config/BaseService.php(258): CodeIgniter\Config\Services::createRequest()
19 SYSTEMPATH/CodeIgniter.php(655): CodeIgniter\Config\BaseService::__callStatic()
20 SYSTEMPATH/CodeIgniter.php(355): CodeIgniter\CodeIgniter->getRequestObject()
21 FCPATH/index.php(79): CodeIgniter\CodeIgniter->run()
CRITICAL - 2025-05-27 07:33:42 --> Uncaught CodeIgniter\Exceptions\ConfigException: Config\App::$baseURL is invalid. in /home/u927597906/domains/kantin.darulhijrah.in/public_html/koperasi/system/HTTP/SiteURI.php:199
Stack trace:
#0 /home/u927597906/domains/kantin.darulhijrah.in/public_html/koperasi/system/HTTP/SiteURI.php(145): CodeIgniter\HTTP\SiteURI->normalizeBaseURL()
#1 /home/u927597906/domains/kantin.darulhijrah.in/public_html/koperasi/system/HTTP/SiteURI.php(100): CodeIgniter\HTTP\SiteURI->determineBaseURL()
#2 /home/u927597906/domains/kantin.darulhijrah.in/public_html/koperasi/system/HTTP/SiteURIFactory.php(224): CodeIgniter\HTTP\SiteURI->__construct()
#3 /home/u927597906/domains/kantin.darulhijrah.in/public_html/koperasi/system/HTTP/SiteURIFactory.php(45): CodeIgniter\HTTP\SiteURIFactory->createURIFromRoutePath()
#4 /home/u927597906/domains/kantin.darulhijrah.in/public_html/koperasi/system/Config/Services.php(799): CodeIgniter\HTTP\SiteURIFactory->createFromGlobals()
#5 /home/u927597906/domains/kantin.darulhijrah.in/public_html/koperasi/system/Config/BaseService.php(258): CodeIgniter\Config\Services::uri()
#6 /home/u927597906/domains/kantin.darulhijrah.in/public_html/koperasi/system/Config/BaseService.php(199): CodeIgniter\Config\BaseService::__callStatic()
#7 /home/u927597906/domains/kantin.darulhijrah.in/public_html/koperasi/system/Config/Services.php(792): CodeIgniter\Config\BaseService::getSharedInstance()
#8 /home/u927597906/domains/kantin.darulhijrah.in/public_html/koperasi/system/Config/BaseService.php(258): CodeIgniter\Config\Services::uri()
#9 /home/u927597906/domains/kantin.darulhijrah.in/public_html/koperasi/system/Config/Services.php(566): CodeIgniter\Config\BaseService::__callStatic()
#10 /home/u927597906/domains/kantin.darulhijrah.in/public_html/koperasi/system/Config/BaseService.php(258): CodeIgniter\Config\Services::incomingrequest()
#11 /home/u927597906/domains/kantin.darulhijrah.in/public_html/koperasi/system/Config/Services.php(524): CodeIgniter\Config\BaseService::__callStatic()
#12 /home/u927597906/domains/kantin.darulhijrah.in/public_html/koperasi/system/Config/BaseService.php(258): CodeIgniter\Config\Services::request()
#13 /home/u927597906/domains/kantin.darulhijrah.in/public_html/koperasi/system/Config/BaseService.php(199): CodeIgniter\Config\BaseService::__callStatic()
#14 /home/u927597906/domains/kantin.darulhijrah.in/public_html/koperasi/system/Config/Services.php(520): CodeIgniter\Config\BaseService::getSharedInstance()
#15 /home/u927597906/domains/kantin.darulhijrah.in/public_html/koperasi/system/Config/BaseService.php(258): CodeIgniter\Config\Services::request()
#16 /home/u927597906/domains/kantin.darulhijrah.in/public_html/koperasi/system/Debug/Exceptions.php(137): CodeIgniter\Config\BaseService::__callStatic()
#17 [internal function]: CodeIgniter\Debug\Exceptions->exceptionHandler()
#18 {main}
  thrown
【Previous Exception】
CodeIgniter\Exceptions\ConfigException
Config\App::$baseURL is invalid.
#0 /home/u927597906/domains/kantin.darulhijrah.in/public_html/koperasi/system/HTTP/SiteURI.php(145): CodeIgniter\HTTP\SiteURI->normalizeBaseURL()
#1 /home/u927597906/domains/kantin.darulhijrah.in/public_html/koperasi/system/HTTP/SiteURI.php(100): CodeIgniter\HTTP\SiteURI->determineBaseURL()
#2 /home/u927597906/domains/kantin.darulhijrah.in/public_html/koperasi/system/HTTP/SiteURIFactory.php(224): CodeIgniter\HTTP\SiteURI->__construct()
#3 /home/u927597906/domains/kantin.darulhijrah.in/public_html/koperasi/system/HTTP/SiteURIFactory.php(45): CodeIgniter\HTTP\SiteURIFactory->createURIFromRoutePath()
#4 /home/u927597906/domains/kantin.darulhijrah.in/public_html/koperasi/system/Config/Services.php(799): CodeIgniter\HTTP\SiteURIFactory->createFromGlobals()
#5 /home/u927597906/domains/kantin.darulhijrah.in/public_html/koperasi/system/Config/BaseService.php(258): CodeIgniter\Config\Services::uri()
#6 /home/u927597906/domains/kantin.darulhijrah.in/public_html/koperasi/system/Config/BaseService.php(199): CodeIgniter\Config\BaseService::__callStatic()
#7 /home/u927597906/domains/kantin.darulhijrah.in/public_html/koperasi/system/Config/Services.php(792): CodeIgniter\Config\BaseService::getSharedInstance()
#8 /home/u927597906/domains/kantin.darulhijrah.in/public_html/koperasi/system/Config/BaseService.php(258): CodeIgniter\Config\Services::uri()
#9 /home/u927597906/domains/kantin.darulhijrah.in/public_html/koperasi/system/Config/Services.php(566): CodeIgniter\Config\BaseService::__callStatic()
#10 /home/u927597906/domains/kantin.darulhijrah.in/public_html/koperasi/system/Config/BaseService.php(258): CodeIgniter\Config\Services::incomingrequest()
#11 /home/u927597906/domains/kantin.darulhijrah.in/public_html/koperasi/system/Config/Services.php(524): CodeIgniter\Config\BaseService::__callStatic()
#12 /home/u927597906/domains/kantin.darulhijrah.in/public_html/koperasi/system/Config/BaseService.php(258): CodeIgniter\Config\Services::request()
#13 /home/u927597906/domains/kantin.darulhijrah.in/public_html/koperasi/system/Config/BaseService.php(199): CodeIgniter\Config\BaseService::__callStatic()
#14 /home/u927597906/domains/kantin.darulhijrah.in/public_html/koperasi/system/Config/Services.php(559): CodeIgniter\Config\BaseService::getSharedInstance()
#15 /home/u927597906/domains/kantin.darulhijrah.in/public_html/koperasi/system/Config/BaseService.php(258): CodeIgniter\Config\Services::incomingrequest()
#16 /home/u927597906/domains/kantin.darulhijrah.in/public_html/koperasi/system/Config/Services.php(539): CodeIgniter\Config\BaseService::__callStatic()
#17 /home/u927597906/domains/kantin.darulhijrah.in/public_html/koperasi/system/Config/BaseService.php(258): CodeIgniter\Config\Services::createRequest()
#18 /home/u927597906/domains/kantin.darulhijrah.in/public_html/koperasi/system/CodeIgniter.php(655): CodeIgniter\Config\BaseService::__callStatic()
#19 /home/u927597906/domains/kantin.darulhijrah.in/public_html/koperasi/system/CodeIgniter.php(355): CodeIgniter\CodeIgniter->getRequestObject()
#20 /home/u927597906/domains/kantin.darulhijrah.in/public_html/koperasi/public/index.php(79): CodeIgniter\CodeIgniter->run()
#21 {main}
in SYSTEMPATH/HTTP/SiteURI.php on line 199.
 1 [internal function]: CodeIgniter\Debug\Exceptions->shutdownHandler()
CRITICAL - 2025-05-27 07:35:51 --> Config\App::$baseURL is invalid.
in SYSTEMPATH/HTTP/SiteURI.php on line 199.
 1 SYSTEMPATH/HTTP/SiteURI.php(145): CodeIgniter\HTTP\SiteURI->normalizeBaseURL()
 2 SYSTEMPATH/HTTP/SiteURI.php(100): CodeIgniter\HTTP\SiteURI->determineBaseURL()
 3 SYSTEMPATH/HTTP/SiteURIFactory.php(224): CodeIgniter\HTTP\SiteURI->__construct()
 4 SYSTEMPATH/HTTP/SiteURIFactory.php(45): CodeIgniter\HTTP\SiteURIFactory->createURIFromRoutePath()
 5 SYSTEMPATH/Config/Services.php(799): CodeIgniter\HTTP\SiteURIFactory->createFromGlobals()
 6 SYSTEMPATH/Config/BaseService.php(258): CodeIgniter\Config\Services::uri()
 7 SYSTEMPATH/Config/BaseService.php(199): CodeIgniter\Config\BaseService::__callStatic()
 8 SYSTEMPATH/Config/Services.php(792): CodeIgniter\Config\BaseService::getSharedInstance()
 9 SYSTEMPATH/Config/BaseService.php(258): CodeIgniter\Config\Services::uri()
10 SYSTEMPATH/Config/Services.php(566): CodeIgniter\Config\BaseService::__callStatic()
11 SYSTEMPATH/Config/BaseService.php(258): CodeIgniter\Config\Services::incomingrequest()
12 SYSTEMPATH/Config/Services.php(524): CodeIgniter\Config\BaseService::__callStatic()
13 SYSTEMPATH/Config/BaseService.php(258): CodeIgniter\Config\Services::request()
14 SYSTEMPATH/Config/BaseService.php(199): CodeIgniter\Config\BaseService::__callStatic()
15 SYSTEMPATH/Config/Services.php(559): CodeIgniter\Config\BaseService::getSharedInstance()
16 SYSTEMPATH/Config/BaseService.php(258): CodeIgniter\Config\Services::incomingrequest()
17 SYSTEMPATH/Config/Services.php(539): CodeIgniter\Config\BaseService::__callStatic()
18 SYSTEMPATH/Config/BaseService.php(258): CodeIgniter\Config\Services::createRequest()
19 SYSTEMPATH/CodeIgniter.php(655): CodeIgniter\Config\BaseService::__callStatic()
20 SYSTEMPATH/CodeIgniter.php(355): CodeIgniter\CodeIgniter->getRequestObject()
21 FCPATH/index.php(79): CodeIgniter\CodeIgniter->run()
CRITICAL - 2025-05-27 07:35:51 --> Uncaught CodeIgniter\Exceptions\ConfigException: Config\App::$baseURL is invalid. in /home/u927597906/domains/kantin.darulhijrah.in/public_html/koperasi/system/HTTP/SiteURI.php:199
Stack trace:
#0 /home/u927597906/domains/kantin.darulhijrah.in/public_html/koperasi/system/HTTP/SiteURI.php(145): CodeIgniter\HTTP\SiteURI->normalizeBaseURL()
#1 /home/u927597906/domains/kantin.darulhijrah.in/public_html/koperasi/system/HTTP/SiteURI.php(100): CodeIgniter\HTTP\SiteURI->determineBaseURL()
#2 /home/u927597906/domains/kantin.darulhijrah.in/public_html/koperasi/system/HTTP/SiteURIFactory.php(224): CodeIgniter\HTTP\SiteURI->__construct()
#3 /home/u927597906/domains/kantin.darulhijrah.in/public_html/koperasi/system/HTTP/SiteURIFactory.php(45): CodeIgniter\HTTP\SiteURIFactory->createURIFromRoutePath()
#4 /home/u927597906/domains/kantin.darulhijrah.in/public_html/koperasi/system/Config/Services.php(799): CodeIgniter\HTTP\SiteURIFactory->createFromGlobals()
#5 /home/u927597906/domains/kantin.darulhijrah.in/public_html/koperasi/system/Config/BaseService.php(258): CodeIgniter\Config\Services::uri()
#6 /home/u927597906/domains/kantin.darulhijrah.in/public_html/koperasi/system/Config/BaseService.php(199): CodeIgniter\Config\BaseService::__callStatic()
#7 /home/u927597906/domains/kantin.darulhijrah.in/public_html/koperasi/system/Config/Services.php(792): CodeIgniter\Config\BaseService::getSharedInstance()
#8 /home/u927597906/domains/kantin.darulhijrah.in/public_html/koperasi/system/Config/BaseService.php(258): CodeIgniter\Config\Services::uri()
#9 /home/u927597906/domains/kantin.darulhijrah.in/public_html/koperasi/system/Config/Services.php(566): CodeIgniter\Config\BaseService::__callStatic()
#10 /home/u927597906/domains/kantin.darulhijrah.in/public_html/koperasi/system/Config/BaseService.php(258): CodeIgniter\Config\Services::incomingrequest()
#11 /home/u927597906/domains/kantin.darulhijrah.in/public_html/koperasi/system/Config/Services.php(524): CodeIgniter\Config\BaseService::__callStatic()
#12 /home/u927597906/domains/kantin.darulhijrah.in/public_html/koperasi/system/Config/BaseService.php(258): CodeIgniter\Config\Services::request()
#13 /home/u927597906/domains/kantin.darulhijrah.in/public_html/koperasi/system/Config/BaseService.php(199): CodeIgniter\Config\BaseService::__callStatic()
#14 /home/u927597906/domains/kantin.darulhijrah.in/public_html/koperasi/system/Config/Services.php(520): CodeIgniter\Config\BaseService::getSharedInstance()
#15 /home/u927597906/domains/kantin.darulhijrah.in/public_html/koperasi/system/Config/BaseService.php(258): CodeIgniter\Config\Services::request()
#16 /home/u927597906/domains/kantin.darulhijrah.in/public_html/koperasi/system/Debug/Exceptions.php(137): CodeIgniter\Config\BaseService::__callStatic()
#17 [internal function]: CodeIgniter\Debug\Exceptions->exceptionHandler()
#18 {main}
  thrown
【Previous Exception】
CodeIgniter\Exceptions\ConfigException
Config\App::$baseURL is invalid.
#0 /home/u927597906/domains/kantin.darulhijrah.in/public_html/koperasi/system/HTTP/SiteURI.php(145): CodeIgniter\HTTP\SiteURI->normalizeBaseURL()
#1 /home/u927597906/domains/kantin.darulhijrah.in/public_html/koperasi/system/HTTP/SiteURI.php(100): CodeIgniter\HTTP\SiteURI->determineBaseURL()
#2 /home/u927597906/domains/kantin.darulhijrah.in/public_html/koperasi/system/HTTP/SiteURIFactory.php(224): CodeIgniter\HTTP\SiteURI->__construct()
#3 /home/u927597906/domains/kantin.darulhijrah.in/public_html/koperasi/system/HTTP/SiteURIFactory.php(45): CodeIgniter\HTTP\SiteURIFactory->createURIFromRoutePath()
#4 /home/u927597906/domains/kantin.darulhijrah.in/public_html/koperasi/system/Config/Services.php(799): CodeIgniter\HTTP\SiteURIFactory->createFromGlobals()
#5 /home/u927597906/domains/kantin.darulhijrah.in/public_html/koperasi/system/Config/BaseService.php(258): CodeIgniter\Config\Services::uri()
#6 /home/u927597906/domains/kantin.darulhijrah.in/public_html/koperasi/system/Config/BaseService.php(199): CodeIgniter\Config\BaseService::__callStatic()
#7 /home/u927597906/domains/kantin.darulhijrah.in/public_html/koperasi/system/Config/Services.php(792): CodeIgniter\Config\BaseService::getSharedInstance()
#8 /home/u927597906/domains/kantin.darulhijrah.in/public_html/koperasi/system/Config/BaseService.php(258): CodeIgniter\Config\Services::uri()
#9 /home/u927597906/domains/kantin.darulhijrah.in/public_html/koperasi/system/Config/Services.php(566): CodeIgniter\Config\BaseService::__callStatic()
#10 /home/u927597906/domains/kantin.darulhijrah.in/public_html/koperasi/system/Config/BaseService.php(258): CodeIgniter\Config\Services::incomingrequest()
#11 /home/u927597906/domains/kantin.darulhijrah.in/public_html/koperasi/system/Config/Services.php(524): CodeIgniter\Config\BaseService::__callStatic()
#12 /home/u927597906/domains/kantin.darulhijrah.in/public_html/koperasi/system/Config/BaseService.php(258): CodeIgniter\Config\Services::request()
#13 /home/u927597906/domains/kantin.darulhijrah.in/public_html/koperasi/system/Config/BaseService.php(199): CodeIgniter\Config\BaseService::__callStatic()
#14 /home/u927597906/domains/kantin.darulhijrah.in/public_html/koperasi/system/Config/Services.php(559): CodeIgniter\Config\BaseService::getSharedInstance()
#15 /home/u927597906/domains/kantin.darulhijrah.in/public_html/koperasi/system/Config/BaseService.php(258): CodeIgniter\Config\Services::incomingrequest()
#16 /home/u927597906/domains/kantin.darulhijrah.in/public_html/koperasi/system/Config/Services.php(539): CodeIgniter\Config\BaseService::__callStatic()
#17 /home/u927597906/domains/kantin.darulhijrah.in/public_html/koperasi/system/Config/BaseService.php(258): CodeIgniter\Config\Services::createRequest()
#18 /home/u927597906/domains/kantin.darulhijrah.in/public_html/koperasi/system/CodeIgniter.php(655): CodeIgniter\Config\BaseService::__callStatic()
#19 /home/u927597906/domains/kantin.darulhijrah.in/public_html/koperasi/system/CodeIgniter.php(355): CodeIgniter\CodeIgniter->getRequestObject()
#20 /home/u927597906/domains/kantin.darulhijrah.in/public_html/koperasi/public/index.php(79): CodeIgniter\CodeIgniter->run()
#21 {main}
in SYSTEMPATH/HTTP/SiteURI.php on line 199.
 1 [internal function]: CodeIgniter\Debug\Exceptions->shutdownHandler()
CRITICAL - 2025-05-27 07:35:53 --> Config\App::$baseURL is invalid.
in SYSTEMPATH/HTTP/SiteURI.php on line 199.
 1 SYSTEMPATH/HTTP/SiteURI.php(145): CodeIgniter\HTTP\SiteURI->normalizeBaseURL()
 2 SYSTEMPATH/HTTP/SiteURI.php(100): CodeIgniter\HTTP\SiteURI->determineBaseURL()
 3 SYSTEMPATH/HTTP/SiteURIFactory.php(224): CodeIgniter\HTTP\SiteURI->__construct()
 4 SYSTEMPATH/HTTP/SiteURIFactory.php(45): CodeIgniter\HTTP\SiteURIFactory->createURIFromRoutePath()
 5 SYSTEMPATH/Config/Services.php(799): CodeIgniter\HTTP\SiteURIFactory->createFromGlobals()
 6 SYSTEMPATH/Config/BaseService.php(258): CodeIgniter\Config\Services::uri()
 7 SYSTEMPATH/Config/BaseService.php(199): CodeIgniter\Config\BaseService::__callStatic()
 8 SYSTEMPATH/Config/Services.php(792): CodeIgniter\Config\BaseService::getSharedInstance()
 9 SYSTEMPATH/Config/BaseService.php(258): CodeIgniter\Config\Services::uri()
10 SYSTEMPATH/Config/Services.php(566): CodeIgniter\Config\BaseService::__callStatic()
11 SYSTEMPATH/Config/BaseService.php(258): CodeIgniter\Config\Services::incomingrequest()
12 SYSTEMPATH/Config/Services.php(524): CodeIgniter\Config\BaseService::__callStatic()
13 SYSTEMPATH/Config/BaseService.php(258): CodeIgniter\Config\Services::request()
14 SYSTEMPATH/Config/BaseService.php(199): CodeIgniter\Config\BaseService::__callStatic()
15 SYSTEMPATH/Config/Services.php(559): CodeIgniter\Config\BaseService::getSharedInstance()
16 SYSTEMPATH/Config/BaseService.php(258): CodeIgniter\Config\Services::incomingrequest()
17 SYSTEMPATH/Config/Services.php(539): CodeIgniter\Config\BaseService::__callStatic()
18 SYSTEMPATH/Config/BaseService.php(258): CodeIgniter\Config\Services::createRequest()
19 SYSTEMPATH/CodeIgniter.php(655): CodeIgniter\Config\BaseService::__callStatic()
20 SYSTEMPATH/CodeIgniter.php(355): CodeIgniter\CodeIgniter->getRequestObject()
21 FCPATH/index.php(79): CodeIgniter\CodeIgniter->run()
CRITICAL - 2025-05-27 07:35:53 --> Uncaught CodeIgniter\Exceptions\ConfigException: Config\App::$baseURL is invalid. in /home/u927597906/domains/kantin.darulhijrah.in/public_html/koperasi/system/HTTP/SiteURI.php:199
Stack trace:
#0 /home/u927597906/domains/kantin.darulhijrah.in/public_html/koperasi/system/HTTP/SiteURI.php(145): CodeIgniter\HTTP\SiteURI->normalizeBaseURL()
#1 /home/u927597906/domains/kantin.darulhijrah.in/public_html/koperasi/system/HTTP/SiteURI.php(100): CodeIgniter\HTTP\SiteURI->determineBaseURL()
#2 /home/u927597906/domains/kantin.darulhijrah.in/public_html/koperasi/system/HTTP/SiteURIFactory.php(224): CodeIgniter\HTTP\SiteURI->__construct()
#3 /home/u927597906/domains/kantin.darulhijrah.in/public_html/koperasi/system/HTTP/SiteURIFactory.php(45): CodeIgniter\HTTP\SiteURIFactory->createURIFromRoutePath()
#4 /home/u927597906/domains/kantin.darulhijrah.in/public_html/koperasi/system/Config/Services.php(799): CodeIgniter\HTTP\SiteURIFactory->createFromGlobals()
#5 /home/u927597906/domains/kantin.darulhijrah.in/public_html/koperasi/system/Config/BaseService.php(258): CodeIgniter\Config\Services::uri()
#6 /home/u927597906/domains/kantin.darulhijrah.in/public_html/koperasi/system/Config/BaseService.php(199): CodeIgniter\Config\BaseService::__callStatic()
#7 /home/u927597906/domains/kantin.darulhijrah.in/public_html/koperasi/system/Config/Services.php(792): CodeIgniter\Config\BaseService::getSharedInstance()
#8 /home/u927597906/domains/kantin.darulhijrah.in/public_html/koperasi/system/Config/BaseService.php(258): CodeIgniter\Config\Services::uri()
#9 /home/u927597906/domains/kantin.darulhijrah.in/public_html/koperasi/system/Config/Services.php(566): CodeIgniter\Config\BaseService::__callStatic()
#10 /home/u927597906/domains/kantin.darulhijrah.in/public_html/koperasi/system/Config/BaseService.php(258): CodeIgniter\Config\Services::incomingrequest()
#11 /home/u927597906/domains/kantin.darulhijrah.in/public_html/koperasi/system/Config/Services.php(524): CodeIgniter\Config\BaseService::__callStatic()
#12 /home/u927597906/domains/kantin.darulhijrah.in/public_html/koperasi/system/Config/BaseService.php(258): CodeIgniter\Config\Services::request()
#13 /home/u927597906/domains/kantin.darulhijrah.in/public_html/koperasi/system/Config/BaseService.php(199): CodeIgniter\Config\BaseService::__callStatic()
#14 /home/u927597906/domains/kantin.darulhijrah.in/public_html/koperasi/system/Config/Services.php(520): CodeIgniter\Config\BaseService::getSharedInstance()
#15 /home/u927597906/domains/kantin.darulhijrah.in/public_html/koperasi/system/Config/BaseService.php(258): CodeIgniter\Config\Services::request()
#16 /home/u927597906/domains/kantin.darulhijrah.in/public_html/koperasi/system/Debug/Exceptions.php(137): CodeIgniter\Config\BaseService::__callStatic()
#17 [internal function]: CodeIgniter\Debug\Exceptions->exceptionHandler()
#18 {main}
  thrown
【Previous Exception】
CodeIgniter\Exceptions\ConfigException
Config\App::$baseURL is invalid.
#0 /home/u927597906/domains/kantin.darulhijrah.in/public_html/koperasi/system/HTTP/SiteURI.php(145): CodeIgniter\HTTP\SiteURI->normalizeBaseURL()
#1 /home/u927597906/domains/kantin.darulhijrah.in/public_html/koperasi/system/HTTP/SiteURI.php(100): CodeIgniter\HTTP\SiteURI->determineBaseURL()
#2 /home/u927597906/domains/kantin.darulhijrah.in/public_html/koperasi/system/HTTP/SiteURIFactory.php(224): CodeIgniter\HTTP\SiteURI->__construct()
#3 /home/u927597906/domains/kantin.darulhijrah.in/public_html/koperasi/system/HTTP/SiteURIFactory.php(45): CodeIgniter\HTTP\SiteURIFactory->createURIFromRoutePath()
#4 /home/u927597906/domains/kantin.darulhijrah.in/public_html/koperasi/system/Config/Services.php(799): CodeIgniter\HTTP\SiteURIFactory->createFromGlobals()
#5 /home/u927597906/domains/kantin.darulhijrah.in/public_html/koperasi/system/Config/BaseService.php(258): CodeIgniter\Config\Services::uri()
#6 /home/u927597906/domains/kantin.darulhijrah.in/public_html/koperasi/system/Config/BaseService.php(199): CodeIgniter\Config\BaseService::__callStatic()
#7 /home/u927597906/domains/kantin.darulhijrah.in/public_html/koperasi/system/Config/Services.php(792): CodeIgniter\Config\BaseService::getSharedInstance()
#8 /home/u927597906/domains/kantin.darulhijrah.in/public_html/koperasi/system/Config/BaseService.php(258): CodeIgniter\Config\Services::uri()
#9 /home/u927597906/domains/kantin.darulhijrah.in/public_html/koperasi/system/Config/Services.php(566): CodeIgniter\Config\BaseService::__callStatic()
#10 /home/u927597906/domains/kantin.darulhijrah.in/public_html/koperasi/system/Config/BaseService.php(258): CodeIgniter\Config\Services::incomingrequest()
#11 /home/u927597906/domains/kantin.darulhijrah.in/public_html/koperasi/system/Config/Services.php(524): CodeIgniter\Config\BaseService::__callStatic()
#12 /home/u927597906/domains/kantin.darulhijrah.in/public_html/koperasi/system/Config/BaseService.php(258): CodeIgniter\Config\Services::request()
#13 /home/u927597906/domains/kantin.darulhijrah.in/public_html/koperasi/system/Config/BaseService.php(199): CodeIgniter\Config\BaseService::__callStatic()
#14 /home/u927597906/domains/kantin.darulhijrah.in/public_html/koperasi/system/Config/Services.php(559): CodeIgniter\Config\BaseService::getSharedInstance()
#15 /home/u927597906/domains/kantin.darulhijrah.in/public_html/koperasi/system/Config/BaseService.php(258): CodeIgniter\Config\Services::incomingrequest()
#16 /home/u927597906/domains/kantin.darulhijrah.in/public_html/koperasi/system/Config/Services.php(539): CodeIgniter\Config\BaseService::__callStatic()
#17 /home/u927597906/domains/kantin.darulhijrah.in/public_html/koperasi/system/Config/BaseService.php(258): CodeIgniter\Config\Services::createRequest()
#18 /home/u927597906/domains/kantin.darulhijrah.in/public_html/koperasi/system/CodeIgniter.php(655): CodeIgniter\Config\BaseService::__callStatic()
#19 /home/u927597906/domains/kantin.darulhijrah.in/public_html/koperasi/system/CodeIgniter.php(355): CodeIgniter\CodeIgniter->getRequestObject()
#20 /home/u927597906/domains/kantin.darulhijrah.in/public_html/koperasi/public/index.php(79): CodeIgniter\CodeIgniter->run()
#21 {main}
in SYSTEMPATH/HTTP/SiteURI.php on line 199.
 1 [internal function]: CodeIgniter\Debug\Exceptions->shutdownHandler()
CRITICAL - 2025-05-27 07:37:08 --> Config\App::$baseURL is invalid.
in SYSTEMPATH/HTTP/SiteURI.php on line 199.
 1 SYSTEMPATH/HTTP/SiteURI.php(145): CodeIgniter\HTTP\SiteURI->normalizeBaseURL()
 2 SYSTEMPATH/HTTP/SiteURI.php(100): CodeIgniter\HTTP\SiteURI->determineBaseURL()
 3 SYSTEMPATH/HTTP/SiteURIFactory.php(224): CodeIgniter\HTTP\SiteURI->__construct()
 4 SYSTEMPATH/HTTP/SiteURIFactory.php(45): CodeIgniter\HTTP\SiteURIFactory->createURIFromRoutePath()
 5 SYSTEMPATH/Config/Services.php(799): CodeIgniter\HTTP\SiteURIFactory->createFromGlobals()
 6 SYSTEMPATH/Config/BaseService.php(258): CodeIgniter\Config\Services::uri()
 7 SYSTEMPATH/Config/BaseService.php(199): CodeIgniter\Config\BaseService::__callStatic()
 8 SYSTEMPATH/Config/Services.php(792): CodeIgniter\Config\BaseService::getSharedInstance()
 9 SYSTEMPATH/Config/BaseService.php(258): CodeIgniter\Config\Services::uri()
10 SYSTEMPATH/Config/Services.php(566): CodeIgniter\Config\BaseService::__callStatic()
11 SYSTEMPATH/Config/BaseService.php(258): CodeIgniter\Config\Services::incomingrequest()
12 SYSTEMPATH/Config/Services.php(524): CodeIgniter\Config\BaseService::__callStatic()
13 SYSTEMPATH/Config/BaseService.php(258): CodeIgniter\Config\Services::request()
14 SYSTEMPATH/Config/BaseService.php(199): CodeIgniter\Config\BaseService::__callStatic()
15 SYSTEMPATH/Config/Services.php(559): CodeIgniter\Config\BaseService::getSharedInstance()
16 SYSTEMPATH/Config/BaseService.php(258): CodeIgniter\Config\Services::incomingrequest()
17 SYSTEMPATH/Config/Services.php(539): CodeIgniter\Config\BaseService::__callStatic()
18 SYSTEMPATH/Config/BaseService.php(258): CodeIgniter\Config\Services::createRequest()
19 SYSTEMPATH/CodeIgniter.php(655): CodeIgniter\Config\BaseService::__callStatic()
20 SYSTEMPATH/CodeIgniter.php(355): CodeIgniter\CodeIgniter->getRequestObject()
21 FCPATH/index.php(79): CodeIgniter\CodeIgniter->run()
CRITICAL - 2025-05-27 07:37:08 --> Uncaught CodeIgniter\Exceptions\ConfigException: Config\App::$baseURL is invalid. in /home/u927597906/domains/kantin.darulhijrah.in/public_html/koperasi/system/HTTP/SiteURI.php:199
Stack trace:
#0 /home/u927597906/domains/kantin.darulhijrah.in/public_html/koperasi/system/HTTP/SiteURI.php(145): CodeIgniter\HTTP\SiteURI->normalizeBaseURL()
#1 /home/u927597906/domains/kantin.darulhijrah.in/public_html/koperasi/system/HTTP/SiteURI.php(100): CodeIgniter\HTTP\SiteURI->determineBaseURL()
#2 /home/u927597906/domains/kantin.darulhijrah.in/public_html/koperasi/system/HTTP/SiteURIFactory.php(224): CodeIgniter\HTTP\SiteURI->__construct()
#3 /home/u927597906/domains/kantin.darulhijrah.in/public_html/koperasi/system/HTTP/SiteURIFactory.php(45): CodeIgniter\HTTP\SiteURIFactory->createURIFromRoutePath()
#4 /home/u927597906/domains/kantin.darulhijrah.in/public_html/koperasi/system/Config/Services.php(799): CodeIgniter\HTTP\SiteURIFactory->createFromGlobals()
#5 /home/u927597906/domains/kantin.darulhijrah.in/public_html/koperasi/system/Config/BaseService.php(258): CodeIgniter\Config\Services::uri()
#6 /home/u927597906/domains/kantin.darulhijrah.in/public_html/koperasi/system/Config/BaseService.php(199): CodeIgniter\Config\BaseService::__callStatic()
#7 /home/u927597906/domains/kantin.darulhijrah.in/public_html/koperasi/system/Config/Services.php(792): CodeIgniter\Config\BaseService::getSharedInstance()
#8 /home/u927597906/domains/kantin.darulhijrah.in/public_html/koperasi/system/Config/BaseService.php(258): CodeIgniter\Config\Services::uri()
#9 /home/u927597906/domains/kantin.darulhijrah.in/public_html/koperasi/system/Config/Services.php(566): CodeIgniter\Config\BaseService::__callStatic()
#10 /home/u927597906/domains/kantin.darulhijrah.in/public_html/koperasi/system/Config/BaseService.php(258): CodeIgniter\Config\Services::incomingrequest()
#11 /home/u927597906/domains/kantin.darulhijrah.in/public_html/koperasi/system/Config/Services.php(524): CodeIgniter\Config\BaseService::__callStatic()
#12 /home/u927597906/domains/kantin.darulhijrah.in/public_html/koperasi/system/Config/BaseService.php(258): CodeIgniter\Config\Services::request()
#13 /home/u927597906/domains/kantin.darulhijrah.in/public_html/koperasi/system/Config/BaseService.php(199): CodeIgniter\Config\BaseService::__callStatic()
#14 /home/u927597906/domains/kantin.darulhijrah.in/public_html/koperasi/system/Config/Services.php(520): CodeIgniter\Config\BaseService::getSharedInstance()
#15 /home/u927597906/domains/kantin.darulhijrah.in/public_html/koperasi/system/Config/BaseService.php(258): CodeIgniter\Config\Services::request()
#16 /home/u927597906/domains/kantin.darulhijrah.in/public_html/koperasi/system/Debug/Exceptions.php(137): CodeIgniter\Config\BaseService::__callStatic()
#17 [internal function]: CodeIgniter\Debug\Exceptions->exceptionHandler()
#18 {main}
  thrown
【Previous Exception】
CodeIgniter\Exceptions\ConfigException
Config\App::$baseURL is invalid.
#0 /home/u927597906/domains/kantin.darulhijrah.in/public_html/koperasi/system/HTTP/SiteURI.php(145): CodeIgniter\HTTP\SiteURI->normalizeBaseURL()
#1 /home/u927597906/domains/kantin.darulhijrah.in/public_html/koperasi/system/HTTP/SiteURI.php(100): CodeIgniter\HTTP\SiteURI->determineBaseURL()
#2 /home/u927597906/domains/kantin.darulhijrah.in/public_html/koperasi/system/HTTP/SiteURIFactory.php(224): CodeIgniter\HTTP\SiteURI->__construct()
#3 /home/u927597906/domains/kantin.darulhijrah.in/public_html/koperasi/system/HTTP/SiteURIFactory.php(45): CodeIgniter\HTTP\SiteURIFactory->createURIFromRoutePath()
#4 /home/u927597906/domains/kantin.darulhijrah.in/public_html/koperasi/system/Config/Services.php(799): CodeIgniter\HTTP\SiteURIFactory->createFromGlobals()
#5 /home/u927597906/domains/kantin.darulhijrah.in/public_html/koperasi/system/Config/BaseService.php(258): CodeIgniter\Config\Services::uri()
#6 /home/u927597906/domains/kantin.darulhijrah.in/public_html/koperasi/system/Config/BaseService.php(199): CodeIgniter\Config\BaseService::__callStatic()
#7 /home/u927597906/domains/kantin.darulhijrah.in/public_html/koperasi/system/Config/Services.php(792): CodeIgniter\Config\BaseService::getSharedInstance()
#8 /home/u927597906/domains/kantin.darulhijrah.in/public_html/koperasi/system/Config/BaseService.php(258): CodeIgniter\Config\Services::uri()
#9 /home/u927597906/domains/kantin.darulhijrah.in/public_html/koperasi/system/Config/Services.php(566): CodeIgniter\Config\BaseService::__callStatic()
#10 /home/u927597906/domains/kantin.darulhijrah.in/public_html/koperasi/system/Config/BaseService.php(258): CodeIgniter\Config\Services::incomingrequest()
#11 /home/u927597906/domains/kantin.darulhijrah.in/public_html/koperasi/system/Config/Services.php(524): CodeIgniter\Config\BaseService::__callStatic()
#12 /home/u927597906/domains/kantin.darulhijrah.in/public_html/koperasi/system/Config/BaseService.php(258): CodeIgniter\Config\Services::request()
#13 /home/u927597906/domains/kantin.darulhijrah.in/public_html/koperasi/system/Config/BaseService.php(199): CodeIgniter\Config\BaseService::__callStatic()
#14 /home/u927597906/domains/kantin.darulhijrah.in/public_html/koperasi/system/Config/Services.php(559): CodeIgniter\Config\BaseService::getSharedInstance()
#15 /home/u927597906/domains/kantin.darulhijrah.in/public_html/koperasi/system/Config/BaseService.php(258): CodeIgniter\Config\Services::incomingrequest()
#16 /home/u927597906/domains/kantin.darulhijrah.in/public_html/koperasi/system/Config/Services.php(539): CodeIgniter\Config\BaseService::__callStatic()
#17 /home/u927597906/domains/kantin.darulhijrah.in/public_html/koperasi/system/Config/BaseService.php(258): CodeIgniter\Config\Services::createRequest()
#18 /home/u927597906/domains/kantin.darulhijrah.in/public_html/koperasi/system/CodeIgniter.php(655): CodeIgniter\Config\BaseService::__callStatic()
#19 /home/u927597906/domains/kantin.darulhijrah.in/public_html/koperasi/system/CodeIgniter.php(355): CodeIgniter\CodeIgniter->getRequestObject()
#20 /home/u927597906/domains/kantin.darulhijrah.in/public_html/koperasi/public/index.php(79): CodeIgniter\CodeIgniter->run()
#21 {main}
in SYSTEMPATH/HTTP/SiteURI.php on line 199.
 1 [internal function]: CodeIgniter\Debug\Exceptions->shutdownHandler()
