ERROR - 2025-09-24 04:30:17 --> mysqli_sql_exception: Column 'catatan' cannot be null in /home/u927597906/domains/kantin.darulhijrah.in/system/Database/MySQLi/Connection.php:306
Stack trace:
#0 /home/u927597906/domains/kantin.darulhijrah.in/system/Database/MySQLi/Connection.php(306): mysqli->query()
#1 /home/u927597906/domains/kantin.darulhijrah.in/system/Database/BaseConnection.php(693): CodeIgniter\Database\MySQLi\Connection->execute()
#2 /home/u927597906/domains/kantin.darulhijrah.in/system/Database/BaseConnection.php(607): CodeIgniter\Database\BaseConnection->simpleQuery()
#3 /home/u927597906/domains/kantin.darulhijrah.in/system/Database/BaseBuilder.php(2308): CodeIgniter\Database\BaseConnection->query()
#4 /home/u927597906/domains/kantin.darulhijrah.in/system/Model.php(319): CodeIgniter\Database\BaseBuilder->insert()
#5 /home/u927597906/domains/kantin.darulhijrah.in/system/BaseModel.php(788): CodeIgniter\Model->doInsert()
#6 /home/u927597906/domains/kantin.darulhijrah.in/system/Model.php(715): CodeIgniter\BaseModel->insert()
#7 /home/u927597906/domains/kantin.darulhijrah.in/app/Controllers/Laporan.php(137): CodeIgniter\Model->insert()
#8 /home/u927597906/domains/kantin.darulhijrah.in/system/CodeIgniter.php(942): App\Controllers\Laporan->storeKeuangan()
#9 /home/u927597906/domains/kantin.darulhijrah.in/system/CodeIgniter.php(502): CodeIgniter\CodeIgniter->runController()
#10 /home/u927597906/domains/kantin.darulhijrah.in/system/CodeIgniter.php(361): CodeIgniter\CodeIgniter->handleRequest()
#11 /home/u927597906/domains/kantin.darulhijrah.in/public_html/index.php(79): CodeIgniter\CodeIgniter->run()
#12 {main}
CRITICAL - 2025-09-24 04:30:17 --> Column 'catatan' cannot be null
in SYSTEMPATH/Database/BaseConnection.php on line 647.
 1 SYSTEMPATH/Database/BaseBuilder.php(2308): CodeIgniter\Database\BaseConnection->query()
 2 SYSTEMPATH/Model.php(319): CodeIgniter\Database\BaseBuilder->insert()
 3 SYSTEMPATH/BaseModel.php(788): CodeIgniter\Model->doInsert()
 4 SYSTEMPATH/Model.php(715): CodeIgniter\BaseModel->insert()
 5 APPPATH/Controllers/Laporan.php(137): CodeIgniter\Model->insert()
 6 SYSTEMPATH/CodeIgniter.php(942): App\Controllers\Laporan->storeKeuangan()
 7 SYSTEMPATH/CodeIgniter.php(502): CodeIgniter\CodeIgniter->runController()
 8 SYSTEMPATH/CodeIgniter.php(361): CodeIgniter\CodeIgniter->handleRequest()
 9 FCPATH/index.php(79): CodeIgniter\CodeIgniter->run()
