CRITICAL - 2025-08-24 08:12:30 --> Class "App\Models\InvoiceModel" not found
in APPPATH/Controllers/InvoiceController.php on line 20.
 1 SYSTEMPATH/CodeIgniter.php(914): App\Controllers\InvoiceController->__construct()
 2 SYSTEMPATH/CodeIgniter.php(493): CodeIgniter\CodeIgniter->createController()
 3 SYSTEMPATH/CodeIgniter.php(361): CodeIgniter\CodeIgniter->handleRequest()
 4 FCPATH/index.php(79): CodeIgniter\CodeIgniter->run()
CRITICAL - 2025-08-24 08:13:48 --> Class "App\Models\InvoiceModel" not found
in APPPATH/Controllers/InvoiceController.php on line 20.
 1 SYSTEMPATH/CodeIgniter.php(914): App\Controllers\InvoiceController->__construct()
 2 SYSTEMPATH/CodeIgniter.php(493): CodeIgniter\CodeIgniter->createController()
 3 SYSTEMPATH/CodeIgniter.php(361): CodeIgniter\CodeIgniter->handleRequest()
 4 FCPATH/index.php(79): CodeIgniter\CodeIgniter->run()
CRITICAL - 2025-08-24 09:01:48 --> Cannot redeclare App\Controllers\InvoiceController::addPayment()
in APPPATH/Controllers/InvoiceController.php on line 160.
 1 [internal function]: CodeIgniter\Debug\Exceptions->shutdownHandler()
CRITICAL - 2025-08-24 09:02:07 --> Cannot redeclare App\Controllers\InvoiceController::addPayment()
in APPPATH/Controllers/InvoiceController.php on line 160.
 1 [internal function]: CodeIgniter\Debug\Exceptions->shutdownHandler()
CRITICAL - 2025-08-24 09:23:11 --> Call to undefined function baseUrl()
in APPPATH/Views/invoice/index.php on line 7.
 1 SYSTEMPATH/View/View.php(228): include()
 2 SYSTEMPATH/View/View.php(231): CodeIgniter\View\View->CodeIgniter\View\{closure}()
 3 SYSTEMPATH/Common.php(1190): CodeIgniter\View\View->render()
 4 APPPATH/Controllers/InvoiceController.php(31): view()
 5 SYSTEMPATH/CodeIgniter.php(942): App\Controllers\InvoiceController->index()
 6 SYSTEMPATH/CodeIgniter.php(502): CodeIgniter\CodeIgniter->runController()
 7 SYSTEMPATH/CodeIgniter.php(361): CodeIgniter\CodeIgniter->handleRequest()
 8 FCPATH/index.php(79): CodeIgniter\CodeIgniter->run()
