WARNING - 2025-04-17 03:25:16 --> [DEPRECATED] number_format(): Passing null to parameter #1 ($num) of type float is deprecated in APPPATH\Helpers\my_helpers.php on line 3.
 1 APPPATH\Helpers\my_helpers.php(3): number_format(null, 0, ',', '.')
 2 APPPATH\Views\pages\info.php(120): format_rupiah(null)
 3 SYSTEMPATH\View\View.php(228): include('C:\\xampp\\htdocs\\koperasi\\app\\Views\\pages\\info.php')
 4 SYSTEMPATH\View\View.php(231): CodeIgniter\View\View->CodeIgniter\View\{closure}()
 5 SYSTEMPATH\Common.php(1190): CodeIgniter\View\View->render('pages/info', [], true)
 6 APPPATH\Controllers\Home.php(34): view('pages/info', [...])
 7 SYSTEMPATH\CodeIgniter.php(942): App\Controllers\Home->info()
 8 SYSTEMPATH\CodeIgniter.php(502): CodeIgniter\CodeIgniter->runController(Object(App\Controllers\Home))
 9 SYSTEMPATH\CodeIgniter.php(361): CodeIgniter\CodeIgniter->handleRequest(null, Object(Config\Cache), false)
10 FCPATH\index.php(79): CodeIgniter\CodeIgniter->run()
WARNING - 2025-04-17 03:25:19 --> [DEPRECATED] number_format(): Passing null to parameter #1 ($num) of type float is deprecated in APPPATH\Helpers\my_helpers.php on line 3.
 1 APPPATH\Helpers\my_helpers.php(3): number_format(null, 0, ',', '.')
 2 APPPATH\Views\pages\info.php(120): format_rupiah(null)
 3 SYSTEMPATH\View\View.php(228): include('C:\\xampp\\htdocs\\koperasi\\app\\Views\\pages\\info.php')
 4 SYSTEMPATH\View\View.php(231): CodeIgniter\View\View->CodeIgniter\View\{closure}()
 5 SYSTEMPATH\Common.php(1190): CodeIgniter\View\View->render('pages/info', [], true)
 6 APPPATH\Controllers\Home.php(34): view('pages/info', [...])
 7 SYSTEMPATH\CodeIgniter.php(942): App\Controllers\Home->info()
 8 SYSTEMPATH\CodeIgniter.php(502): CodeIgniter\CodeIgniter->runController(Object(App\Controllers\Home))
 9 SYSTEMPATH\CodeIgniter.php(361): CodeIgniter\CodeIgniter->handleRequest(null, Object(Config\Cache), false)
10 FCPATH\index.php(79): CodeIgniter\CodeIgniter->run()
WARNING - 2025-04-17 03:25:34 --> [DEPRECATED] number_format(): Passing null to parameter #1 ($num) of type float is deprecated in APPPATH\Helpers\my_helpers.php on line 3.
 1 APPPATH\Helpers\my_helpers.php(3): number_format(null, 0, ',', '.')
 2 APPPATH\Views\pages\info.php(120): format_rupiah(null)
 3 SYSTEMPATH\View\View.php(228): include('C:\\xampp\\htdocs\\koperasi\\app\\Views\\pages\\info.php')
 4 SYSTEMPATH\View\View.php(231): CodeIgniter\View\View->CodeIgniter\View\{closure}()
 5 SYSTEMPATH\Common.php(1190): CodeIgniter\View\View->render('pages/info', [], true)
 6 APPPATH\Controllers\Home.php(34): view('pages/info', [...])
 7 SYSTEMPATH\CodeIgniter.php(942): App\Controllers\Home->info()
 8 SYSTEMPATH\CodeIgniter.php(502): CodeIgniter\CodeIgniter->runController(Object(App\Controllers\Home))
 9 SYSTEMPATH\CodeIgniter.php(361): CodeIgniter\CodeIgniter->handleRequest(null, Object(Config\Cache), false)
10 FCPATH\index.php(79): CodeIgniter\CodeIgniter->run()
WARNING - 2025-04-17 03:35:25 --> [DEPRECATED] number_format(): Passing null to parameter #1 ($num) of type float is deprecated in APPPATH\Helpers\my_helpers.php on line 3.
 1 APPPATH\Helpers\my_helpers.php(3): number_format(null, 0, ',', '.')
 2 APPPATH\Views\pages\info.php(120): format_rupiah(null)
 3 SYSTEMPATH\View\View.php(228): include('C:\\xampp\\htdocs\\koperasi\\app\\Views\\pages\\info.php')
 4 SYSTEMPATH\View\View.php(231): CodeIgniter\View\View->CodeIgniter\View\{closure}()
 5 SYSTEMPATH\Common.php(1190): CodeIgniter\View\View->render('pages/info', [], true)
 6 APPPATH\Controllers\Home.php(37): view('pages/info', [...])
 7 SYSTEMPATH\CodeIgniter.php(942): App\Controllers\Home->info()
 8 SYSTEMPATH\CodeIgniter.php(502): CodeIgniter\CodeIgniter->runController(Object(App\Controllers\Home))
 9 SYSTEMPATH\CodeIgniter.php(361): CodeIgniter\CodeIgniter->handleRequest(null, Object(Config\Cache), false)
10 FCPATH\index.php(79): CodeIgniter\CodeIgniter->run()
CRITICAL - 2025-04-17 03:35:52 --> Call to undefined function format_number()
in APPPATH\Views\pages\info.php on line 97.
 1 SYSTEMPATH\View\View.php(228): include()
 2 SYSTEMPATH\View\View.php(231): CodeIgniter\View\View->CodeIgniter\View\{closure}()
 3 SYSTEMPATH\Common.php(1190): CodeIgniter\View\View->render('pages/info', [], true)
 4 APPPATH\Controllers\Home.php(37): view('pages/info', [...])
 5 SYSTEMPATH\CodeIgniter.php(942): App\Controllers\Home->info()
 6 SYSTEMPATH\CodeIgniter.php(502): CodeIgniter\CodeIgniter->runController(Object(App\Controllers\Home))
 7 SYSTEMPATH\CodeIgniter.php(361): CodeIgniter\CodeIgniter->handleRequest(null, Object(Config\Cache), false)
 8 FCPATH\index.php(79): CodeIgniter\CodeIgniter->run()
WARNING - 2025-04-17 03:36:29 --> [DEPRECATED] number_format(): Passing null to parameter #1 ($num) of type float is deprecated in APPPATH\Helpers\my_helpers.php on line 3.
 1 APPPATH\Helpers\my_helpers.php(3): number_format(null, 0, ',', '.')
 2 APPPATH\Views\pages\info.php(120): format_rupiah(null)
 3 SYSTEMPATH\View\View.php(228): include('C:\\xampp\\htdocs\\koperasi\\app\\Views\\pages\\info.php')
 4 SYSTEMPATH\View\View.php(231): CodeIgniter\View\View->CodeIgniter\View\{closure}()
 5 SYSTEMPATH\Common.php(1190): CodeIgniter\View\View->render('pages/info', [], true)
 6 APPPATH\Controllers\Home.php(37): view('pages/info', [...])
 7 SYSTEMPATH\CodeIgniter.php(942): App\Controllers\Home->info()
 8 SYSTEMPATH\CodeIgniter.php(502): CodeIgniter\CodeIgniter->runController(Object(App\Controllers\Home))
 9 SYSTEMPATH\CodeIgniter.php(361): CodeIgniter\CodeIgniter->handleRequest(null, Object(Config\Cache), false)
10 FCPATH\index.php(79): CodeIgniter\CodeIgniter->run()
WARNING - 2025-04-17 03:37:52 --> [DEPRECATED] number_format(): Passing null to parameter #1 ($num) of type float is deprecated in APPPATH\Helpers\my_helpers.php on line 3.
 1 APPPATH\Helpers\my_helpers.php(3): number_format(null, 0, ',', '.')
 2 APPPATH\Views\pages\info.php(120): format_rupiah(null)
 3 SYSTEMPATH\View\View.php(228): include('C:\\xampp\\htdocs\\koperasi\\app\\Views\\pages\\info.php')
 4 SYSTEMPATH\View\View.php(231): CodeIgniter\View\View->CodeIgniter\View\{closure}()
 5 SYSTEMPATH\Common.php(1190): CodeIgniter\View\View->render('pages/info', [], true)
 6 APPPATH\Controllers\Home.php(37): view('pages/info', [...])
 7 SYSTEMPATH\CodeIgniter.php(942): App\Controllers\Home->info()
 8 SYSTEMPATH\CodeIgniter.php(502): CodeIgniter\CodeIgniter->runController(Object(App\Controllers\Home))
 9 SYSTEMPATH\CodeIgniter.php(361): CodeIgniter\CodeIgniter->handleRequest(null, Object(Config\Cache), false)
10 FCPATH\index.php(79): CodeIgniter\CodeIgniter->run()
WARNING - 2025-04-17 03:38:36 --> [DEPRECATED] number_format(): Passing null to parameter #1 ($num) of type float is deprecated in APPPATH\Helpers\my_helpers.php on line 3.
 1 APPPATH\Helpers\my_helpers.php(3): number_format(null, 0, ',', '.')
 2 APPPATH\Views\pages\info.php(120): format_rupiah(null)
 3 SYSTEMPATH\View\View.php(228): include('C:\\xampp\\htdocs\\koperasi\\app\\Views\\pages\\info.php')
 4 SYSTEMPATH\View\View.php(231): CodeIgniter\View\View->CodeIgniter\View\{closure}()
 5 SYSTEMPATH\Common.php(1190): CodeIgniter\View\View->render('pages/info', [], true)
 6 APPPATH\Controllers\Home.php(37): view('pages/info', [...])
 7 SYSTEMPATH\CodeIgniter.php(942): App\Controllers\Home->info()
 8 SYSTEMPATH\CodeIgniter.php(502): CodeIgniter\CodeIgniter->runController(Object(App\Controllers\Home))
 9 SYSTEMPATH\CodeIgniter.php(361): CodeIgniter\CodeIgniter->handleRequest(null, Object(Config\Cache), false)
10 FCPATH\index.php(79): CodeIgniter\CodeIgniter->run()
WARNING - 2025-04-17 03:40:34 --> [DEPRECATED] number_format(): Passing null to parameter #1 ($num) of type float is deprecated in APPPATH\Helpers\my_helpers.php on line 3.
 1 APPPATH\Helpers\my_helpers.php(3): number_format(null, 0, ',', '.')
 2 APPPATH\Views\pages\info.php(120): format_rupiah(null)
 3 SYSTEMPATH\View\View.php(228): include('C:\\xampp\\htdocs\\koperasi\\app\\Views\\pages\\info.php')
 4 SYSTEMPATH\View\View.php(231): CodeIgniter\View\View->CodeIgniter\View\{closure}()
 5 SYSTEMPATH\Common.php(1190): CodeIgniter\View\View->render('pages/info', [], true)
 6 APPPATH\Controllers\Home.php(37): view('pages/info', [...])
 7 SYSTEMPATH\CodeIgniter.php(942): App\Controllers\Home->info()
 8 SYSTEMPATH\CodeIgniter.php(502): CodeIgniter\CodeIgniter->runController(Object(App\Controllers\Home))
 9 SYSTEMPATH\CodeIgniter.php(361): CodeIgniter\CodeIgniter->handleRequest(null, Object(Config\Cache), false)
10 FCPATH\index.php(79): CodeIgniter\CodeIgniter->run()
WARNING - 2025-04-17 03:40:53 --> [DEPRECATED] number_format(): Passing null to parameter #1 ($num) of type float is deprecated in APPPATH\Helpers\my_helpers.php on line 3.
 1 APPPATH\Helpers\my_helpers.php(3): number_format(null, 0, ',', '.')
 2 APPPATH\Views\pages\info.php(120): format_rupiah(null)
 3 SYSTEMPATH\View\View.php(228): include('C:\\xampp\\htdocs\\koperasi\\app\\Views\\pages\\info.php')
 4 SYSTEMPATH\View\View.php(231): CodeIgniter\View\View->CodeIgniter\View\{closure}()
 5 SYSTEMPATH\Common.php(1190): CodeIgniter\View\View->render('pages/info', [], true)
 6 APPPATH\Controllers\Home.php(37): view('pages/info', [...])
 7 SYSTEMPATH\CodeIgniter.php(942): App\Controllers\Home->info()
 8 SYSTEMPATH\CodeIgniter.php(502): CodeIgniter\CodeIgniter->runController(Object(App\Controllers\Home))
 9 SYSTEMPATH\CodeIgniter.php(361): CodeIgniter\CodeIgniter->handleRequest(null, Object(Config\Cache), false)
10 FCPATH\index.php(79): CodeIgniter\CodeIgniter->run()
CRITICAL - 2025-04-17 03:41:59 --> Call to a member function where() on int
in APPPATH\Controllers\Home.php on line 30.
 1 SYSTEMPATH\CodeIgniter.php(942): App\Controllers\Home->info()
 2 SYSTEMPATH\CodeIgniter.php(502): CodeIgniter\CodeIgniter->runController(Object(App\Controllers\Home))
 3 SYSTEMPATH\CodeIgniter.php(361): CodeIgniter\CodeIgniter->handleRequest(null, Object(Config\Cache), false)
 4 FCPATH\index.php(79): CodeIgniter\CodeIgniter->run()
WARNING - 2025-04-17 03:42:12 --> [DEPRECATED] number_format(): Passing null to parameter #1 ($num) of type float is deprecated in APPPATH\Helpers\my_helpers.php on line 3.
 1 APPPATH\Helpers\my_helpers.php(3): number_format(null, 0, ',', '.')
 2 APPPATH\Views\pages\info.php(120): format_rupiah(null)
 3 SYSTEMPATH\View\View.php(228): include('C:\\xampp\\htdocs\\koperasi\\app\\Views\\pages\\info.php')
 4 SYSTEMPATH\View\View.php(231): CodeIgniter\View\View->CodeIgniter\View\{closure}()
 5 SYSTEMPATH\Common.php(1190): CodeIgniter\View\View->render('pages/info', [], true)
 6 APPPATH\Controllers\Home.php(37): view('pages/info', [...])
 7 SYSTEMPATH\CodeIgniter.php(942): App\Controllers\Home->info()
 8 SYSTEMPATH\CodeIgniter.php(502): CodeIgniter\CodeIgniter->runController(Object(App\Controllers\Home))
 9 SYSTEMPATH\CodeIgniter.php(361): CodeIgniter\CodeIgniter->handleRequest(null, Object(Config\Cache), false)
10 FCPATH\index.php(79): CodeIgniter\CodeIgniter->run()
WARNING - 2025-04-17 03:42:24 --> [DEPRECATED] number_format(): Passing null to parameter #1 ($num) of type float is deprecated in APPPATH\Helpers\my_helpers.php on line 3.
 1 APPPATH\Helpers\my_helpers.php(3): number_format(null, 0, ',', '.')
 2 APPPATH\Views\pages\info.php(97): format_rupiah(null)
 3 SYSTEMPATH\View\View.php(228): include('C:\\xampp\\htdocs\\koperasi\\app\\Views\\pages\\info.php')
 4 SYSTEMPATH\View\View.php(231): CodeIgniter\View\View->CodeIgniter\View\{closure}()
 5 SYSTEMPATH\Common.php(1190): CodeIgniter\View\View->render('pages/info', [], true)
 6 APPPATH\Controllers\Home.php(37): view('pages/info', [...])
 7 SYSTEMPATH\CodeIgniter.php(942): App\Controllers\Home->info()
 8 SYSTEMPATH\CodeIgniter.php(502): CodeIgniter\CodeIgniter->runController(Object(App\Controllers\Home))
 9 SYSTEMPATH\CodeIgniter.php(361): CodeIgniter\CodeIgniter->handleRequest(null, Object(Config\Cache), false)
10 FCPATH\index.php(79): CodeIgniter\CodeIgniter->run()
WARNING - 2025-04-17 03:42:24 --> [DEPRECATED] number_format(): Passing null to parameter #1 ($num) of type float is deprecated in APPPATH\Helpers\my_helpers.php on line 3.
 1 APPPATH\Helpers\my_helpers.php(3): number_format(null, 0, ',', '.')
 2 APPPATH\Views\pages\info.php(120): format_rupiah(null)
 3 SYSTEMPATH\View\View.php(228): include('C:\\xampp\\htdocs\\koperasi\\app\\Views\\pages\\info.php')
 4 SYSTEMPATH\View\View.php(231): CodeIgniter\View\View->CodeIgniter\View\{closure}()
 5 SYSTEMPATH\Common.php(1190): CodeIgniter\View\View->render('pages/info', [], true)
 6 APPPATH\Controllers\Home.php(37): view('pages/info', [...])
 7 SYSTEMPATH\CodeIgniter.php(942): App\Controllers\Home->info()
 8 SYSTEMPATH\CodeIgniter.php(502): CodeIgniter\CodeIgniter->runController(Object(App\Controllers\Home))
 9 SYSTEMPATH\CodeIgniter.php(361): CodeIgniter\CodeIgniter->handleRequest(null, Object(Config\Cache), false)
10 FCPATH\index.php(79): CodeIgniter\CodeIgniter->run()
CRITICAL - 2025-04-17 03:42:32 --> number_format(): Argument #1 ($num) must be of type float, array given
in APPPATH\Helpers\my_helpers.php on line 3.
 1 APPPATH\Helpers\my_helpers.php(3): number_format([...], 0, ',', '.')
 2 APPPATH\Views\pages\info.php(97): format_rupiah([...])
 3 SYSTEMPATH\View\View.php(228): include('C:\\xampp\\htdocs\\koperasi\\app\\Views\\pages\\info.php')
 4 SYSTEMPATH\View\View.php(231): CodeIgniter\View\View->CodeIgniter\View\{closure}()
 5 SYSTEMPATH\Common.php(1190): CodeIgniter\View\View->render('pages/info', [], true)
 6 APPPATH\Controllers\Home.php(37): view('pages/info', [...])
 7 SYSTEMPATH\CodeIgniter.php(942): App\Controllers\Home->info()
 8 SYSTEMPATH\CodeIgniter.php(502): CodeIgniter\CodeIgniter->runController(Object(App\Controllers\Home))
 9 SYSTEMPATH\CodeIgniter.php(361): CodeIgniter\CodeIgniter->handleRequest(null, Object(Config\Cache), false)
10 FCPATH\index.php(79): CodeIgniter\CodeIgniter->run()
CRITICAL - 2025-04-17 03:42:48 --> Array to string conversion
in APPPATH\Views\pages\info.php on line 97.
 1 APPPATH\Views\pages\info.php(97): CodeIgniter\Debug\Exceptions->errorHandler(2, 'Array to string conversion', 'C:\\xampp\\htdocs\\koperasi\\app\\Views\\pages\\info.php', 97)
 2 SYSTEMPATH\View\View.php(228): include('C:\\xampp\\htdocs\\koperasi\\app\\Views\\pages\\info.php')
 3 SYSTEMPATH\View\View.php(231): CodeIgniter\View\View->CodeIgniter\View\{closure}()
 4 SYSTEMPATH\Common.php(1190): CodeIgniter\View\View->render('pages/info', [], true)
 5 APPPATH\Controllers\Home.php(37): view('pages/info', [...])
 6 SYSTEMPATH\CodeIgniter.php(942): App\Controllers\Home->info()
 7 SYSTEMPATH\CodeIgniter.php(502): CodeIgniter\CodeIgniter->runController(Object(App\Controllers\Home))
 8 SYSTEMPATH\CodeIgniter.php(361): CodeIgniter\CodeIgniter->handleRequest(null, Object(Config\Cache), false)
 9 FCPATH\index.php(79): CodeIgniter\CodeIgniter->run()
WARNING - 2025-04-17 03:49:34 --> [DEPRECATED] number_format(): Passing null to parameter #1 ($num) of type float is deprecated in APPPATH\Helpers\my_helpers.php on line 3.
 1 APPPATH\Helpers\my_helpers.php(3): number_format(null, 0, ',', '.')
 2 APPPATH\Views\pages\info.php(120): format_rupiah(null)
 3 SYSTEMPATH\View\View.php(228): include('C:\\xampp\\htdocs\\koperasi\\app\\Views\\pages\\info.php')
 4 SYSTEMPATH\View\View.php(231): CodeIgniter\View\View->CodeIgniter\View\{closure}()
 5 SYSTEMPATH\Common.php(1190): CodeIgniter\View\View->render('pages/info', [], true)
 6 APPPATH\Controllers\Home.php(38): view('pages/info', [...])
 7 SYSTEMPATH\CodeIgniter.php(942): App\Controllers\Home->info()
 8 SYSTEMPATH\CodeIgniter.php(502): CodeIgniter\CodeIgniter->runController(Object(App\Controllers\Home))
 9 SYSTEMPATH\CodeIgniter.php(361): CodeIgniter\CodeIgniter->handleRequest(null, Object(Config\Cache), false)
10 FCPATH\index.php(79): CodeIgniter\CodeIgniter->run()
CRITICAL - 2025-04-17 03:49:56 --> Unsupported operand types: array - int
in APPPATH\Controllers\Home.php on line 26.
 1 SYSTEMPATH\CodeIgniter.php(942): App\Controllers\Home->info()
 2 SYSTEMPATH\CodeIgniter.php(502): CodeIgniter\CodeIgniter->runController(Object(App\Controllers\Home))
 3 SYSTEMPATH\CodeIgniter.php(361): CodeIgniter\CodeIgniter->handleRequest(null, Object(Config\Cache), false)
 4 FCPATH\index.php(79): CodeIgniter\CodeIgniter->run()
WARNING - 2025-04-17 03:50:20 --> [DEPRECATED] number_format(): Passing null to parameter #1 ($num) of type float is deprecated in APPPATH\Helpers\my_helpers.php on line 3.
 1 APPPATH\Helpers\my_helpers.php(3): number_format(null, 0, ',', '.')
 2 APPPATH\Views\pages\info.php(120): format_rupiah(null)
 3 SYSTEMPATH\View\View.php(228): include('C:\\xampp\\htdocs\\koperasi\\app\\Views\\pages\\info.php')
 4 SYSTEMPATH\View\View.php(231): CodeIgniter\View\View->CodeIgniter\View\{closure}()
 5 SYSTEMPATH\Common.php(1190): CodeIgniter\View\View->render('pages/info', [], true)
 6 APPPATH\Controllers\Home.php(38): view('pages/info', [...])
 7 SYSTEMPATH\CodeIgniter.php(942): App\Controllers\Home->info()
 8 SYSTEMPATH\CodeIgniter.php(502): CodeIgniter\CodeIgniter->runController(Object(App\Controllers\Home))
 9 SYSTEMPATH\CodeIgniter.php(361): CodeIgniter\CodeIgniter->handleRequest(null, Object(Config\Cache), false)
10 FCPATH\index.php(79): CodeIgniter\CodeIgniter->run()
WARNING - 2025-04-17 03:51:04 --> [DEPRECATED] number_format(): Passing null to parameter #1 ($num) of type float is deprecated in APPPATH\Helpers\my_helpers.php on line 3.
 1 APPPATH\Helpers\my_helpers.php(3): number_format(null, 0, ',', '.')
 2 APPPATH\Views\pages\info.php(120): format_rupiah(null)
 3 SYSTEMPATH\View\View.php(228): include('C:\\xampp\\htdocs\\koperasi\\app\\Views\\pages\\info.php')
 4 SYSTEMPATH\View\View.php(231): CodeIgniter\View\View->CodeIgniter\View\{closure}()
 5 SYSTEMPATH\Common.php(1190): CodeIgniter\View\View->render('pages/info', [], true)
 6 APPPATH\Controllers\Home.php(38): view('pages/info', [...])
 7 SYSTEMPATH\CodeIgniter.php(942): App\Controllers\Home->info()
 8 SYSTEMPATH\CodeIgniter.php(502): CodeIgniter\CodeIgniter->runController(Object(App\Controllers\Home))
 9 SYSTEMPATH\CodeIgniter.php(361): CodeIgniter\CodeIgniter->handleRequest(null, Object(Config\Cache), false)
10 FCPATH\index.php(79): CodeIgniter\CodeIgniter->run()
WARNING - 2025-04-17 03:51:59 --> [DEPRECATED] number_format(): Passing null to parameter #1 ($num) of type float is deprecated in APPPATH\Helpers\my_helpers.php on line 3.
 1 APPPATH\Helpers\my_helpers.php(3): number_format(null, 0, ',', '.')
 2 APPPATH\Views\pages\info.php(120): format_rupiah(null)
 3 SYSTEMPATH\View\View.php(228): include('C:\\xampp\\htdocs\\koperasi\\app\\Views\\pages\\info.php')
 4 SYSTEMPATH\View\View.php(231): CodeIgniter\View\View->CodeIgniter\View\{closure}()
 5 SYSTEMPATH\Common.php(1190): CodeIgniter\View\View->render('pages/info', [], true)
 6 APPPATH\Controllers\Home.php(38): view('pages/info', [...])
 7 SYSTEMPATH\CodeIgniter.php(942): App\Controllers\Home->info()
 8 SYSTEMPATH\CodeIgniter.php(502): CodeIgniter\CodeIgniter->runController(Object(App\Controllers\Home))
 9 SYSTEMPATH\CodeIgniter.php(361): CodeIgniter\CodeIgniter->handleRequest(null, Object(Config\Cache), false)
10 FCPATH\index.php(79): CodeIgniter\CodeIgniter->run()
WARNING - 2025-04-17 03:52:22 --> [DEPRECATED] number_format(): Passing null to parameter #1 ($num) of type float is deprecated in APPPATH\Helpers\my_helpers.php on line 3.
 1 APPPATH\Helpers\my_helpers.php(3): number_format(null, 0, ',', '.')
 2 APPPATH\Views\pages\info.php(120): format_rupiah(null)
 3 SYSTEMPATH\View\View.php(228): include('C:\\xampp\\htdocs\\koperasi\\app\\Views\\pages\\info.php')
 4 SYSTEMPATH\View\View.php(231): CodeIgniter\View\View->CodeIgniter\View\{closure}()
 5 SYSTEMPATH\Common.php(1190): CodeIgniter\View\View->render('pages/info', [], true)
 6 APPPATH\Controllers\Home.php(37): view('pages/info', [...])
 7 SYSTEMPATH\CodeIgniter.php(942): App\Controllers\Home->info()
 8 SYSTEMPATH\CodeIgniter.php(502): CodeIgniter\CodeIgniter->runController(Object(App\Controllers\Home))
 9 SYSTEMPATH\CodeIgniter.php(361): CodeIgniter\CodeIgniter->handleRequest(null, Object(Config\Cache), false)
10 FCPATH\index.php(79): CodeIgniter\CodeIgniter->run()
WARNING - 2025-04-17 03:53:01 --> [DEPRECATED] number_format(): Passing null to parameter #1 ($num) of type float is deprecated in APPPATH\Helpers\my_helpers.php on line 3.
 1 APPPATH\Helpers\my_helpers.php(3): number_format(null, 0, ',', '.')
 2 APPPATH\Views\pages\info.php(124): format_rupiah(null)
 3 SYSTEMPATH\View\View.php(228): include('C:\\xampp\\htdocs\\koperasi\\app\\Views\\pages\\info.php')
 4 SYSTEMPATH\View\View.php(231): CodeIgniter\View\View->CodeIgniter\View\{closure}()
 5 SYSTEMPATH\Common.php(1190): CodeIgniter\View\View->render('pages/info', [], true)
 6 APPPATH\Controllers\Home.php(37): view('pages/info', [...])
 7 SYSTEMPATH\CodeIgniter.php(942): App\Controllers\Home->info()
 8 SYSTEMPATH\CodeIgniter.php(502): CodeIgniter\CodeIgniter->runController(Object(App\Controllers\Home))
 9 SYSTEMPATH\CodeIgniter.php(361): CodeIgniter\CodeIgniter->handleRequest(null, Object(Config\Cache), false)
10 FCPATH\index.php(79): CodeIgniter\CodeIgniter->run()
WARNING - 2025-04-17 03:53:23 --> [DEPRECATED] number_format(): Passing null to parameter #1 ($num) of type float is deprecated in APPPATH\Helpers\my_helpers.php on line 3.
 1 APPPATH\Helpers\my_helpers.php(3): number_format(null, 0, ',', '.')
 2 APPPATH\Views\pages\info.php(128): format_rupiah(null)
 3 SYSTEMPATH\View\View.php(228): include('C:\\xampp\\htdocs\\koperasi\\app\\Views\\pages\\info.php')
 4 SYSTEMPATH\View\View.php(231): CodeIgniter\View\View->CodeIgniter\View\{closure}()
 5 SYSTEMPATH\Common.php(1190): CodeIgniter\View\View->render('pages/info', [], true)
 6 APPPATH\Controllers\Home.php(37): view('pages/info', [...])
 7 SYSTEMPATH\CodeIgniter.php(942): App\Controllers\Home->info()
 8 SYSTEMPATH\CodeIgniter.php(502): CodeIgniter\CodeIgniter->runController(Object(App\Controllers\Home))
 9 SYSTEMPATH\CodeIgniter.php(361): CodeIgniter\CodeIgniter->handleRequest(null, Object(Config\Cache), false)
10 FCPATH\index.php(79): CodeIgniter\CodeIgniter->run()
WARNING - 2025-04-17 03:53:37 --> [DEPRECATED] number_format(): Passing null to parameter #1 ($num) of type float is deprecated in APPPATH\Helpers\my_helpers.php on line 3.
 1 APPPATH\Helpers\my_helpers.php(3): number_format(null, 0, ',', '.')
 2 APPPATH\Views\pages\info.php(120): format_rupiah(null)
 3 SYSTEMPATH\View\View.php(228): include('C:\\xampp\\htdocs\\koperasi\\app\\Views\\pages\\info.php')
 4 SYSTEMPATH\View\View.php(231): CodeIgniter\View\View->CodeIgniter\View\{closure}()
 5 SYSTEMPATH\Common.php(1190): CodeIgniter\View\View->render('pages/info', [], true)
 6 APPPATH\Controllers\Home.php(37): view('pages/info', [...])
 7 SYSTEMPATH\CodeIgniter.php(942): App\Controllers\Home->info()
 8 SYSTEMPATH\CodeIgniter.php(502): CodeIgniter\CodeIgniter->runController(Object(App\Controllers\Home))
 9 SYSTEMPATH\CodeIgniter.php(361): CodeIgniter\CodeIgniter->handleRequest(null, Object(Config\Cache), false)
10 FCPATH\index.php(79): CodeIgniter\CodeIgniter->run()
WARNING - 2025-04-17 03:54:27 --> [DEPRECATED] number_format(): Passing null to parameter #1 ($num) of type float is deprecated in APPPATH\Helpers\my_helpers.php on line 3.
 1 APPPATH\Helpers\my_helpers.php(3): number_format(null, 0, ',', '.')
 2 APPPATH\Views\pages\info.php(132): format_rupiah(null)
 3 SYSTEMPATH\View\View.php(228): include('C:\\xampp\\htdocs\\koperasi\\app\\Views\\pages\\info.php')
 4 SYSTEMPATH\View\View.php(231): CodeIgniter\View\View->CodeIgniter\View\{closure}()
 5 SYSTEMPATH\Common.php(1190): CodeIgniter\View\View->render('pages/info', [], true)
 6 APPPATH\Controllers\Home.php(37): view('pages/info', [...])
 7 SYSTEMPATH\CodeIgniter.php(942): App\Controllers\Home->info()
 8 SYSTEMPATH\CodeIgniter.php(502): CodeIgniter\CodeIgniter->runController(Object(App\Controllers\Home))
 9 SYSTEMPATH\CodeIgniter.php(361): CodeIgniter\CodeIgniter->handleRequest(null, Object(Config\Cache), false)
10 FCPATH\index.php(79): CodeIgniter\CodeIgniter->run()
WARNING - 2025-04-17 03:55:05 --> [DEPRECATED] number_format(): Passing null to parameter #1 ($num) of type float is deprecated in APPPATH\Helpers\my_helpers.php on line 3.
 1 APPPATH\Helpers\my_helpers.php(3): number_format(null, 0, ',', '.')
 2 APPPATH\Views\pages\info.php(135): format_rupiah(null)
 3 SYSTEMPATH\View\View.php(228): include('C:\\xampp\\htdocs\\koperasi\\app\\Views\\pages\\info.php')
 4 SYSTEMPATH\View\View.php(231): CodeIgniter\View\View->CodeIgniter\View\{closure}()
 5 SYSTEMPATH\Common.php(1190): CodeIgniter\View\View->render('pages/info', [], true)
 6 APPPATH\Controllers\Home.php(37): view('pages/info', [...])
 7 SYSTEMPATH\CodeIgniter.php(942): App\Controllers\Home->info()
 8 SYSTEMPATH\CodeIgniter.php(502): CodeIgniter\CodeIgniter->runController(Object(App\Controllers\Home))
 9 SYSTEMPATH\CodeIgniter.php(361): CodeIgniter\CodeIgniter->handleRequest(null, Object(Config\Cache), false)
10 FCPATH\index.php(79): CodeIgniter\CodeIgniter->run()
WARNING - 2025-04-17 03:55:49 --> [DEPRECATED] number_format(): Passing null to parameter #1 ($num) of type float is deprecated in APPPATH\Helpers\my_helpers.php on line 3.
 1 APPPATH\Helpers\my_helpers.php(3): number_format(null, 0, ',', '.')
 2 APPPATH\Views\pages\info.php(138): format_rupiah(null)
 3 SYSTEMPATH\View\View.php(228): include('C:\\xampp\\htdocs\\koperasi\\app\\Views\\pages\\info.php')
 4 SYSTEMPATH\View\View.php(231): CodeIgniter\View\View->CodeIgniter\View\{closure}()
 5 SYSTEMPATH\Common.php(1190): CodeIgniter\View\View->render('pages/info', [], true)
 6 APPPATH\Controllers\Home.php(37): view('pages/info', [...])
 7 SYSTEMPATH\CodeIgniter.php(942): App\Controllers\Home->info()
 8 SYSTEMPATH\CodeIgniter.php(502): CodeIgniter\CodeIgniter->runController(Object(App\Controllers\Home))
 9 SYSTEMPATH\CodeIgniter.php(361): CodeIgniter\CodeIgniter->handleRequest(null, Object(Config\Cache), false)
10 FCPATH\index.php(79): CodeIgniter\CodeIgniter->run()
WARNING - 2025-04-17 03:57:41 --> [DEPRECATED] number_format(): Passing null to parameter #1 ($num) of type float is deprecated in APPPATH\Helpers\my_helpers.php on line 3.
 1 APPPATH\Helpers\my_helpers.php(3): number_format(null, 0, ',', '.')
 2 APPPATH\Views\pages\info.php(138): format_rupiah(null)
 3 SYSTEMPATH\View\View.php(228): include('C:\\xampp\\htdocs\\koperasi\\app\\Views\\pages\\info.php')
 4 SYSTEMPATH\View\View.php(231): CodeIgniter\View\View->CodeIgniter\View\{closure}()
 5 SYSTEMPATH\Common.php(1190): CodeIgniter\View\View->render('pages/info', [], true)
 6 APPPATH\Controllers\Home.php(37): view('pages/info', [...])
 7 SYSTEMPATH\CodeIgniter.php(942): App\Controllers\Home->info()
 8 SYSTEMPATH\CodeIgniter.php(502): CodeIgniter\CodeIgniter->runController(Object(App\Controllers\Home))
 9 SYSTEMPATH\CodeIgniter.php(361): CodeIgniter\CodeIgniter->handleRequest(null, Object(Config\Cache), false)
10 FCPATH\index.php(79): CodeIgniter\CodeIgniter->run()
WARNING - 2025-04-17 03:58:09 --> [DEPRECATED] number_format(): Passing null to parameter #1 ($num) of type float is deprecated in APPPATH\Helpers\my_helpers.php on line 3.
 1 APPPATH\Helpers\my_helpers.php(3): number_format(null, 0, ',', '.')
 2 APPPATH\Views\pages\info.php(138): format_rupiah(null)
 3 SYSTEMPATH\View\View.php(228): include('C:\\xampp\\htdocs\\koperasi\\app\\Views\\pages\\info.php')
 4 SYSTEMPATH\View\View.php(231): CodeIgniter\View\View->CodeIgniter\View\{closure}()
 5 SYSTEMPATH\Common.php(1190): CodeIgniter\View\View->render('pages/info', [], true)
 6 APPPATH\Controllers\Home.php(37): view('pages/info', [...])
 7 SYSTEMPATH\CodeIgniter.php(942): App\Controllers\Home->info()
 8 SYSTEMPATH\CodeIgniter.php(502): CodeIgniter\CodeIgniter->runController(Object(App\Controllers\Home))
 9 SYSTEMPATH\CodeIgniter.php(361): CodeIgniter\CodeIgniter->handleRequest(null, Object(Config\Cache), false)
10 FCPATH\index.php(79): CodeIgniter\CodeIgniter->run()
WARNING - 2025-04-17 04:02:18 --> [DEPRECATED] number_format(): Passing null to parameter #1 ($num) of type float is deprecated in APPPATH\Helpers\my_helpers.php on line 3.
 1 APPPATH\Helpers\my_helpers.php(3): number_format(null, 0, ',', '.')
 2 APPPATH\Views\pages\info.php(136): format_rupiah(null)
 3 SYSTEMPATH\View\View.php(228): include('C:\\xampp\\htdocs\\koperasi\\app\\Views\\pages\\info.php')
 4 SYSTEMPATH\View\View.php(231): CodeIgniter\View\View->CodeIgniter\View\{closure}()
 5 SYSTEMPATH\Common.php(1190): CodeIgniter\View\View->render('pages/info', [], true)
 6 APPPATH\Controllers\Home.php(45): view('pages/info', [...])
 7 SYSTEMPATH\CodeIgniter.php(942): App\Controllers\Home->info()
 8 SYSTEMPATH\CodeIgniter.php(502): CodeIgniter\CodeIgniter->runController(Object(App\Controllers\Home))
 9 SYSTEMPATH\CodeIgniter.php(361): CodeIgniter\CodeIgniter->handleRequest(null, Object(Config\Cache), false)
10 FCPATH\index.php(79): CodeIgniter\CodeIgniter->run()
WARNING - 2025-04-17 04:04:17 --> [DEPRECATED] number_format(): Passing null to parameter #1 ($num) of type float is deprecated in APPPATH\Helpers\my_helpers.php on line 3.
 1 APPPATH\Helpers\my_helpers.php(3): number_format(null, 0, ',', '.')
 2 APPPATH\Views\pages\info.php(147): format_rupiah(null)
 3 SYSTEMPATH\View\View.php(228): include('C:\\xampp\\htdocs\\koperasi\\app\\Views\\pages\\info.php')
 4 SYSTEMPATH\View\View.php(231): CodeIgniter\View\View->CodeIgniter\View\{closure}()
 5 SYSTEMPATH\Common.php(1190): CodeIgniter\View\View->render('pages/info', [], true)
 6 APPPATH\Controllers\Home.php(45): view('pages/info', [...])
 7 SYSTEMPATH\CodeIgniter.php(942): App\Controllers\Home->info()
 8 SYSTEMPATH\CodeIgniter.php(502): CodeIgniter\CodeIgniter->runController(Object(App\Controllers\Home))
 9 SYSTEMPATH\CodeIgniter.php(361): CodeIgniter\CodeIgniter->handleRequest(null, Object(Config\Cache), false)
10 FCPATH\index.php(79): CodeIgniter\CodeIgniter->run()
WARNING - 2025-04-17 04:04:26 --> [DEPRECATED] number_format(): Passing null to parameter #1 ($num) of type float is deprecated in APPPATH\Helpers\my_helpers.php on line 3.
 1 APPPATH\Helpers\my_helpers.php(3): number_format(null, 0, ',', '.')
 2 APPPATH\Views\pages\info.php(147): format_rupiah(null)
 3 SYSTEMPATH\View\View.php(228): include('C:\\xampp\\htdocs\\koperasi\\app\\Views\\pages\\info.php')
 4 SYSTEMPATH\View\View.php(231): CodeIgniter\View\View->CodeIgniter\View\{closure}()
 5 SYSTEMPATH\Common.php(1190): CodeIgniter\View\View->render('pages/info', [], true)
 6 APPPATH\Controllers\Home.php(45): view('pages/info', [...])
 7 SYSTEMPATH\CodeIgniter.php(942): App\Controllers\Home->info()
 8 SYSTEMPATH\CodeIgniter.php(502): CodeIgniter\CodeIgniter->runController(Object(App\Controllers\Home))
 9 SYSTEMPATH\CodeIgniter.php(361): CodeIgniter\CodeIgniter->handleRequest(null, Object(Config\Cache), false)
10 FCPATH\index.php(79): CodeIgniter\CodeIgniter->run()
WARNING - 2025-04-17 04:05:05 --> [DEPRECATED] number_format(): Passing null to parameter #1 ($num) of type float is deprecated in APPPATH\Helpers\my_helpers.php on line 3.
 1 APPPATH\Helpers\my_helpers.php(3): number_format(null, 0, ',', '.')
 2 APPPATH\Views\pages\info.php(147): format_rupiah(null)
 3 SYSTEMPATH\View\View.php(228): include('C:\\xampp\\htdocs\\koperasi\\app\\Views\\pages\\info.php')
 4 SYSTEMPATH\View\View.php(231): CodeIgniter\View\View->CodeIgniter\View\{closure}()
 5 SYSTEMPATH\Common.php(1190): CodeIgniter\View\View->render('pages/info', [], true)
 6 APPPATH\Controllers\Home.php(45): view('pages/info', [...])
 7 SYSTEMPATH\CodeIgniter.php(942): App\Controllers\Home->info()
 8 SYSTEMPATH\CodeIgniter.php(502): CodeIgniter\CodeIgniter->runController(Object(App\Controllers\Home))
 9 SYSTEMPATH\CodeIgniter.php(361): CodeIgniter\CodeIgniter->handleRequest(null, Object(Config\Cache), false)
10 FCPATH\index.php(79): CodeIgniter\CodeIgniter->run()
WARNING - 2025-04-17 04:05:11 --> [DEPRECATED] number_format(): Passing null to parameter #1 ($num) of type float is deprecated in APPPATH\Helpers\my_helpers.php on line 3.
 1 APPPATH\Helpers\my_helpers.php(3): number_format(null, 0, ',', '.')
 2 APPPATH\Views\pages\info.php(147): format_rupiah(null)
 3 SYSTEMPATH\View\View.php(228): include('C:\\xampp\\htdocs\\koperasi\\app\\Views\\pages\\info.php')
 4 SYSTEMPATH\View\View.php(231): CodeIgniter\View\View->CodeIgniter\View\{closure}()
 5 SYSTEMPATH\Common.php(1190): CodeIgniter\View\View->render('pages/info', [], true)
 6 APPPATH\Controllers\Home.php(45): view('pages/info', [...])
 7 SYSTEMPATH\CodeIgniter.php(942): App\Controllers\Home->info()
 8 SYSTEMPATH\CodeIgniter.php(502): CodeIgniter\CodeIgniter->runController(Object(App\Controllers\Home))
 9 SYSTEMPATH\CodeIgniter.php(361): CodeIgniter\CodeIgniter->handleRequest(null, Object(Config\Cache), false)
10 FCPATH\index.php(79): CodeIgniter\CodeIgniter->run()
WARNING - 2025-04-17 04:06:51 --> [DEPRECATED] number_format(): Passing null to parameter #1 ($num) of type float is deprecated in APPPATH\Helpers\my_helpers.php on line 3.
 1 APPPATH\Helpers\my_helpers.php(3): number_format(null, 0, ',', '.')
 2 APPPATH\Views\pages\info.php(148): format_rupiah(null)
 3 SYSTEMPATH\View\View.php(228): include('C:\\xampp\\htdocs\\koperasi\\app\\Views\\pages\\info.php')
 4 SYSTEMPATH\View\View.php(231): CodeIgniter\View\View->CodeIgniter\View\{closure}()
 5 SYSTEMPATH\Common.php(1190): CodeIgniter\View\View->render('pages/info', [], true)
 6 APPPATH\Controllers\Home.php(45): view('pages/info', [...])
 7 SYSTEMPATH\CodeIgniter.php(942): App\Controllers\Home->info()
 8 SYSTEMPATH\CodeIgniter.php(502): CodeIgniter\CodeIgniter->runController(Object(App\Controllers\Home))
 9 SYSTEMPATH\CodeIgniter.php(361): CodeIgniter\CodeIgniter->handleRequest(null, Object(Config\Cache), false)
10 FCPATH\index.php(79): CodeIgniter\CodeIgniter->run()
WARNING - 2025-04-17 04:06:56 --> [DEPRECATED] number_format(): Passing null to parameter #1 ($num) of type float is deprecated in APPPATH\Helpers\my_helpers.php on line 3.
 1 APPPATH\Helpers\my_helpers.php(3): number_format(null, 0, ',', '.')
 2 APPPATH\Views\pages\info.php(148): format_rupiah(null)
 3 SYSTEMPATH\View\View.php(228): include('C:\\xampp\\htdocs\\koperasi\\app\\Views\\pages\\info.php')
 4 SYSTEMPATH\View\View.php(231): CodeIgniter\View\View->CodeIgniter\View\{closure}()
 5 SYSTEMPATH\Common.php(1190): CodeIgniter\View\View->render('pages/info', [], true)
 6 APPPATH\Controllers\Home.php(45): view('pages/info', [...])
 7 SYSTEMPATH\CodeIgniter.php(942): App\Controllers\Home->info()
 8 SYSTEMPATH\CodeIgniter.php(502): CodeIgniter\CodeIgniter->runController(Object(App\Controllers\Home))
 9 SYSTEMPATH\CodeIgniter.php(361): CodeIgniter\CodeIgniter->handleRequest(null, Object(Config\Cache), false)
10 FCPATH\index.php(79): CodeIgniter\CodeIgniter->run()
CRITICAL - 2025-04-17 04:09:49 --> Undefined variable $laba_laundry
in APPPATH\Views\pages\info.php on line 136.
 1 APPPATH\Views\pages\info.php(136): CodeIgniter\Debug\Exceptions->errorHandler(2, 'Undefined variable $laba_laundry', 'C:\\xampp\\htdocs\\koperasi\\app\\Views\\pages\\info.php', 136)
 2 SYSTEMPATH\View\View.php(228): include('C:\\xampp\\htdocs\\koperasi\\app\\Views\\pages\\info.php')
 3 SYSTEMPATH\View\View.php(231): CodeIgniter\View\View->CodeIgniter\View\{closure}()
 4 SYSTEMPATH\Common.php(1190): CodeIgniter\View\View->render('pages/info', [], true)
 5 APPPATH\Controllers\Home.php(42): view('pages/info', [...])
 6 SYSTEMPATH\CodeIgniter.php(942): App\Controllers\Home->info()
 7 SYSTEMPATH\CodeIgniter.php(502): CodeIgniter\CodeIgniter->runController(Object(App\Controllers\Home))
 8 SYSTEMPATH\CodeIgniter.php(361): CodeIgniter\CodeIgniter->handleRequest(null, Object(Config\Cache), false)
 9 FCPATH\index.php(79): CodeIgniter\CodeIgniter->run()
